4626
0
1
bdci-a 2
1
1
bhj-b 2
2
1
die-c 2
3
1
fii-d 2
4
2
g-e 2
bdfb-e 1
6
2
bddg-g 2
bdde-g 1
12
1
gbe-bc 2
13
1
dgf-bd 2
14
1
chj-be 2
15
1
bbea-bf 2
19
1
bcji-bj 2
20
2
ejj-ca 2
gbi-ca 1
21
1
fab-cb 2
22
1
cgd-cc 2
23
1
bebc-cd 2
24
1
ejj-ce 2
26
1
ieg-cg 2
32
1
fah-dc 2
33
1
fhe-dd 2
37
1
ea-dh 2
38
1
egj-di 2
40
1
bce-ea 2
41
1
di-eb 2
42
1
dca-ec 2
47
1
fe-eh 2
48
1
bgbf-ei 2
49
1
bhhi-ej 2
50
1
fg-fa 2
51
1
fh-fb 2
52
1
jb-fc 2
53
1
fg-fd 2
54
1
biad-fe 2
55
1
ej-ff 2
56
2
fb-fg 2
bgbf-fg 1
57
2
bbjj-fh 2
fa-fh 1
58
1
ceh-fi 2
59
1
bhhd-fj 2
60
1
bigd-ga 2
61
2
dha-gb 2
dhe-gb 1
63
1
bhfi-gd 2
64
1
bhfj-ge 2
65
1
bihi-gf 2
66
1
bigj-gg 2
70
1
gff-ha 2
71
1
bfbd-hb 2
81
1
dfe-ib 2
83
2
bhjf-id 2
bfia-id 1
84
1
cadh-ie 2
85
1
bhad-if 2
86
1
bfia-ig 2
87
1
bfei-ih 2
88
1
ih-ii 2
89
1
bach-ij 2
91
1
had-jb 2
92
1
fd-jc 2
99
1
chg-jj 2
100
2
bad-baa 2
bag-baa 1
102
1
bag-bac 2
103
1
fhf-bad 2
104
1
jj-bae 2
105
1
jj-baf 2
106
2
bbg-bag 2
hij-bag 1
108
1
gic-bai 2
109
1
bbji-baj 2
111
1
gcg-bbb 2
112
1
bbh-bbc 2
113
1
beaj-bbd 2
114
1
beba-bbe 2
115
1
bebf-bbf 2
116
1
bbd-bbg 2
117
1
baf-bbh 2
120
1
bdaj-bca 2
121
1
baaj-bcb 2
123
1
eb-bcd 2
124
1
bech-bce 2
126
1
befh-bcg 2
127
1
bace-bch 2
128
1
beac-bci 2
129
1
bbag-bcj 2
130
1
baae-bda 2
135
1
hhd-bdf 2
136
1
bdi-bdg 2
137
1
bdf-bdh 2
138
1
biac-bdi 2
141
2
bhhc-beb 2
fia-beb 1
142
1
bbga-bec 2
148
1
bdjb-bei 2
149
1
eja-bej 2
150
1
bdjd-bfa 2
151
1
bdjb-bfb 2
152
1
cac-bfc 2
153
2
ehh-bfd 2
bhje-bfd 1
154
2
bbai-bfe 2
bbbg-bfe 1
155
1
bege-bff 2
156
1
bejf-bfg 2
157
1
beii-bfh 2
159
1
bjdh-bfj 2
161
1
fef-bgb 2
162
1
bge-bgc 2
163
1
jdb-bgd 2
164
1
hdf-bge 2
165
1
dbi-bgf 2
166
1
cba-bgg 2
167
1
caj-bgh 2
168
1
dcb-bgi 2
169
1
bhib-bgj 2
170
1
bjci-bha 2
174
1
idi-bhe 2
177
1
bhe-bhh 2
178
1
a-bhi 2
179
1
hcf-bhj 2
182
1
bdbj-bic 2
183
1
ffb-bid 2
184
1
ecc-bie 2
185
1
bih-bif 2
186
1
bie-big 2
187
2
iab-bih 2
iag-bih 1
196
1
bghg-bjg 2
197
1
bbgd-bjh 2
198
1
cah-bji 2
199
1
iec-bjj 2
200
1
cch-caa 2
201
1
cec-cab 2
202
1
idj-cac 2
203
1
bfd-cad 2
207
1
bghc-cah 2
208
1
bjj-cai 2
209
1
bgf-caj 2
210
1
bgi-cba 2
211
1
badc-cbb 2
212
1
beei-cbc 2
217
1
cce-cbh 2
218
1
beia-cbi 2
219
1
ecb-cbj 2
220
2
hfb-cca 2
bicc-cca 1
223
1
cca-ccd 2
224
1
cca-cce 2
225
1
bbae-ccf 2
226
2
bhjj-ccg 2
bdfg-ccg 1
227
1
ccj-cch 2
228
1
caa-cci 2
229
1
caci-ccj 2
230
1
dcg-cda 2
231
1
bbgc-cdb 2
232
1
jgj-cdc 2
234
1
bcdj-cde 2
237
1
bjgi-cdh 2
238
1
hfj-cdi 2
239
1
bdii-cdj 2
240
1
jjj-cea 2
241
1
hha-ceb 2
242
1
bidj-cec 2
243
1
cdj-ced 2
245
1
iac-cef 2
246
1
cadc-ceg 2
247
1
hb-ceh 2
248
1
fj-cei 2
251
1
cfc-cfb 2
252
1
cfd-cfc 2
253
1
idi-cfd 2
254
1
bfaa-cfe 2
255
1
cfe-cff 2
256
1
cff-cfg 2
258
1
cga-cfi 2
260
1
caef-cga 2
261
1
jcc-cgb 2
262
1
cb-cgc 2
263
1
ehd-cgd 2
268
1
hff-cgi 2
270
1
bcjh-cha 2
271
1
bihb-chb 2
274
1
ffa-che 2
275
1
chh-chf 2
276
2
che-chg 2
bdca-chg 1
277
1
baa-chh 2
278
1
bf-chi 2
279
1
bahh-chj 2
281
1
bjjj-cib 2
282
1
bdbf-cic 2
283
1
bfcb-cid 2
290
1
bfgg-cja 2
292
1
cja-cjc 2
295
1
cjc-cjf 2
304
1
cacc-dae 2
306
1
dbb-dag 2
307
1
bhjc-dah 2
308
1
dbb-dai 2
309
1
cda-daj 2
311
2
dbd-dbb 2
dbf-dbb 1
312
2
daj-dbc 2
dah-dbc 1
313
1
bggf-dbd 2
314
1
dbc-dbe 2
315
1
bdej-dbf 2
316
1
dbc-dbg 2
317
1
bad-dbh 2
318
1
ihc-dbi 2
319
1
bgg-dbj 2
320
1
bgh-dca 2
321
1
ec-dcb 2
322
1
jih-dcc 2
323
1
bacb-dcd 2
324
1
jih-dce 2
325
1
beab-dcf 2
326
1
hci-dcg 2
339
1
ged-ddj 2
340
1
cacj-dea 2
341
1
bejj-deb 2
343
1
beah-ded 2
347
1
jed-deh 2
348
1
gca-dei 2
349
1
edg-dej 2
350
1
eae-dfa 2
351
1
dfj-dfb 2
352
1
hdh-dfc 2
354
1
dae-dfe 2
355
1
baff-dff 2
356
1
gfi-dfg 2
357
1
eed-dfh 2
358
1
djj-dfi 2
359
1
bgeb-dfj 2
360
1
dfc-dga 2
363
1
bbij-dgd 2
364
1
bc-dge 2
365
1
bggi-dgf 2
366
1
caec-dgg 2
367
1
bcff-dgh 2
368
1
bijc-dgi 2
369
1
ebg-dgj 2
370
1
bbfc-dha 2
371
1
ga-dhb 2
372
1
dhg-dhc 2
373
1
ga-dhd 2
374
1
bbfe-dhe 2
375
1
dha-dhf 2
376
1
bbfh-dhg 2
382
2
bjfg-dic 2
bjfi-dic 1
383
2
bdbg-did 2
bdbh-did 1
384
1
jaj-die 2
385
1
d-dif 2
389
1
ebi-dij 2
391
1
djc-djb 2
392
1
eaf-djc 2
393
1
gce-djd 2
399
2
babg-djj 2
bhde-djj 1
400
1
dfh-eaa 2
401
1
iae-eab 2
402
1
bfci-eac 2
403
1
dej-ead 2
404
1
hee-eae 2
405
1
gcc-eaf 2
406
1
djd-eag 2
409
1
bfii-eaj 2
410
1
jhe-eba 2
412
1
cadg-ebc 2
414
1
ghb-ebe 2
415
1
dgi-ebf 2
416
1
jea-ebg 2
418
1
hji-ebi 2
420
1
cbi-eca 2
421
1
gdb-ecb 2
422
1
bebb-ecc 2
423
1
bif-ecd 2
431
1
edd-edb 2
432
1
bide-edc 2
433
1
edh-edd 2
434
1
edb-ede 2
435
1
hea-edf 2
436
1
edc-edg 2
437
1
dfa-edh 2
439
1
bjfd-edj 2
440
1
bhcf-eea 2
441
1
dfi-eeb 2
442
1
bija-eec 2
443
1
bija-eed 2
449
1
baie-eej 2
450
2
iff-efa 2
bjbg-efa 1
454
1
bhhj-efe 2
464
1
ihe-ege 2
465
1
bgbd-egf 2
468
1
dh-egi 2
469
1
iha-egj 2
472
1
cgc-ehc 2
473
1
bjef-ehd 2
474
1
bfc-ehe 2
475
1
bhhe-ehf 2
476
1
bfc-ehg 2
477
2
ehf-ehh 2
badb-ehh 1
478
1
gig-ehi 2
479
1
bdec-ehj 2
480
1
gia-eia 2
481
1
gig-eib 2
483
1
bgha-eid 2
484
1
gig-eie 2
485
1
gig-eif 2
486
1
gig-eig 2
487
2
hgj-eih 2
eii-eih 1
488
1
bfa-eii 2
490
1
hgi-eja 2
491
1
biie-ejb 2
492
1
bdge-ejc 2
493
1
gai-ejd 2
497
1
bgda-ejh 2
499
2
icd-ejj 2
icc-ejj 1
500
1
bgda-faa 2
501
1
icb-fab 2
502
1
cc-fac 2
505
3
gfi-faf 2
gfg-faf 1
dff-faf 1
506
1
jjc-fag 2
507
1
bjjf-fah 2
508
1
baah-fai 2
510
1
baah-fba 2
511
1
hfh-fbb 2
512
1
baah-fbc 2
513
1
bbda-fbd 2
514
1
bgjb-fbe 2
515
1
hde-fbf 2
516
1
fbi-fbg 2
518
1
fci-fbi 2
519
1
fbf-fbj 2
525
1
fdc-fcf 2
527
1
fbj-fch 2
528
3
bfaf-fci 2
fdc-fci 1
fdi-fci 1
530
1
bhdh-fda 2
531
1
fch-fdb 2
532
2
fdg-fdc 2
fdb-fdc 1
534
1
jij-fde 2
535
1
jii-fdf 2
536
1
bfaf-fdg 2
537
2
fde-fdh 2
fdf-fdh 1
538
1
jii-fdi 2
539
1
fda-fdj 2
542
1
hbc-fec 2
543
1
ffd-fed 2
544
1
bfj-fee 2
545
1
iah-fef 2
546
1
hch-feg 2
547
1
chf-feh 2
550
1
ffc-ffa 2
551
1
feh-ffb 2
552
1
bic-ffc 2
553
1
jfa-ffd 2
554
1
fec-ffe 2
556
1
bfhj-ffg 2
557
1
bgde-ffh 2
560
1
gcd-fga 2
561
1
bhfe-fgb 2
567
1
baeb-fgh 2
568
1
fhb-fgi 2
571
1
hje-fhb 2
572
1
fgh-fhc 2
573
1
dc-fhd 2
574
1
ibf-fhe 2
575
1
beje-fhf 2
576
2
bac-fhg 2
bae-fhg 1
578
1
jdf-fhi 2
580
1
igc-fia 2
581
1
bec-fib 2
582
1
bafh-fic 2
585
1
gag-fif 2
586
1
hgc-fig 2
587
1
bbfg-fih 2
588
1
bbja-fii 2
589
1
c-fij 2
591
1
fjg-fjb 2
592
1
badf-fjc 2
593
2
jca-fjd 2
jbh-fjd 1
594
1
fjg-fje 2
595
1
fjd-fjf 2
596
2
bgeh-fjg 2
bbji-fjg 1
600
1
bbb-gaa 2
602
2
ija-gac 2
ijc-gac 1
604
1
bajd-gae 2
605
2
bgbi-gaf 2
cadj-gaf 1
606
2
bfjb-gag 2
bfjc-gag 1
608
1
bige-gai 2
609
1
bjeb-gaj 2
610
1
jjh-gba 2
611
1
bbfd-gbb 2
612
1
gda-gbc 2
613
1
hgf-gbd 2
614
1
caed-gbe 2
615
1
bd-gbf 2
618
1
baeh-gbi 2
619
1
deh-gbj 2
620
1
bafg-gca 2
622
1
fgb-gcc 2
623
1
eag-gcd 2
624
1
iag-gce 2
626
1
bieb-gcg 2
627
1
bfea-gch 2
630
1
eca-gda 2
631
1
gbd-gdb 2
632
2
gdg-gdc 2
bhij-gdc 1
633
1
gga-gdd 2
636
2
bjjg-gdg 2
bgci-gdg 1
641
1
bagd-geb 2
642
1
ddj-gec 2
643
1
bcie-ged 2
646
1
bbgh-geg 2
647
1
baed-geh 2
648
1
bbff-gei 2
651
1
bchf-gfb 2
652
1
ha-gfc 2
653
1
gfc-gfd 2
654
1
jfi-gfe 2
655
1
gfe-gff 2
657
2
fag-gfh 2
faf-gfh 1
658
2
bdjg-gfi 2
gfh-gfi 1
659
1
gdc-gfj 2
660
1
jai-gga 2
661
1
bjah-ggb 2
662
1
bdgf-ggc 2
667
1
jha-ggh 2
671
1
bcbg-ghb 2
673
1
baea-ghd 2
674
1
ifg-ghe 2
680
1
bjee-gia 2
681
1
ehj-gib 2
682
1
bahd-gic 2
683
1
baj-gid 2
684
1
bggb-gie 2
685
1
bahc-gif 2
686
2
bded-gig 2
bdee-gig 1
687
1
gii-gih 2
688
1
bgfj-gii 2
689
1
eia-gij 2
690
1
fic-gja 2
697
1
igh-gjh 2
700
1
ifj-haa 2
701
1
jjd-hab 2
702
1
haa-hac 2
703
1
bihc-had 2
704
1
jc-hae 2
708
1
bdaf-hai 2
709
1
hig-haj 2
711
1
fed-hbb 2
712
1
bgfh-hbc 2
719
1
bedg-hbj 2
720
1
bagj-hca 2
721
1
bjff-hcb 2
722
1
hce-hcc 2
723
1
jjg-hcd 2
724
1
bhi-hce 2
725
1
hcd-hcf 2
727
1
hda-hch 2
728
1
iba-hci 2
730
2
hdf-hda 2
cci-hda 1
733
1
iaj-hdd 2
734
2
bgd-hde 2
hdd-hde 1
735
1
fbg-hdf 2
737
1
hdj-hdh 2
738
1
dfb-hdi 2
739
1
ede-hdj 2
740
1
hdi-hea 2
743
2
ead-hed 2
bggg-hed 1
744
1
bhch-hee 2
745
1
efe-hef 2
750
1
cbh-hfa 2
751
1
bijc-hfb 2
752
1
bjib-hfc 2
753
1
bhei-hfd 2
754
1
bgjf-hfe 2
755
1
jdi-hff 2
756
2
fbb-hfg 2
fai-hfg 1
757
1
bije-hfh 2
759
1
bdhd-hfj 2
760
1
cdh-hga 2
762
1
becf-hgc 2
763
1
fif-hgd 2
764
1
gbc-hge 2
765
1
jji-hgf 2
768
1
cdj-hgi 2
769
1
cea-hgj 2
770
1
ejb-hha 2
771
1
bbgb-hhb 2
772
1
cacc-hhc 2
773
1
bbdh-hhd 2
774
1
bdg-hhe 2
779
1
baea-hhj 2
780
1
biej-hia 2
782
1
bhec-hic 2
784
1
bhh-hie 2
786
1
bhcg-hig 2
789
1
dbh-hij 2
790
1
cacg-hja 2
791
1
jcg-hjb 2
793
1
fhc-hjd 2
794
1
bchd-hje 2
796
1
bgbe-hjg 2
798
1
biea-hji 2
799
1
biea-hjj 2
800
1
hjg-iaa 2
801
1
ceg-iab 2
802
1
big-iac 2
804
1
djb-iae 2
805
1
big-iaf 2
806
2
iaf-iag 2
eac-iag 1
807
1
hda-iah 2
809
1
fee-iaj 2
810
1
feg-iba 2
811
1
bjea-ibb 2
812
2
ibb-ibc 2
fhd-ibc 1
814
1
bjjf-ibe 2
815
2
bjea-ibf 2
caef-ibf 1
816
1
bbfj-ibg 2
820
2
bgac-ica 2
fac-ica 1
821
2
bgac-icb 2
ica-icb 1
822
1
bgac-icc 2
823
2
bgac-icd 2
bgae-icd 1
824
4
faa-ice 2
ejh-ice 1
fac-ice 1
ica-ice 1
826
2
bjie-icg 2
bjic-icg 1
827
2
bfca-ich 2
cib-ich 1
828
1
bjii-ici 2
829
1
bhej-icj 2
838
2
cad-idi 2
bghh-idi 1
839
4
idi-idj 2
bbhg-idj 1
iea-idj 1
cfg-idj 1
840
1
idi-iea 2
841
1
bji-ieb 2
842
1
bhbf-iec 2
846
1
ebe-ieg 2
855
1
ghd-iff 2
856
1
eej-ifg 2
859
1
hab-ifj 2
862
1
baij-igc 2
863
1
fib-igd 2
864
1
bjif-ige 2
865
1
badh-igf 2
867
1
baia-igh 2
869
1
egi-igj 2
870
1
ihd-iha 2
871
1
dbj-ihb 2
872
1
beci-ihc 2
873
1
egf-ihd 2
874
1
igj-ihe 2
875
1
bchj-ihf 2
877
1
bhce-ihh 2
878
1
bjij-ihi 2
879
1
bchj-ihj 2
880
1
baaa-iia 2
886
1
cacd-iig 2
887
1
jjb-iih 2
889
1
gjh-iij 2
890
1
bdjf-ija 2
891
1
gae-ijb 2
892
1
bjhd-ijc 2
894
1
bhhj-ije 2
895
1
ijg-ijf 2
896
3
jed-ijg 2
jeb-ijg 1
jec-ijg 1
897
1
ije-ijh 2
899
1
baag-ijj 2
901
1
jad-jab 2
903
1
bced-jad 2
907
1
gfj-jah 2
908
1
bdja-jai 2
909
1
bcga-jaj 2
910
1
bjhi-jba 2
911
1
bajg-jbb 2
912
1
bagc-jbc 2
913
1
bbha-jbd 2
917
2
bhbc-jbh 2
jcb-jbh 1
918
1
bfef-jbi 2
921
1
cgi-jcb 2
922
1
jbi-jcc 2
923
1
bjac-jcd 2
926
1
bcfe-jcg 2
927
1
hja-jch 2
928
1
jee-jci 2
930
1
bgc-jda 2
931
1
jhe-jdb 2
935
1
bhgi-jdf 2
936
1
fhi-jdg 2
937
1
hfe-jdh 2
938
1
bigh-jdi 2
939
1
ebf-jdj 2
940
1
bbgg-jea 2
942
1
bibi-jec 2
943
3
ijh-jed 2
bebj-jed 1
dei-jed 1
944
1
bcaj-jee 2
950
1
bhjh-jfa 2
952
1
bhjh-jfc 2
953
1
ffe-jfd 2
954
1
cadi-jfe 2
955
1
bgab-jff 2
956
1
jff-jfg 2
957
1
cadi-jfh 2
958
2
bebi-jfi 2
bibh-jfi 1
959
2
gfd-jfj 2
bdjj-jfj 1
964
1
beeb-jge 2
967
1
bbii-jgh 2
968
2
bei-jgi 2
bfb-jgi 1
969
1
bcba-jgj 2
970
2
bci-jha 2
jda-jha 1
973
2
ggh-jhd 2
jha-jhd 1
974
1
bjca-jhe 2
977
1
cdb-jhh 2
982
1
bgad-jic 2
983
2
bigc-jid 2
bgad-jid 1
987
1
fdh-jih 2
988
2
dcf-jii 2
dcd-jii 1
989
1
dcf-jij 2
990
1
bcfj-jja 2
991
1
faf-jjb 2
992
1
iig-jjc 2
993
1
cabg-jjd 2
994
1
hac-jje 2
995
1
hcc-jjf 2
996
1
bdeg-jjg 2
997
1
hge-jjh 2
998
1
gbb-jji 2
999
1
ihj-jjj 2
1000
1
ceb-baaa 2
1001
1
bdjc-baab 2
1002
1
baeb-baac 2
1003
1
bcj-baad 2
1004
1
bjfj-baae 2
1006
1
bajd-baag 2
1007
1
bjad-baah 2
1008
2
fba-baai 2
fbc-baai 1
1009
1
bgah-baaj 2
1011
1
bicf-babb 2
1012
1
bgah-babc 2
1013
1
bgaf-babd 2
1016
1
dgd-babg 2
1019
1
fdj-babj 2
1020
1
dcc-baca 2
1021
1
bjcg-bacb 2
1024
1
jcd-bace 2
1025
1
bcg-bacf 2
1026
1
ii-bacg 2
1027
1
befj-bach 2
1030
1
ehg-bada 2
1031
1
bejg-badb 2
1032
1
bbgi-badc 2
1033
1
cbc-badd 2
1034
1
fjb-bade 2
1035
1
bgfb-badf 2
1036
1
ige-badg 2
1037
1
baif-badh 2
1040
2
fgi-baea 2
baab-baea 1
1041
2
hia-baeb 2
ghe-baeb 1
1042
2
bfjf-baec 2
bdab-baec 1
1043
1
bcda-baed 2
1044
1
gei-baee 2
1045
1
bfje-baef 2
1046
1
bjdb-baeg 2
1047
1
bfej-baeh 2
1048
1
bgch-baei 2
1049
1
bbdf-baej 2
1050
1
bgbj-bafa 2
1055
1
gbj-baff 2
1056
1
dfg-bafg 2
1057
1
bahf-bafh 2
1059
1
ijj-bafj 2
1062
1
gec-bagc 2
1063
1
jbd-bagd 2
1069
1
bdgc-bagj 2
1070
1
hcb-baha 2
1071
1
gie-bahb 2
1072
1
bjeh-bahc 2
1073
1
bjeh-bahd 2
1074
1
gie-bahe 2
1075
1
bjha-bahf 2
1076
1
bbde-bahg 2
1078
1
chi-bahi 2
1080
1
jab-baia 2
1084
1
badg-baie 2
1085
1
efa-baif 2
1087
1
bgig-baih 2
1088
1
ded-baii 2
1089
1
beaa-baij 2
1090
2
igd-baja 2
bgig-baja 1
1091
1
beaa-bajb 2
1093
2
baii-bajd 2
bajb-bajd 1
1096
1
bcgf-bajg 2
1097
1
jba-bajh 2
1101
1
bda-bbab 2
1102
1
bbbd-bbac 2
1103
1
bbaf-bbad 2
1104
1
bbbd-bbae 2
1105
1
ccg-bbaf 2
1106
1
bbai-bbag 2
1108
2
bda-bbai 2
cde-bbai 1
1109
1
bfec-bbaj 2
1111
3
bbbi-bbbb 2
bbac-bbbb 1
bbaf-bbbb 1
1112
2
bged-bbbc 2
bff-bbbc 1
1113
1
bhjg-bbbd 2
1114
1
bbaj-bbbe 2
1115
1
bbbe-bbbf 2
1116
1
befi-bbbg 2
1117
1
bhjg-bbbh 2
1118
1
bbbh-bbbi 2
1119
1
bdac-bbbj 2
1120
1
bgfg-bbca 2
1121
1
bgai-bbcb 2
1122
1
bgai-bbcc 2
1125
1
bgea-bbcf 2
1126
1
jci-bbcg 2
1130
1
cadj-bbda 2
1131
1
fbe-bbdb 2
1134
2
bafa-bbde 2
gja-bbde 1
1135
1
bahf-bbdf 2
1136
1
ebc-bbdg 2
1137
1
bbdj-bbdh 2
1138
1
hhe-bbdi 2
1139
1
be-bbdj 2
1140
2
bbdi-bbea 2
bbdg-bbea 1
1145
2
bfc-bbef 2
biaf-bbef 1
1147
1
bbef-bbeh 2
1150
1
bcja-bbfa 2
1151
2
dhd-bbfb 2
dhb-bbfb 1
1152
2
gba-bbfc 2
bhbe-bbfc 1
1153
2
dhb-bbfd 2
dha-bbfd 1
1154
2
bbfb-bbfe 2
geh-bbfe 1
1155
2
dhg-bbff 2
dhd-bbff 1
1156
1
dhf-bbfg 2
1157
1
gch-bbfh 2
1158
1
ibg-bbfi 2
1159
1
bgjc-bbfj 2
1160
1
hhc-bbga 2
1161
1
beb-bbgb 2
1162
1
bjg-bbgc 2
1163
1
cdc-bbgd 2
1164
1
fhg-bbge 2
1165
1
jdj-bbgf 2
1166
1
bejd-bbgg 2
1167
1
bfha-bbgh 2
1168
1
bdfj-bbgi 2
1169
1
badd-bbgj 2
1170
1
bieh-bbha 2
1171
1
jbc-bbhb 2
1176
1
bdfh-bbhg 2
1186
1
bihh-bbig 2
1188
1
bbig-bbii 2
1189
1
bafj-bbij 2
1190
2
bhag-bbja 2
fij-bbja 1
1194
1
bggh-bbje 2
1195
1
bcff-bbjf 2
1196
1
fjc-bbjg 2
1197
2
bai-bbjh 2
bbjg-bbjh 1
1198
2
bdai-bbji 2
bgeg-bbji 1
1199
1
fc-bbjj 2
1209
2
bccb-bcaj 2
jhh-bcaj 1
1210
1
bcaj-bcba 2
1216
1
iij-bcbg 2
1218
1
bjba-bcbi 2
1221
1
bbgc-bccb 2
1222
1
beii-bccc 2
1223
1
bgec-bccd 2
1224
1
bjaj-bcce 2
1225
1
bcch-bccf 2
1226
1
bcce-bccg 2
1227
1
beih-bcch 2
1230
1
bgbg-bcda 2
1231
1
baee-bcdb 2
1232
1
bcjg-bcdc 2
1233
1
bfga-bcdd 2
1235
1
bejd-bcdf 2
1239
1
bjdg-bcdj 2
1243
1
dij-bced 2
1253
1
caai-bcfd 2
1254
2
dgg-bcfe 2
bbje-bcfe 1
1255
2
hbj-bcff 2
jch-bcff 1
1259
1
dif-bcfj 2
1262
1
babd-bcgc 2
1265
2
bchc-bcgf 2
bchb-bcgf 1
1267
1
bajh-bcgh 2
1270
1
bcgg-bcha 2
1271
1
hjd-bchb 2
1273
1
bcgh-bchd 2
1275
1
cadg-bchf 2
1276
1
gfb-bchg 2
1277
1
iia-bchh 2
1279
1
bfih-bchj 2
1284
1
bcii-bcie 2
1288
1
geb-bcii 2
1290
1
gec-bcja 2
1295
1
bcdd-bcjf 2
1296
1
bifi-bcjg 2
1297
1
ca-bcjh 2
1298
1
chb-bcji 2
1299
1
bdeb-bcjj 2
1301
1
bfjd-bdab 2
1302
1
bdea-bdac 2
1303
1
bbca-bdad 2
1305
1
bede-bdaf 2
1307
1
bbjh-bdah 2
1308
1
bgba-bdai 2
1309
1
bgic-bdaj 2
1315
1
dic-bdbf 2
1316
2
bdbi-bdbg 2
cid-bdbg 1
1317
1
cid-bdbh 2
1318
1
bid-bdbi 2
1319
2
cadd-bdbj 2
bdbh-bdbj 1
1324
2
b-bdce 2
cjf-bdce 1
1328
1
bebg-bdci 2
1333
1
h-bddd 2
1334
1
beed-bdde 2
1335
1
e-bddf 2
1336
1
bidb-bddg 2
1338
1
e-bddi 2
1339
1
beed-bddj 2
1340
1
bjjd-bdea 2
1341
1
gij-bdeb 2
1342
1
bcjj-bdec 2
1343
1
bjje-bded 2
1344
2
bdad-bdee 2
bgja-bdee 1
1345
1
bhbh-bdef 2
1346
1
bfdb-bdeg 2
1347
1
bdfa-bdeh 2
1348
1
bijd-bdei 2
1349
1
bdei-bdej 2
1350
1
dbg-bdfa 2
1351
1
bag-bdfb 2
1356
1
ccf-bdfg 2
1357
1
bbef-bdfh 2
1358
1
bbgj-bdfi 2
1359
1
bbef-bdfj 2
1362
1
bggj-bdgc 2
1363
1
baha-bdgd 2
1364
1
ggb-bdge 2
1365
1
ejd-bdgf 2
1368
1
beee-bdgi 2
1369
1
cace-bdgj 2
1370
1
beee-bdha 2
1371
2
bdhc-bdhb 2
bdgj-bdhb 1
1372
2
bffj-bdhc 2
hga-bdhc 1
1373
1
beee-bdhd 2
1375
2
bgaj-bdhf 2
hca-bdhf 1
1376
1
bfjj-bdhg 2
1377
1
bdie-bdhh 2
1379
1
bgdi-bdhj 2
1380
1
bgdb-bdia 2
1381
1
biig-bdib 2
1382
1
bjfe-bdic 2
1384
1
bdig-bdie 2
1385
1
bdhj-bdif 2
1386
1
bejb-bdig 2
1387
1
bdif-bdih 2
1388
2
jah-bdii 2
jgi-bdii 1
1389
1
cab-bdij 2
1390
1
jgi-bdja 2
1391
2
jah-bdjb 2
bdij-bdjb 1
1392
1
bej-bdjc 2
1393
1
baac-bdjd 2
1394
1
ijb-bdje 2
1395
1
bcfd-bdjf 2
1396
1
ijf-bdjg 2
1397
1
gfh-bdjh 2
1398
1
jfi-bdji 2
1399
1
caah-bdjj 2
1400
1
dce-beaa 2
1401
2
baja-beab 2
baih-beab 1
1402
1
eaj-beac 2
1407
1
ib-beah 2
1409
1
bbf-beaj 2
1410
1
bbc-beba 2
1411
1
ce-bebb 2
1412
1
ecd-bebc 2
1415
1
bdce-bebf 2
1416
1
bbe-bebg 2
1418
1
jed-bebi 2
1419
1
jfj-bebj 2
1421
1
bjbh-becb 2
1422
1
bfbi-becc 2
1423
1
djj-becd 2
1425
1
bffi-becf 2
1426
1
hgd-becg 2
1427
1
ihb-bech 2
1428
1
bcd-beci 2
1434
1
begc-bede 2
1436
1
bbcg-bedg 2
1441
1
bca-beeb 2
1442
1
babc-beec 2
1443
1
bdhb-beed 2
1444
2
bddf-beee 2
bddd-beee 1
1448
1
bejc-beei 2
1451
1
cbb-befb 2
1453
1
bfji-befd 2
1454
1
bhaf-befe 2
1456
1
bghd-befg 2
1457
2
bfeb-befh 2
bfed-befh 1
1458
2
bacg-befi 2
bch-befi 1
1459
2
bfji-befj 2
bfeb-befj 1
1463
1
bfe-begd 2
1464
1
begd-bege 2
1465
1
bfe-begf 2
1473
2
behf-behd 2
behh-behd 1
1474
1
bfbh-behe 2
1475
1
bhgh-behf 2
1477
1
bfbh-behh 2
1478
1
cbj-behi 2
1480
1
bfbg-beia 2
1484
1
begf-beie 2
1487
2
bccd-beih 2
bfg-beih 1
1488
1
bccg-beii 2
1491
1
befb-bejb 2
1492
1
bdih-bejc 2
1493
1
bbge-bejd 2
1494
2
bbgf-beje 2
bfcc-beje 1
1495
1
bada-bejf 2
1496
1
bfh-bejg 2
1499
1
cfb-bejj 2
1500
1
dea-bfaa 2
1503
1
bgge-bfad 2
1504
2
fcf-bfae 2
fch-bfae 1
1505
1
bfah-bfaf 2
1506
1
bfae-bfag 2
1507
1
bfbc-bfah 2
1508
1
hed-bfai 2
1512
1
bibj-bfbc 2
1513
1
bfag-bfbd 2
1514
2
bjgf-bfbe 2
bjgd-bfbe 1
1515
1
bicg-bfbf 2
1516
1
behd-bfbg 2
1517
1
behi-bfbh 2
1518
1
bjbj-bfbi 2
1519
2
becc-bfbj 2
becb-bfbj 1
1520
1
cic-bfca 2
1521
1
icg-bfcb 2
1522
1
bihe-bfcc 2
1523
1
bbbb-bfcd 2
1524
1
fga-bfce 2
1527
1
eab-bfch 2
1528
1
bifb-bfci 2
1531
1
bieg-bfdb 2
1532
1
bdef-bfdc 2
1533
1
bgih-bfdd 2
1538
1
fih-bfdi 2
1539
1
bfdi-bfdj 2
1540
1
bhah-bfea 2
1541
1
bbbc-bfeb 2
1542
1
befg-bfec 2
1543
1
bbbf-bfed 2
1544
1
bhif-bfee 2
1545
1
bijj-bfef 2
1548
1
biic-bfei 2
1549
1
bigg-bfej 2
1550
1
baei-bffa 2
1557
1
becg-bffh 2
1558
1
cacf-bffi 2
1559
1
bcdc-bffj 2
1560
1
bdhd-bfga 2
1563
1
hie-bfgd 2
1565
1
bfgd-bfgf 2
1566
1
geg-bfgg 2
1570
1
bfgf-bfha 2
1573
1
bgee-bfhd 2
1574
1
bhjj-bfhe 2
1579
1
if-bfhj 2
1580
1
ffh-bfia 2
1585
1
bhae-bfif 2
1586
1
befj-bfig 2
1587
2
hag-bfih 2
hai-bfih 1
1588
1
icj-bfii 2
1589
1
eba-bfij 2
1590
1
bfij-bfja 2
1591
1
ibc-bfjb 2
1592
1
bjce-bfjc 2
1593
1
bjhb-bfjd 2
1594
1
bjhb-bfje 2
1595
1
baeg-bfjf 2
1598
1
bdhf-bfji 2
1599
2
bgfi-bfjj 2
befe-bfjj 1
1600
2
jfe-bgaa 2
jfg-bgaa 1
1601
1
bjge-bgab 2
1602
1
jid-bgac 2
1603
1
ice-bgad 2
1604
1
ice-bgae 2
1605
1
bhaa-bgaf 2
1607
3
bbcb-bgah 2
bbbj-bgah 1
bbce-bgah 1
1608
1
babb-bgai 2
1609
1
bdah-bgaj 2
1610
1
bdhg-bgba 2
1613
1
hjj-bgbd 2
1614
1
ege-bgbe 2
1615
1
bcdb-bgbf 2
1616
1
fh-bgbg 2
1617
1
bhfh-bgbh 2
1618
1
baej-bgbi 2
1619
1
gaf-bgbj 2
1623
1
biha-bgcd 2
1624
1
bjfb-bgce 2
1627
1
bcjh-bgch 2
1628
1
ihf-bgci 2
1630
3
cd-bgda 2
ce-bgda 1
bj-bgda 1
1631
1
bdhh-bgdb 2
1632
1
bhac-bgdc 2
1633
1
ffg-bgdd 2
1634
1
bgdf-bgde 2
1635
1
bjji-bgdf 2
1636
1
bgdd-bgdg 2
1637
1
ici-bgdh 2
1638
1
bdia-bgdi 2
1640
1
dga-bgea 2
1641
1
bbcf-bgeb 2
1642
1
bhhf-bgec 2
1643
1
bfhe-bged 2
1644
1
bbbg-bgee 2
1645
1
bbjh-bgef 2
1646
1
bghe-bgeg 2
1647
1
bigf-bgeh 2
1648
1
caag-bgei 2
1649
1
biji-bgej 2
1650
1
bhge-bgfa 2
1651
1
biji-bgfb 2
1654
1
bhgd-bgfe 2
1655
1
bjei-bgff 2
1656
1
hbb-bgfg 2
1657
1
bbbj-bgfh 2
1658
1
bijb-bgfi 2
1659
1
bggc-bgfj 2
1660
1
gih-bgga 2
1661
1
bgga-bggb 2
1662
1
gif-bggc 2
1663
2
bghf-bggd 2
bfdd-bggd 1
1664
1
bjgj-bgge 2
1665
1
hee-bggf 2
1666
1
dbe-bggg 2
1667
1
dge-bggh 2
1668
1
bbjf-bggi 2
1669
1
eid-bggj 2
1670
1
bdgd-bgha 2
1671
1
cai-bghb 2
1672
1
bhhh-bghc 2
1673
1
bgef-bghd 2
1674
1
befh-bghe 2
1675
1
bjag-bghf 2
1676
1
idj-bghg 2
1677
1
bjh-bghh 2
1682
2
bfbe-bgic 2
bjgf-bgic 1
1686
1
gac-bgig 2
1687
1
bjdc-bgih 2
1688
1
bfad-bgii 2
1690
1
beie-bgja 2
1691
1
bbfi-bgjb 2
1692
1
fbd-bgjc 2
1695
1
cgb-bgjf 2
1700
1
gaa-bhaa 2
1702
1
ij-bhac 2
1703
1
bfig-bhad 2
1704
1
ig-bhae 2
1705
1
bfif-bhaf 2
1706
1
bfdj-bhag 2
1707
1
bbja-bhah 2
1710
1
bjac-bhba 2
1711
1
bhbd-bhbb 2
1712
1
bhba-bhbc 2
1713
2
jbi-bhbd 2
bacf-bhbd 1
1714
1
ieb-bhbe 2
1715
1
bbfd-bhbf 2
1717
1
jjf-bhbh 2
1724
1
edj-bhce 2
1725
1
ihi-bhcf 2
1726
1
bchh-bhcg 2
1727
1
bfai-bhch 2
1734
1
bgj-bhde 2
1735
1
eaa-bhdf 2
1736
1
babj-bhdg 2
1737
1
bhfc-bhdh 2
1738
1
bhea-bhdi 2
1739
1
bhfi-bhdj 2
1740
1
bihg-bhea 2
1741
1
bhdj-bheb 2
1742
1
hhj-bhec 2
1748
1
bfja-bhei 2
1749
1
hfc-bhej 2
1751
2
bhdg-bhfb 2
bihf-bhfb 1
1752
1
caab-bhfc 2
1754
1
bfcd-bhfe 2
1755
1
hfg-bhff 2
1756
1
biib-bhfg 2
1757
2
bhdi-bhfh 2
ge-bhfh 1
1758
1
bgbh-bhfi 2
1759
1
bigi-bhfj 2
1760
1
gd-bhga 2
1763
1
bgej-bhgd 2
1764
1
bgff-bhge 2
1767
1
jdg-bhgh 2
1768
1
behe-bhgi 2
1772
1
fi-bhhc 2
1773
1
bec-bhhd 2
1774
1
bccc-bhhe 2
1775
1
ehe-bhhf 2
1777
1
eh-bhhh 2
1778
1
bghb-bhhi 2
1779
1
bdjh-bhhj 2
1780
2
gg-bhia 2
bha-bhia 1
1781
1
caaa-bhib 2
1785
1
jbh-bhif 2
1790
1
gdd-bhja 2
1791
1
dag-bhjb 2
1792
1
bijd-bhjc 2
1794
2
bdfi-bhje 2
bbeh-bhje 1
1795
1
bbbb-bhjf 2
1796
2
ie-bhjg 2
bfce-bhjg 1
1797
2
bfhd-bhjh 2
jfd-bhjh 1
1799
2
jge-bhjj 2
jfc-bhjj 1
1801
1
cach-biab 2
1802
1
ff-biac 2
1803
1
bdh-biad 2
1805
1
bbfa-biaf 2
1806
1
bjcd-biag 2
1809
1
biab-biaj 2
1817
1
ijg-bibh 2
1818
1
jfj-bibi 2
1819
1
cei-bibj 2
1820
1
bjbd-bica 2
1822
1
bica-bicc 2
1824
1
bgic-bice 2
1825
1
bice-bicf 2
1826
1
beec-bicg 2
1831
1
bcb-bidb 2
1834
1
edf-bide 2
1839
1
iaa-bidj 2
1840
1
ced-biea 2
1841
1
bdha-bieb 2
1846
1
bbhb-bieg 2
1847
1
bfdc-bieh 2
1849
1
becd-biej 2
1851
2
bjhh-bifb 2
bfch-bifb 1
1852
1
bfch-bifc 2
1857
1
bcjf-bifh 2
1858
1
bjgc-bifi 2
1862
1
gb-bigc 2
1863
2
jic-bigd 2
jid-bigd 1
1864
1
bgei-bige 2
1865
1
gaj-bigf 2
1866
1
jdh-bigg 2
1867
1
bffa-bigh 2
1868
1
gf-bigi 2
1869
1
bhga-bigj 2
1870
1
cha-biha 2
1871
1
bgce-bihb 2
1872
1
cabf-bihc 2
1873
1
hae-bihd 2
1874
1
bcdf-bihe 2
1875
1
baca-bihf 2
1876
1
jgh-bihg 2
1877
1
bheb-bihh 2
1878
1
bhib-bihi 2
1881
1
bgdc-biib 2
1882
1
bhff-biic 2
1884
1
bdic-biie 2
1886
1
eih-biig 2
1889
2
eec-biij 2
eeb-biij 1
1890
1
bjhj-bija 2
1891
1
befd-bijb 2
1892
2
bhjb-bijc 2
bdeh-bijc 1
1893
2
hfa-bijd 2
dgj-bijd 1
1894
1
bhfg-bije 2
1897
1
bade-bijh 2
1898
1
bfee-biji 2
1899
2
bgfa-bijj 2
bijh-bijj 1
1902
1
baai-bjac 2
1903
2
bhbb-bjad 2
bhbd-bjad 1
1906
1
biag-bjag 2
1907
1
baef-bjah 2
1909
1
bcai-bjaj 2
1910
1
bccf-bjba 2
1912
1
hef-bjbc 2
1913
1
biaj-bjbd 2
1915
1
eej-bjbf 2
1916
1
bjbi-bjbg 2
1917
1
bjbf-bjbh 2
1918
1
bfbi-bjbi 2
1919
1
jhd-bjbj 2
1920
1
bfbj-bjca 2
1923
2
fbe-bjcd 2
bfjb-bjcd 1
1924
1
bjdd-bjce 2
1926
1
bhfc-bjcg 2
1928
1
bhdf-bjci 2
1930
1
ggc-bjda 2
1931
1
bjda-bjdb 2
1932
1
bjcd-bjdc 2
1933
1
bgii-bjdd 2
1936
1
bgb-bjdg 2
1937
1
bgb-bjdh 2
1940
3
fig-bjea 2
cfi-bjea 1
gag-bjea 1
1941
1
ejc-bjeb 2
1944
1
ehc-bjee 2
1945
1
gib-bjef 2
1946
3
bahb-bjeg 2
bahe-bjeg 1
gid-bjeg 1
1947
2
bjfc-bjeh 2
bjej-bjeh 1
1948
1
bjeg-bjei 2
1949
1
bgfe-bjej 2
1951
1
bjeg-bjfb 2
1952
1
bgcd-bjfc 2
1953
1
bdib-bjfd 2
1954
1
eea-bjfe 2
1955
1
bdhg-bjff 2
1956
1
bdbj-bjfg 2
1958
1
baad-bjfi 2
1959
1
did-bjfj 2
1962
1
bjgj-bjgc 2
1963
1
bgaa-bjgd 2
1964
1
bfbf-bjge 2
1965
2
bgaa-bjgf 2
bggd-bjgf 1
1968
1
bggd-bjgi 2
1969
2
bifh-bjgj 2
cdi-bjgj 1
1970
1
baec-bjha 2
1971
1
bahg-bjhb 2
1977
1
bifc-bjhh 2
1978
1
biij-bjhi 2
1979
1
jbb-bjhj 2
1981
1
hfd-bjib 2
1982
1
igf-bjic 2
1984
1
ihh-bjie 2
1985
2
bjih-bjif 2
ich-bjif 1
1987
1
igf-bjih 2
1988
1
bjja-bjii 2
1989
1
ich-bjij 2
1990
1
ich-bjja 2
1993
2
eib-bjjd 2
eig-bjjd 1
1994
2
dd-bjje 2
ibf-bjje 1
1995
2
ehi-bjjf 2
eif-bjjf 1
1996
1
bcha-bjjg 2
1998
1
bgdh-bjji 2
1999
1
bgdg-bjjj 2
2000
1
bhfb-caaa 2
2001
2
bhia-caab 2
hic-caab 1
2005
1
bgja-caaf 2
2006
1
fjf-caag 2
2007
1
bdje-caah 2
2008
1
bdji-caai 2
2015
1
jje-cabf 2
2016
1
bihd-cabg 2
2022
2
iih-cacc 2
bjbc-cacc 1
2023
1
hhb-cacd 2
2024
1
bffh-cace 2
2025
1
bdgi-cacf 2
2026
1
deb-cacg 2
2027
1
hjb-cach 2
2028
1
dai-caci 2
2029
1
hjb-cacj 2
2032
1
bdbg-cadc 2
2033
1
cef-cadd 2
2036
1
id-cadg 2
2037
2
bchg-cadh 2
hhd-cadh 1
2038
2
gaf-cadi 2
bbdb-cadi 1
2039
2
jff-cadj 2
jfh-cadj 1
2042
1
ibe-caec 2
2043
1
bcgc-caed 2
2044
1
gbf-caee 2
2045
2
caee-caef 2
dgh-caef 1
2050
1
cgba-cafa 2
2051
1
dbfc-cafb 2
2052
1
cafd-cafc 2
2053
1
caga-cafd 2
2054
1
caff-cafe 2
2055
1
cafh-caff 2
2056
1
cafc-cafg 2
2057
1
cafj-cafh 2
2058
2
caga-cafi 2
cafg-cafi 1
2059
1
dhbe-cafj 2
2060
1
cggi-caga 2
2061
2
cafj-cagb 2
cafe-cagb 1
2062
1
cage-cagc 2
2063
1
cahb-cagd 2
2064
1
dhdd-cage 2
2065
1
cagj-cagf 2
2066
1
cagi-cagg 2
2067
1
cagd-cagh 2
2068
1
cahd-cagi 2
2069
1
caha-cagj 2
2070
1
cagg-caha 2
2071
1
cagc-cahb 2
2072
1
cagh-cahc 2
2073
1
ddag-cahd 2
2074
1
cbae-cahe 2
2075
1
cajd-cahf 2
2076
1
cahj-cahg 2
2077
1
cigg-cahh 2
2078
1
cahh-cahi 2
2079
1
ccch-cahj 2
2081
2
dcid-caib 2
dcib-caib 1
2082
1
caib-caic 2
2083
2
caig-caid 2
caij-caid 1
2084
1
caid-caie 2
2085
2
caih-caif 2
caii-caif 1
2086
1
caif-caig 2
2087
1
caic-caih 2
2088
1
caic-caii 2
2089
1
caif-caij 2
2090
1
cfgb-caja 2
2091
1
cajc-cajb 2
2092
1
cahe-cajc 2
2093
1
caja-cajd 2
2094
1
caji-caje 2
2095
1
cajh-cajf 2
2096
1
caje-cajg 2
2097
1
cjbc-cajh 2
2098
2
cajf-caji 2
cajj-caji 1
2099
1
cbac-cajj 2
2100
1
caji-cbaa 2
2101
1
cbaa-cbab 2
2102
1
cbad-cbac 2
2103
1
cahf-cbad 2
2104
1
cbab-cbae 2
2105
1
dcia-cbaf 2
2106
1
cbai-cbag 2
2107
1
cbaf-cbah 2
2108
1
cbbc-cbai 2
2109
1
cbbb-cbaj 2
2110
1
cbaj-cbba 2
2111
1
cbah-cbbb 2
2112
1
cbba-cbbc 2
2113
1
cbbg-cbbd 2
2114
1
cjdj-cbbe 2
2115
1
cbbi-cbbf 2
2116
1
cbbh-cbbg 2
2117
1
cbca-cbbh 2
2118
1
cbbe-cbbi 2
2119
1
cbbf-cbbj 2
2120
1
dcjd-cbca 2
2121
1
cbcd-cbcb 2
2122
2
cjbf-cbcc 2
cijj-cbcc 1
2123
1
cbcc-cbcd 2
2127
1
cfee-cbch 2
2128
1
cdic-cbci 2
2129
1
cbdc-cbcj 2
2130
1
cceb-cbda 2
2131
1
cbde-cbdb 2
2132
1
cbda-cbdc 2
2133
1
dfci-cbdd 2
2134
1
cbdd-cbde 2
2135
1
cbej-cbdf 2
2136
2
cbfc-cbdg 2
cbfd-cbdg 1
2137
1
cbfg-cbdh 2
2138
1
cbhd-cbdi 2
2139
2
cbjd-cbdj 2
cbha-cbdj 1
2140
3
cbgi-cbea 2
cbfi-cbea 1
cbfj-cbea 1
2143
1
cief-cbed 2
2147
1
cbfd-cbeh 2
2149
1
cbhf-cbej 2
2150
1
cbdg-cbfa 2
2151
1
cbjc-cbfb 2
2152
1
cbdf-cbfc 2
2155
1
cbdi-cbff 2
2156
1
cbga-cbfg 2
2158
1
cbdh-cbfi 2
2159
1
cbed-cbfj 2
2160
1
cegb-cbga 2
2161
1
cbgj-cbgb 2
2162
1
cbgg-cbgc 2
2163
1
cbhj-cbgd 2
2164
1
cbgf-cbge 2
2165
1
cbgb-cbgf 2
2166
1
cbgd-cbgg 2
2167
1
cbhi-cbgh 2
2168
1
cbgc-cbgi 2
2169
1
cbdj-cbgj 2
2170
1
cbgh-cbha 2
2171
1
cbea-cbhb 2
2172
1
cbhb-cbhc 2
2173
1
cbgj-cbhd 2
2174
1
cbfa-cbhe 2
2175
1
cbhh-cbhf 2
2176
1
cbhc-cbhg 2
2177
1
cbhg-cbhh 2
2178
1
cbhe-cbhi 2
2179
2
cbid-cbhj 2
cbib-cbhj 1
2180
1
cbge-cbia 2
2181
1
cahg-cbib 2
2182
1
cbie-cbic 2
2183
1
cbig-cbid 2
2184
2
cbia-cbie 2
cbib-cbie 1
2185
1
cbic-cbif 2
2186
2
cbif-cbig 2
ebdb-cbig 1
2192
1
cbea-cbjc 2
2193
2
cbfa-cbjd 2
cbeh-cbjd 1
2194
1
dffh-cbje 2
2195
1
cbjj-cbjf 2
2196
1
cbje-cbjg 2
2197
1
cbji-cbjh 2
2198
1
dfch-cbji 2
2199
2
dibe-cbjj 2
diah-cbjj 1
2221
1
cccc-cccb 2
2222
1
cccd-cccc 2
2223
1
ccce-cccd 2
2224
1
cjbh-ccce 2
2225
1
cccg-cccf 2
2226
1
ccca-cccg 2
2227
1
dgba-ccch 2
2228
1
cahi-ccci 2
2229
2
cjjc-cccj 2
ddja-cccj 1
2230
1
ccdj-ccda 2
2231
1
ccdh-ccdb 2
2232
1
deeh-ccdc 2
2233
1
ccdf-ccdd 2
2234
1
ccdc-ccde 2
2235
1
ccdb-ccdf 2
2236
1
cceb-ccdg 2
2237
1
cced-ccdh 2
2238
1
ccde-ccdi 2
2239
1
cced-ccdj 2
2240
1
cccj-ccea 2
2241
1
ccee-cceb 2
2242
3
cbdb-ccec 2
ccdg-ccec 1
dfde-ccec 1
2243
1
ccec-cced 2
2244
2
ccea-ccee 2
ccdi-ccee 1
2245
1
dcic-ccef 2
2246
1
ccei-cceg 2
2247
1
ccef-cceh 2
2248
1
ccej-ccei 2
2249
1
ccfd-ccej 2
2250
1
ccfb-ccfa 2
2251
1
cceh-ccfb 2
2252
1
ccfa-ccfc 2
2253
1
cffa-ccfd 2
2254
1
cceg-ccfe 2
2262
1
ceid-ccgc 2
2263
1
ccgg-ccgd 2
2264
1
ceid-ccge 2
2265
1
ccgc-ccgf 2
2266
1
ccgj-ccgg 2
2267
1
ccge-ccgh 2
2268
1
ccgh-ccgi 2
2269
2
ccha-ccgj 2
cchd-ccgj 1
2270
1
ebii-ccha 2
2271
1
cchc-cchb 2
2272
1
ccgf-cchc 2
2273
1
cche-cchd 2
2274
1
cchb-cche 2
2275
1
ccgi-cchf 2
2276
1
cchj-cchg 2
2277
1
cchi-cchh 2
2278
1
cdgc-cchi 2
2285
1
dfei-ccif 2
2286
1
cdcf-ccig 2
2292
1
cdgd-ccjc 2
2295
1
ccjh-ccjf 2
2296
1
cdcg-ccjg 2
2297
1
eaec-ccjh 2
2301
1
cdfi-cdab 2
2303
1
cdab-cdad 2
2304
1
cdaf-cdae 2
2305
1
cdag-cdaf 2
2306
1
cejb-cdag 2
2312
1
dffb-cdbc 2
2313
1
cdbf-cdbd 2
2314
1
cdbc-cdbe 2
2324
1
ccif-cdce 2
2325
1
cdch-cdcf 2
2326
1
cdce-cdcg 2
2327
1
ccjf-cdch 2
2339
1
dfdb-cddj 2
2341
1
cdea-cdeb 2
2347
1
cfdd-cdeh 2
2348
2
dabh-cdei 2
cfed-cdei 1
2349
1
eahi-cdej 2
2350
1
cdej-cdfa 2
2351
1
cdff-cdfb 2
2352
1
cdfb-cdfc 2
2353
1
dgdf-cdfd 2
2354
1
cdff-cdfe 2
2355
2
cdfd-cdff 2
cdfa-cdff 1
2356
1
cdae-cdfg 2
2357
1
cdhe-cdfh 2
2358
1
cdfh-cdfi 2
2359
1
cdfg-cdfj 2
2362
1
cdgf-cdgc 2
2363
1
cchg-cdgd 2
2365
1
cdhh-cdgf 2
2367
1
eacd-cdgh 2
2368
1
eacb-cdgi 2
2369
1
cdhb-cdgj 2
2370
1
dggc-cdha 2
2371
1
dhha-cdhb 2
2372
1
cdha-cdhc 2
2373
1
chgj-cdhd 2
2374
1
cdhd-cdhe 2
2375
1
cdfj-cdhf 2
2376
1
cdhf-cdhg 2
2377
1
chgj-cdhh 2
2378
1
ccjc-cdhi 2
2381
1
cbch-cdib 2
2382
1
chji-cdic 2
2383
1
ciaj-cdid 2
2384
2
cech-cdie 2
diif-cdie 1
2385
1
dfff-cdif 2
2386
1
cdii-cdig 2
2387
1
cdif-cdih 2
2388
1
dddc-cdii 2
2401
1
cfcg-ceab 2
2402
1
chhf-ceac 2
2404
1
ceag-ceae 2
2405
1
ceai-ceaf 2
2406
1
ceaf-ceag 2
2407
1
ceai-ceah 2
2408
2
dgjf-ceai 2
dgja-ceai 1
2413
1
cjdc-cebd 2
2414
1
cebd-cebe 2
2415
1
cebi-cebf 2
2416
1
cebf-cebg 2
2417
1
cebe-cebh 2
2418
1
djgc-cebi 2
2419
1
cice-cebj 2
2420
1
cecc-ceca 2
2422
1
cdid-cecc 2
2427
1
cebj-cech 2
2436
1
cedi-cedg 2
2437
1
cedg-cedh 2
2438
2
dcjh-cedi 2
dcji-cedi 1
2441
2
cefb-ceeb 2
ceec-ceeb 1
2442
1
cefd-ceec 2
2443
1
ceeh-ceed 2
2444
1
ceed-ceee 2
2447
1
didi-ceeh 2
2448
1
ceeb-ceei 2
2449
1
ceeh-ceej 2
2450
1
dijd-cefa 2
2451
1
cicj-cefb 2
2452
1
ceej-cefc 2
2453
1
cefa-cefd 2
2454
1
cefc-cefe 2
2455
1
cefe-ceff 2
2457
1
cegc-cefh 2
2458
1
cegd-cefi 2
2459
1
cega-cefj 2
2460
2
cefh-cega 2
cjbi-cega 1
2461
1
cefi-cegb 2
2462
1
cbff-cegc 2
2463
1
cege-cegd 2
2464
1
cegf-cege 2
2465
1
cefj-cegf 2
2473
2
ceif-cehd 2
ceih-cehd 1
2474
2
cehj-cehe 2
cifj-cehe 1
2475
1
ebjg-cehf 2
2476
1
ceia-cehg 2
2477
1
ceii-cehh 2
2478
1
cigi-cehi 2
2479
1
cehf-cehj 2
2480
1
ceha-ceia 2
2483
1
ceig-ceid 2
2484
1
ccgd-ceie 2
2485
1
ceie-ceif 2
2486
1
cehb-ceig 2
2487
1
cehi-ceih 2
2488
1
cehb-ceii 2
2490
1
cejc-ceja 2
2491
1
ceij-cejb 2
2492
1
cdad-cejc 2
2507
1
dhei-cfah 2
2508
1
cfbe-cfai 2
2509
1
cfbh-cfaj 2
2510
1
cjac-cfba 2
2511
2
cfbg-cfbb 2
cfah-cfbb 1
2512
1
ebib-cfbc 2
2513
1
cfbe-cfbd 2
2514
1
cfbc-cfbe 2
2515
1
cfbb-cfbf 2
2516
2
cjac-cfbg 2
cifd-cfbg 1
2517
1
dheh-cfbh 2
2518
1
cfba-cfbi 2
2524
4
dcab-cfce 2
dbjg-cfce 1
dbjd-cfce 1
dbjc-cfce 1
2525
1
ceab-cfcf 2
2526
2
cfgd-cfcg 2
ciba-cfcg 1
2527
1
ceac-cfch 2
2528
1
cfcf-cfci 2
2529
1
cfci-cfcj 2
2532
1
cfdi-cfdc 2
2533
1
cfef-cfdd 2
2534
1
cfdh-cfde 2
2536
1
cdei-cfdg 2
2537
1
cfdg-cfdh 2
2538
1
cfde-cfdi 2
2540
1
cfdh-cfea 2
2541
2
cfgd-cfeb 2
cibb-cfeb 1
2543
1
cbci-cfed 2
2544
1
cdeh-cfee 2
2545
1
cfeb-cfef 2
2546
1
cffe-cfeg 2
2547
1
cfei-cfeh 2
2548
1
cffc-cfei 2
2549
1
cfeg-cfej 2
2550
1
cffh-cffa 2
2551
1
ccfc-cffb 2
2552
1
cffj-cffc 2
2553
1
cfej-cffd 2
2554
1
cfjh-cffe 2
2555
1
cfeh-cfff 2
2556
1
cffb-cffg 2
2557
1
cffi-cffh 2
2558
1
cffd-cffi 2
2559
1
cffg-cffj 2
2560
1
cfgc-cfga 2
2561
1
cfga-cfgb 2
2562
1
cajb-cfgc 2
2563
1
cdie-cfgd 2
2564
1
cfgj-cfge 2
2565
2
cfgh-cfgf 2
cfif-cfgf 1
2566
2
cfhb-cfgg 2
cfie-cfgg 1
2567
3
cfhf-cfgh 2
cfhg-cfgh 1
cfhi-cfgh 1
2568
2
cfhh-cfgi 2
cfgg-cfgi 1
2569
1
cfha-cfgj 2
2570
2
cfhd-cfha 2
djfh-cfha 1
2571
1
cgaa-cfhb 2
2572
1
cfjg-cfhc 2
2573
1
cija-cfhd 2
2574
2
cfgg-cfhe 2
cfgj-cfhe 1
2579
2
cfji-cfhj 2
cfjd-cfhj 1
2580
1
cfig-cfia 2
2581
1
cfid-cfib 2
2583
3
cfie-cfid 2
cfja-cfid 1
cfgf-cfid 1
2584
2
cfhj-cfie 2
cfge-cfie 1
2585
1
cfhj-cfif 2
2586
1
cfic-cfig 2
2588
1
cfid-cfii 2
2590
3
cgfi-cfja 2
cgaa-cfja 1
cfic-cfja 1
2592
1
cfia-cfjc 2
2593
1
dchh-cfjd 2
2594
1
dffd-cfje 2
2595
1
cgaf-cfjf 2
2596
1
cfgi-cfjg 2
2597
1
cfib-cfjh 2
2598
1
cfff-cfji 2
2599
1
cgad-cfjj 2
2600
2
cfjj-cgaa 2
cfii-cgaa 1
2601
1
cfgf-cgab 2
2602
1
cfje-cgac 2
2603
1
cgac-cgad 2
2604
1
cgag-cgae 2
2605
1
cgae-cgaf 2
2606
1
cgab-cgag 2
2608
1
cgbb-cgai 2
2609
1
cjce-cgaj 2
2610
1
cgaj-cgba 2
2611
1
cafb-cgbb 2
2622
1
cgcf-cgcc 2
2623
1
dbej-cgcd 2
2624
1
cgcd-cgce 2
2625
1
dbdd-cgcf 2
2628
1
cgda-cgci 2
2629
1
cgci-cgcj 2
2630
1
ebdd-cgda 2
2631
1
chah-cgdb 2
2632
1
cgde-cgdc 2
2633
1
cgec-cgdd 2
2634
2
chfg-cgde 2
cgdj-cgde 1
2635
1
cgdb-cgdf 2
2636
1
cgeb-cgdg 2
2637
1
cgdi-cgdh 2
2638
2
cgfc-cgdi 2
cged-cgdi 1
2639
1
cgea-cgdj 2
2640
1
cgdh-cgea 2
2641
2
cgdj-cgeb 2
cgdf-cgeb 1
2642
1
cheg-cgec 2
2643
1
cgdd-cged 2
2644
1
cagb-cgee 2
2645
1
chec-cgef 2
2646
1
cgef-cgeg 2
2647
1
cgei-cgeh 2
2648
1
cgfb-cgei 2
2649
1
cgeh-cgej 2
2650
2
cggf-cgfa 2
cghc-cgfa 1
2651
1
cgdg-cgfb 2
2652
1
cgff-cgfc 2
2653
2
cggj-cgfd 2
cghh-cgfd 1
2654
1
cgfj-cgfe 2
2655
1
cgeg-cgff 2
2656
1
cgee-cgfg 2
2657
1
cgfg-cgfh 2
2658
1
cggh-cgfi 2
2659
1
cfja-cgfj 2
2660
1
cgfh-cgga 2
2661
1
cgfa-cggb 2
2662
1
cghf-cggc 2
2663
1
cggc-cggd 2
2664
1
cghf-cgge 2
2665
1
cghb-cggf 2
2666
1
cgfa-cggg 2
2667
1
cgga-cggh 2
2668
1
cgfd-cggi 2
2669
1
cgha-cggj 2
2670
1
cgfe-cgha 2
2671
1
djfd-cghb 2
2672
1
cghg-cghc 2
2673
1
cghe-cghd 2
2674
1
cgge-cghe 2
2675
2
cgej-cghf 2
cheb-cghf 1
2676
1
cgfg-cghg 2
2677
1
cggb-cghh 2
2678
1
cggg-cghi 2
2679
2
cgie-cghj 2
defa-cghj 1
2680
1
dbeh-cgia 2
2681
1
cgia-cgib 2
2682
1
cgib-cgic 2
2683
2
decf-cgid 2
deec-cgid 1
2684
1
cgid-cgie 2
2685
1
djhd-cgif 2
2686
1
chhi-cgig 2
2687
1
cgii-cgih 2
2688
1
chac-cgii 2
2691
1
chaf-cgjb 2
2702
1
cgjb-chac 2
2705
1
chai-chaf 2
2706
1
cgih-chag 2
2707
1
chag-chah 2
2708
1
cgdc-chai 2
2709
1
chba-chaj 2
2710
1
dgfa-chba 2
2711
1
chbc-chbb 2
2712
1
chbd-chbc 2
2713
1
chbe-chbd 2
2714
1
chaj-chbe 2
2720
1
chcc-chca 2
2721
1
dhba-chcb 2
2722
1
djeb-chcc 2
2723
1
chcb-chcd 2
2724
1
dehc-chce 2
2725
1
chce-chcf 2
2726
1
chci-chcg 2
2727
1
chcg-chch 2
2728
1
ceae-chci 2
2729
1
chcf-chcj 2
2730
1
ddcg-chda 2
2731
1
dcdj-chdb 2
2732
1
chfe-chdc 2
2733
1
cjjf-chdd 2
2735
1
chdh-chdf 2
2736
1
dhig-chdg 2
2737
1
chea-chdh 2
2738
1
chdg-chdi 2
2739
1
chdi-chdj 2
2740
1
cheg-chea 2
2741
1
chee-cheb 2
2742
1
chff-chec 2
2743
1
cghd-ched 2
2744
1
cheh-chee 2
2745
1
ched-chef 2
2746
2
cjhc-cheg 2
cgdf-cheg 1
2747
1
cjhc-cheh 2
2748
1
chef-chei 2
2749
1
cggd-chej 2
2750
1
chfd-chfa 2
2751
1
chej-chfb 2
2752
1
chdd-chfc 2
2753
1
chfc-chfd 2
2754
1
chfb-chfe 2
2755
1
chfa-chff 2
2756
2
cgdj-chfg 2
chdj-chfg 1
2759
1
cjge-chfj 2
2760
1
chgb-chga 2
2761
1
chfj-chgb 2
2764
1
chgh-chge 2
2765
1
dhea-chgf 2
2766
1
chgf-chgg 2
2767
1
chgi-chgh 2
2768
2
chgg-chgi 2
ddcd-chgi 1
2769
1
chha-chgj 2
2770
1
chhg-chha 2
2771
2
cdhg-chhb 2
cdhi-chhb 1
2772
1
chhb-chhc 2
2775
1
chhc-chhf 2
2776
2
cihj-chhg 2
ceab-chhg 1
2777
1
cgif-chhh 2
2778
1
dhdc-chhi 2
2779
1
chic-chhj 2
2780
1
chja-chia 2
2781
1
chia-chib 2
2782
1
chid-chic 2
2783
1
cihg-chid 2
2784
1
chib-chie 2
2785
1
chjb-chif 2
2786
1
chih-chig 2
2787
1
chij-chih 2
2788
1
chif-chii 2
2789
1
chhj-chij 2
2790
1
chii-chja 2
2791
1
dhdb-chjb 2
2793
1
chje-chjd 2
2794
1
cdib-chje 2
2795
1
dcda-chjf 2
2798
1
chjf-chji 2
2799
1
ciad-chjj 2
2800
1
ciac-ciaa 2
2801
1
chjj-ciab 2
2802
1
deic-ciac 2
2803
1
dehd-ciad 2
2804
1
ciaa-ciae 2
2805
1
deah-ciaf 2
2806
2
cjih-ciag 2
ccda-ciag 1
2807
1
djcg-ciah 2
2808
1
djcj-ciai 2
2809
2
cfcj-ciaj 2
cfea-ciaj 1
2810
1
cfea-ciba 2
2811
1
cfch-cibb 2
2814
1
cibj-cibe 2
2815
1
cibi-cibf 2
2816
1
cijb-cibg 2
2817
1
cibe-cibh 2
2818
1
cibg-cibi 2
2819
1
cicd-cibj 2
2820
1
cibf-cica 2
2821
1
cica-cicb 2
2822
1
cibh-cicc 2
2823
1
cjee-cicd 2
2824
1
djcf-cice 2
2825
1
ceca-cicf 2
2826
1
dafh-cicg 2
2827
1
ceee-cich 2
2828
1
cich-cici 2
2829
1
cida-cicj 2
2830
1
dijd-cida 2
2833
1
cicg-cidd 2
2845
1
cidd-cief 2
2849
2
ebdd-ciej 2
ebde-ciej 1
2850
1
cifc-cifa 2
2852
1
cfbd-cifc 2
2853
1
ciej-cifd 2
2858
1
cehc-cifi 2
2859
1
diec-cifj 2
2860
2
dhdf-ciga 2
cjfa-ciga 1
2861
2
dbaf-cigb 2
ddbb-cigb 1
2862
1
ebbh-cigc 2
2863
1
cihe-cigd 2
2864
1
ciha-cige 2
2865
1
ebai-cigf 2
2866
2
cbid-cigg 2
cbia-cigg 1
2867
1
cehh-cigh 2
2868
1
cihc-cigi 2
2869
1
cigf-cigj 2
2870
1
cihd-ciha 2
2871
1
cigh-cihb 2
2872
1
dahg-cihc 2
2873
1
cigc-cihd 2
2874
1
cigj-cihe 2
2875
1
chie-cihf 2
2876
1
ebba-cihg 2
2879
1
djbh-cihj 2
2881
1
chhf-ciib 2
2890
1
cicc-cija 2
2891
1
cfhc-cijb 2
2899
1
dhii-cijj 2
2902
1
cjcb-cjac 2
2903
1
cjcd-cjad 2
2904
1
cjca-cjae 2
2905
1
dcdc-cjaf 2
2906
1
cjai-cjag 2
2907
1
cjag-cjah 2
2908
1
dajc-cjai 2
2912
1
cjcf-cjbc 2
2913
1
cajg-cjbd 2
2914
1
cbcb-cjbe 2
2915
1
dddi-cjbf 2
2916
2
dhii-cjbg 2
cbcb-cjbg 1
2917
1
cegd-cjbh 2
2918
1
cccf-cjbi 2
2919
2
cfbd-cjbj 2
cfaj-cjbj 1
2920
1
cjbj-cjca 2
2921
1
cjad-cjcb 2
2922
1
cjae-cjcc 2
2923
1
dgff-cjcd 2
2924
1
cjbd-cjce 2
2925
1
cgai-cjcf 2
2930
1
cjaf-cjda 2
2932
1
cjdf-cjdc 2
2933
1
cebg-cjdd 2
2935
1
dfaf-cjdf 2
2936
1
cjdd-cjdg 2
2937
2
ceah-cjdh 2
dgjb-cjdh 1
2938
1
dgjg-cjdi 2
2939
1
cjec-cjdj 2
2940
1
cbbd-cjea 2
2941
1
cjea-cjeb 2
2942
1
cjed-cjec 2
2943
1
cicb-cjed 2
2944
1
cjeb-cjee 2
2947
1
ebaf-cjeh 2
2948
1
ebad-cjei 2
2949
2
cigb-cjej 2
dhdf-cjej 1
2950
1
ecbc-cjfa 2
2951
1
cjfg-cjfb 2
2952
2
cjje-cjfc 2
cjjb-cjfc 1
2953
1
cjgf-cjfd 2
2954
1
cjif-cjfe 2
2955
1
cjfc-cjff 2
2956
1
dgej-cjfg 2
2957
1
cjha-cjfh 2
2958
1
chga-cjfi 2
2959
1
cjga-cjfj 2
2960
1
cjhi-cjga 2
2961
1
cjfi-cjgb 2
2962
1
cjhi-cjgc 2
2963
1
cjfh-cjgd 2
2964
1
cjgf-cjge 2
2965
1
cjig-cjgf 2
2966
2
cjgd-cjgg 2
cjfe-cjgg 1
2967
1
cjij-cjgh 2
2968
1
cjia-cjgi 2
2969
1
cjfj-cjgj 2
2970
1
cjgj-cjha 2
2971
2
chei-cjhb 2
chfg-cjhb 1
2972
1
cjhe-cjhc 2
2973
1
cjhb-cjhd 2
2974
1
cjhh-cjhe 2
2975
1
cjhd-cjhf 2
2976
2
cjgb-cjhg 2
cjja-cjhg 1
2977
1
cjhg-cjhh 2
2978
1
cjhf-cjhi 2
2979
1
chdc-cjhj 2
2980
1
cjgc-cjia 2
2981
1
cjid-cjib 2
2982
1
dhih-cjic 2
2983
1
cjfb-cjid 2
2984
1
cjgh-cjie 2
2985
1
cjfb-cjif 2
2986
1
cjjd-cjig 2
2987
1
cjgg-cjih 2
2988
1
cjgi-cjii 2
2989
1
dfcg-cjij 2
2990
1
cjie-cjja 2
2991
1
cjhj-cjjb 2
2992
2
dfbc-cjjc 2
cjih-cjjc 1
2993
2
ccda-cjjd 2
ddja-cjjd 1
2994
3
cjfb-cjje 2
cjic-cjje 1
cjfd-cjje 1
2995
1
cjje-cjjf 2
3003
1
daag-daad 2
3006
2
djgj-daag 2
dabf-daag 1
3015
1
dcha-dabf 2
3016
1
dacc-dabg 2
3017
1
daca-dabh 2
3019
1
dadb-dabj 2
3020
1
dabj-daca 2
3021
1
dabg-dacb 2
3022
1
cdeh-dacc 2
3028
1
dgia-daci 2
3029
1
eabi-dacj 2
3030
1
dacb-dada 2
3031
1
daje-dadb 2
3032
1
ebah-dadc 2
3033
1
daea-dadd 2
3034
1
dchj-dade 2
3035
1
dadi-dadf 2
3036
1
djih-dadg 2
3037
1
dadg-dadh 2
3038
1
dadj-dadi 2
3039
1
dadd-dadj 2
3040
1
dadh-daea 2
3047
1
dagf-daeh 2
3051
1
dahb-dafb 2
3053
1
dafe-dafd 2
3054
1
dagd-dafe 2
3056
2
dggb-dafg 2
cjcc-dafg 1
3057
1
dafb-dafh 2
3060
1
dafg-daga 2
3061
1
daga-dagb 2
3062
1
dagj-dagc 2
3063
1
dagc-dagd 2
3064
1
dagi-dage 2
3065
1
dagi-dagf 2
3068
1
dagb-dagi 2
3069
1
daha-dagj 2
3070
1
daeg-daha 2
3071
1
dage-dahb 2
3072
1
daia-dahc 2
3073
1
dahh-dahd 2
3074
1
dahi-dahe 2
3075
1
daib-dahf 2
3076
1
dahc-dahg 2
3077
1
cihb-dahh 2
3078
1
dhda-dahi 2
3079
1
dahf-dahj 2
3080
1
dahe-daia 2
3081
1
dahd-daib 2
3092
1
dajf-dajc 2
3093
1
cjda-dajd 2
3094
1
dajd-daje 2
3095
1
dada-dajf 2
3097
1
dbae-dajh 2
3098
1
dbad-daji 2
3099
1
dhja-dajj 2
3100
1
dajh-dbaa 2
3101
1
dbag-dbab 2
3102
1
dbab-dbac 2
3103
1
dbac-dbad 2
3104
1
dajj-dbae 2
3105
1
dbaa-dbaf 2
3106
1
ciga-dbag 2
3114
1
dbca-dbbe 2
3116
1
dbbh-dbbg 2
3117
1
dbbj-dbbh 2
3118
1
dbcb-dbbi 2
3119
1
dche-dbbj 2
3120
1
dbcd-dbca 2
3121
1
dbcc-dbcb 2
3122
3
dbbg-dbcc 2
dbbf-dbcc 1
difj-dbcc 1
3123
1
dbbj-dbcd 2
3124
1
difj-dbce 2
3125
1
cfce-dbcf 2
3126
1
chdb-dbcg 2
3127
2
dbde-dbch 2
dbci-dbch 1
3128
1
dbdb-dbci 2
3129
1
dbcg-dbcj 2
3130
1
dbcj-dbda 2
3131
1
dbdc-dbdb 2
3132
1
cgce-dbdc 2
3133
1
dbda-dbdd 2
3134
1
dbea-dbde 2
3135
1
dbcg-dbdf 2
3136
1
dbeb-dbdg 2
3137
2
dbec-dbdh 2
dbdj-dbdh 1
3138
1
dbed-dbdi 2
3139
1
dbdf-dbdj 2
3140
1
dbec-dbea 2
3141
1
dbei-dbeb 2
3142
1
dbdi-dbec 2
3143
1
cghj-dbed 2
3144
1
dbdg-dbee 2
3147
2
dbfa-dbeh 2
dbee-dbeh 1
3148
2
dbdh-dbei 2
cgcc-dbei 1
3149
1
dbec-dbej 2
3150
1
diaa-dbfa 2
3151
1
dbed-dbfb 2
3152
2
djed-dbfc 2
cafa-dbfc 1
3162
1
dbgf-dbgc 2
3163
2
dbjj-dbgd 2
dbja-dbgd 1
3164
1
dbgd-dbge 2
3165
2
dbii-dbgf 2
dccc-dbgf 1
3180
1
dccj-dbia 2
3181
1
dbia-dbib 2
3182
1
dbid-dbic 2
3183
1
dccd-dbid 2
3188
2
djid-dbii 2
dcdb-dbii 1
3190
1
dbgc-dbja 2
3191
1
djid-dbjb 2
3196
1
dchd-dbjg 2
3199
1
dbgc-dbjj 2
3201
2
dchd-dcab 2
dbce-dcab 1
3204
1
dfgi-dcae 2
3205
1
dcae-dcaf 2
3206
1
dcae-dcag 2
3207
1
dcae-dcah 2
3208
1
dcae-dcai 2
3215
1
dccg-dcbf 2
3216
1
dccg-dcbg 2
3217
1
dccg-dcbh 2
3220
1
dbge-dcca 2
3221
1
dcca-dccb 2
3222
1
dbib-dccc 2
3223
1
dbgd-dccd 2
3224
1
dcci-dcce 2
3225
2
dcch-dccf 2
dcci-dccf 1
3226
1
ddef-dccg 2
3228
3
dcbf-dcci 2
dcbg-dcci 1
dcbh-dcci 1
3229
1
chjd-dccj 2
3230
1
dbic-dcda 2
3231
1
cjah-dcdb 2
3232
1
dcca-dcdc 2
3238
1
dcfc-dcdi 2
3239
4
dcee-dcdj 2
eafj-dcdj 1
chda-dcdj 1
dcdi-dcdj 1
3240
1
dchb-dcea 2
3241
1
dcea-dceb 2
3242
1
dcfg-dcec 2
3245
1
dcdj-dcef 2
3249
1
dfgd-dcej 2
3250
1
dcec-dcfa 2
3251
1
dcef-dcfb 2
3252
1
dcgf-dcfc 2
3256
1
dchf-dcfg 2
3257
1
dceb-dcfh 2
3258
1
dcgh-dcfi 2
3259
1
dcgc-dcfj 2
3261
1
dcgd-dcgb 2
3262
1
dcge-dcgc 2
3263
1
dcgi-dcgd 2
3264
1
dcfi-dcge 2
3265
1
dcgj-dcgf 2
3266
1
dcfb-dcgg 2
3267
1
dcgb-dcgh 2
3268
1
dcgg-dcgi 2
3269
1
dcfj-dcgj 2
3270
1
dcfa-dcha 2
3271
1
daad-dchb 2
3273
1
dbbi-dchd 2
3274
2
cfce-dche 2
dcfh-dche 1
3275
1
dchd-dchf 2
3276
1
cfjc-dchg 2
3277
1
dchi-dchh 2
3278
1
dadc-dchi 2
3279
1
dchg-dchj 2
3280
2
dcid-dcia 2
caie-dcia 1
3281
1
cbag-dcib 2
3282
2
dcib-dcic 2
caie-dcic 1
3283
1
ccfe-dcid 2
3284
1
dcij-dcie 2
3285
1
dcie-dcif 2
3286
1
dcjb-dcig 2
3287
1
dcii-dcih 2
3288
1
dcig-dcii 2
3289
1
dcih-dcij 2
3290
1
dcif-dcja 2
3291
1
ebcj-dcjb 2
3292
1
cbbj-dcjc 2
3293
1
eacf-dcjd 2
3294
2
ddaf-dcje 2
ddac-dcje 1
3295
1
dcjj-dcjf 2
3296
1
ddae-dcjg 2
3297
1
ddaa-dcjh 2
3298
1
dfed-dcji 2
3299
2
dcji-dcjj 2
cedh-dcjj 1
3300
1
dcjg-ddaa 2
3301
2
ddaf-ddab 2
dcje-ddab 1
3302
1
ddad-ddac 2
3303
1
dcjf-ddad 2
3304
1
ddab-ddae 2
3305
1
cahc-ddaf 2
3306
2
ddac-ddag 2
dcje-ddag 1
3307
1
ddai-ddah 2
3308
1
ddaj-ddai 2
3309
1
ddbd-ddaj 2
3310
1
ddbc-ddba 2
3311
1
ddba-ddbb 2
3312
1
ddah-ddbc 2
3313
1
ddbe-ddbd 2
3314
1
ciga-ddbe 2
3322
1
chgi-ddcc 2
3323
1
djif-ddcd 2
3326
1
ddcj-ddcg 2
3327
1
chdb-ddch 2
3328
1
ddcj-ddci 2
3329
1
dddb-ddcj 2
3330
2
ddci-ddda 2
ddch-ddda 1
3331
1
cdih-dddb 2
3332
1
ddda-dddc 2
3333
1
cjbg-dddd 2
3334
1
ebhc-ddde 2
3335
2
dddg-dddf 2
dhed-dddf 1
3336
1
dddd-dddg 2
3337
1
ddde-dddh 2
3338
1
dddh-dddi 2
3340
1
ddeb-ddea 2
3341
2
dccf-ddeb 2
dcce-ddeb 1
3342
1
ddea-ddec 2
3343
1
dihf-dded 2
3345
1
ddei-ddef 2
3348
1
ddej-ddei 2
3349
2
dded-ddej 2
dfii-ddej 1
3354
2
decd-ddfe 2
ddfg-ddfe 1
3355
1
ddfj-ddff 2
3356
2
ddjh-ddfg 2
deej-ddfg 1
3357
3
degj-ddfh 2
dega-ddfh 1
dehi-ddfh 1
3358
1
ddfe-ddfi 2
3359
2
ddfh-ddfj 2
defc-ddfj 1
3360
1
ddgc-ddga 2
3361
1
ddgg-ddgb 2
3362
1
ddgd-ddgc 2
3363
1
deca-ddgd 2
3364
1
ddgf-ddge 2
3365
1
ddgb-ddgf 2
3366
1
cgib-ddgg 2
3367
2
ddhf-ddgh 2
dedd-ddgh 1
3368
3
degj-ddgi 2
djhf-ddgi 1
defi-ddgi 1
3369
1
djhf-ddgj 2
3370
1
ddhd-ddha 2
3371
3
ddgi-ddhb 2
ddhe-ddhb 1
ddgj-ddhb 1
3372
1
ddha-ddhc 2
3373
1
ddhi-ddhd 2
3374
1
degj-ddhe 2
3375
1
ddhb-ddhf 2
3376
3
dfbj-ddhg 2
djga-ddhg 1
dfcc-ddhg 1
3377
1
ddha-ddhh 2
3378
1
ddhg-ddhi 2
3379
1
ddff-ddhj 2
3380
1
ddhj-ddia 2
3381
1
ddia-ddib 2
3382
1
ddif-ddic 2
3383
1
ddih-ddid 2
3384
1
ddid-ddie 2
3385
1
dehd-ddif 2
3386
1
ddic-ddig 2
3387
1
defd-ddih 2
3388
1
defd-ddii 2
3389
1
deid-ddij 2
3390
2
deac-ddja 2
deag-ddja 1
3391
1
ciag-ddjb 2
3394
1
deaa-ddje 2
3395
1
ddjg-ddjf 2
3396
1
ddff-ddjg 2
3397
1
ddje-ddjh 2
3400
1
deaf-deaa 2
3401
2
ddjb-deab 2
ddib-deab 1
3402
1
deae-deac 2
3403
1
ddjf-dead 2
3404
1
dead-deae 2
3405
1
deab-deaf 2
3406
1
deai-deag 2
3407
1
ddjb-deah 2
3408
1
dfaj-deai 2
3409
3
dehb-deaj 2
debf-deaj 1
deha-deaj 1
3410
1
defe-deba 2
3414
2
dehb-debe 2
dehh-debe 1
3415
1
defe-debf 2
3416
1
deha-debg 2
3417
1
defe-debh 2
3418
1
decb-debi 2
3419
1
debi-debj 2
3420
1
debj-deca 2
3421
1
decc-decb 2
3422
2
ddfj-decc 2
ddge-decc 1
3423
2
deed-decd 2
deca-decd 1
3424
1
ddfj-dece 2
3425
1
dech-decf 2
3426
1
cgic-decg 2
3427
1
decj-dech 2
3428
1
dedc-deci 2
3429
1
deda-decj 2
3430
1
dedi-deda 2
3431
1
deci-dedb 2
3432
1
decg-dedc 2
3433
1
dedg-dedd 2
3434
1
ddhg-dede 2
3435
1
dede-dedf 2
3436
1
eaie-dedg 2
3437
1
ddhb-dedh 2
3438
1
deeb-dedi 2
3439
1
dedb-dedj 2
3440
2
dedj-deea 2
defb-deea 1
3441
1
dehf-deeb 2
3442
1
dece-deec 2
3443
1
cgic-deed 2
3445
2
ddfj-deef 2
decd-deef 1
3446
2
deej-deeg 2
ccdd-deeg 1
3447
1
degc-deeh 2
3448
2
deeh-deei 2
ddff-deei 1
3449
1
dibb-deej 2
3450
1
ddga-defa 2
3451
1
ddfe-defb 2
3452
1
deeb-defc 2
3453
1
dehf-defd 2
3454
3
dejd-defe 2
dgig-defe 1
degf-defe 1
3455
2
deaj-deff 2
deha-deff 1
3456
1
ddha-defg 2
3457
1
dege-defh 2
3458
2
deeg-defi 2
dehj-defi 1
3459
1
djhf-defj 2
3460
1
djhf-dega 2
3461
2
degj-degb 2
dega-degb 1
3462
1
degb-degc 2
3463
2
ddhc-degd 2
ddfi-degd 1
3464
4
dehb-dege 2
ddhh-dege 1
defi-dege 1
ddhc-dege 1
3465
1
dehd-degf 2
3466
1
deff-degg 2
3469
5
deba-degj 2
debf-degj 1
defj-degj 1
debd-degj 1
debc-degj 1
3470
3
dehh-deha 2
degj-deha 1
dehb-deha 1
3471
5
defi-dehb 2
ddfi-dehb 1
defg-dehb 1
debh-dehb 1
defh-dehb 1
3472
3
ddie-dehc 2
ciae-dehc 1
degg-dehc 1
3473
2
dgid-dehd 2
chch-dehd 1
3474
3
deea-dehe 2
ddig-dehe 1
ddij-dehe 1
3475
3
debg-dehf 2
debc-dehf 1
debd-dehf 1
3477
1
dehe-dehh 2
3478
1
debg-dehi 2
3479
1
deef-dehj 2
3482
1
ddii-deic 2
3483
1
ciab-deid 2
3493
2
cfce-dejd 2
dccb-dejd 1
3494
2
deff-deje 2
dccb-deje 1
3504
2
dfah-dfae 2
cjdg-dfae 1
3505
1
dfhg-dfaf 2
3506
1
cjff-dfag 2
3507
1
dgei-dfah 2
3508
1
dfaf-dfai 2
3509
1
dfca-dfaj 2
3510
3
dfbh-dfba 2
ciaf-dfba 1
dfbd-dfba 1
3511
1
dfbd-dfbb 2
3512
2
dfbb-dfbc 2
dfaj-dfbc 1
3513
1
dfcd-dfbd 2
3514
2
dfcf-dfbe 2
dfaj-dfbe 1
3517
1
cjjd-dfbh 2
3518
1
ddhf-dfbi 2
3519
1
dfba-dfbj 2
3520
2
ddgh-dfca 2
dfce-dfca 1
3521
1
dedh-dfcb 2
3522
1
dfbe-dfcc 2
3523
1
ddgh-dfcd 2
3524
1
dfcb-dfce 2
3525
1
dfbh-dfcf 2
3526
1
dfdd-dfcg 2
3527
1
cbcj-dfch 2
3528
3
dffh-dfci 2
cbjf-dfci 1
dfda-dfci 1
3529
1
dfch-dfcj 2
3530
1
dfdc-dfda 2
3531
1
dfcj-dfdb 2
3532
1
cdeb-dfdc 2
3533
1
cceb-dfdd 2
3534
1
cjii-dfde 2
3542
2
dcjh-dfec 2
cedh-dfec 1
3543
1
eabd-dfed 2
3544
1
eaab-dfee 2
3545
1
dfeg-dfef 2
3546
1
dgdg-dfeg 2
3548
1
dfej-dfei 2
3549
1
cdbd-dfej 2
3550
1
ccig-dffa 2
3551
1
dffa-dffb 2
3552
1
cfjf-dffc 2
3553
2
dffg-dffd 2
dffe-dffd 1
3554
1
cdig-dffe 2
3555
2
dffg-dfff 2
dffc-dfff 1
3556
2
cbjf-dffg 2
dfch-dffg 1
3557
2
dffc-dffh 2
dffe-dffh 1
3559
1
dfgb-dffj 2
3560
1
eabj-dfga 2
3561
1
dcej-dfgb 2
3563
1
dfga-dfgd 2
3567
1
dfhh-dfgh 2
3568
2
dfia-dfgi 2
dfgh-dfgi 1
3569
1
dcah-dfgj 2
3570
1
dcag-dfha 2
3571
1
dcaf-dfhb 2
3572
1
dcai-dfhc 2
3575
1
dfae-dfhf 2
3576
2
dfhj-dfhg 2
dfhi-dfhg 1
3577
1
dfid-dfhh 2
3578
3
dfhe-dfhi 2
dfgj-dfhi 1
dfhb-dfhi 1
3579
2
dfha-dfhj 2
dfhc-dfhj 1
3580
1
dfhf-dfia 2
3581
1
dfic-dfib 2
3582
1
dfhi-dfic 2
3583
2
eaca-dfid 2
dhai-dfid 1
3586
1
ddea-dfig 2
3588
1
dgab-dfii 2
3596
1
dgaa-dfjg 2
3599
1
dgad-dfjj 2
3600
1
dfig-dgaa 2
3601
1
dfjj-dgab 2
3602
1
dfjg-dgac 2
3603
1
djdd-dgad 2
3610
1
dici-dgba 2
3611
1
ccci-dgbb 2
3635
1
dfee-dgdf 2
3636
1
cdfe-dgdg 2
3647
1
dfai-dgeh 2
3648
1
dfag-dgei 2
3649
1
dgeh-dgej 2
3650
1
dgjh-dgfa 2
3654
1
cjcc-dgfe 2
3655
1
dggh-dgff 2
3658
1
dggi-dgfi 2
3659
1
dggi-dgfj 2
3660
1
dggi-dgga 2
3661
1
cdgj-dggb 2
3662
1
dafd-dggc 2
3667
3
dgfi-dggh 2
dgga-dggh 1
dgfj-dggh 1
3668
1
dgfe-dggi 2
3674
1
dhab-dghe 2
3675
1
dghe-dghf 2
3676
1
dgie-dghg 2
3677
1
dghg-dghh 2
3678
1
dghh-dghi 2
3680
1
dgjj-dgia 2
3681
1
dacj-dgib 2
3682
1
dehc-dgic 2
3683
1
dgje-dgid 2
3684
1
dgif-dgie 2
3685
1
deff-dgif 2
3686
1
dgih-dgig 2
3687
1
dghf-dgih 2
3690
1
dgjc-dgja 2
3691
1
dgjf-dgjb 2
3692
3
cjdi-dgjc 2
ceah-dgjc 1
chcj-dgjc 1
3693
1
dgic-dgjd 2
3694
1
dgja-dgje 2
3695
1
dgjd-dgjf 2
3696
1
dgji-dgjg 2
3697
1
cjdh-dgjh 2
3698
1
chbb-dgji 2
3699
1
dghi-dgjj 2
3700
1
dgib-dhaa 2
3701
1
dhaa-dhab 2
3702
1
dhae-dhac 2
3703
1
dhbb-dhad 2
3704
1
dhag-dhae 2
3705
1
dhah-dhaf 2
3706
1
eacc-dhag 2
3707
1
dhad-dhah 2
3708
1
dhaf-dhai 2
3709
1
cafi-dhaj 2
3710
2
dhbb-dhba 2
eaje-dhba 1
3711
1
dhaj-dhbb 2
3712
1
dhbd-dhbc 2
3713
1
chca-dhbd 2
3714
2
dhbc-dhbe 2
dhac-dhbe 1
3730
1
chig-dhda 2
3731
1
dahj-dhdb 2
3732
1
cagf-dhdc 2
3733
1
chhh-dhdd 2
3734
3
cigb-dhde 2
cjfa-dhde 1
ecbc-dhde 1
3735
2
dife-dhdf 2
diej-dhdf 1
3740
1
dhee-dhea 2
3741
1
chge-dheb 2
3742
1
ddde-dhec 2
3743
1
dhef-dhed 2
3744
1
dhec-dhee 2
3745
1
dheb-dhef 2
3746
1
dhei-dheg 2
3747
2
dheg-dheh 2
cfai-dheh 1
3748
2
cfbi-dhei 2
ebeb-dhei 1
3751
1
dhfc-dhfb 2
3752
1
cdhc-dhfc 2
3754
1
dhfh-dhfe 2
3757
1
eaei-dhfh 2
3759
1
dhfb-dhfj 2
3760
1
dhge-dhga 2
3762
1
dhfe-dhgc 2
3764
1
dhgc-dhge 2
3768
1
dhga-dhgi 2
3770
1
dhgi-dhha 2
3772
1
dhfj-dhhc 2
3784
1
dhhc-dhie 2
3786
1
cjib-dhig 2
3787
1
chdf-dhih 2
3788
1
dhjb-dhii 2
3789
2
cjbf-dhij 2
cjbe-dhij 1
3790
1
dhij-dhja 2
3791
1
daji-dhjb 2
3792
1
dbfb-dhjc 2
3793
2
dhjj-dhjd 2
diab-dhjd 1
3794
1
diac-dhje 2
3795
1
djee-dhjf 2
3796
1
dhjc-dhjg 2
3797
1
dhjd-dhjh 2
3798
1
diad-dhji 2
3799
1
dhjg-dhjj 2
3800
1
dhji-diaa 2
3801
1
dhjf-diab 2
3802
2
dhjj-diac 2
dhjd-diac 1
3803
3
diaf-diad 2
dhjd-diad 1
diab-diad 1
3804
1
cbjg-diae 2
3805
1
dhjh-diaf 2
3806
1
diaj-diag 2
3807
2
djef-diah 2
cbjg-diah 1
3808
1
diag-diai 2
3809
1
dibd-diaj 2
3810
1
deei-diba 2
3811
2
dibd-dibb 2
diai-dibb 1
3812
1
diba-dibc 2
3813
1
diae-dibd 2
3814
1
dibc-dibe 2
3827
1
dgbb-dich 2
3828
1
dida-dici 2
3829
1
dich-dicj 2
3830
1
ecaf-dida 2
3833
3
dide-didd 2
eahg-didd 1
eaee-didd 1
3834
1
didj-dide 2
3837
1
didd-didh 2
3838
1
diea-didi 2
3839
1
ceei-didj 2
3840
1
didh-diea 2
3841
2
difa-dieb 2
cifi-dieb 1
3842
2
eabg-diec 2
eabc-diec 1
3847
1
difb-dieh 2
3848
1
difd-diei 2
3849
1
diec-diej 2
3850
2
difc-difa 2
dhde-difa 1
3851
1
diej-difb 2
3852
1
diei-difc 2
3853
1
dhde-difd 2
3854
1
dieh-dife 2
3859
1
eabf-difj 2
3860
2
dbbe-diga 2
dbcf-diga 1
3862
1
diie-digc 2
3863
1
djcf-digd 2
3865
1
dihd-digf 2
3866
1
djci-digg 2
3868
1
djdh-digi 2
3870
1
digh-diha 2
3871
2
dijf-dihb 2
digg-dihb 1
3872
1
djde-dihc 2
3873
2
dihi-dihd 2
dihc-dihd 1
3874
1
dihb-dihe 2
3875
1
dihg-dihf 2
3876
1
dihb-dihg 2
3877
1
ddec-dihh 2
3878
2
dihh-dihi 2
djaj-dihi 1
3881
1
diic-diib 2
3882
1
djac-diic 2
3883
1
diib-diid 2
3884
1
cdid-diie 2
3885
1
digd-diif 2
3889
1
djaf-diij 2
3891
1
dihd-dijb 2
3893
1
dihd-dijd 2
3895
3
ceff-dijf 2
djbi-dijf 1
cici-dijf 1
3898
1
dijj-diji 2
3899
1
djci-dijj 2
3900
2
dijh-djaa 2
diij-djaa 1
3901
1
djdb-djab 2
3902
1
dihi-djac 2
3903
1
djah-djad 2
3905
1
diid-djaf 2
3907
1
djai-djah 2
3908
1
djba-djai 2
3909
1
djda-djaj 2
3910
1
djbd-djba 2
3911
1
djch-djbb 2
3912
1
djbb-djbc 2
3913
1
diha-djbd 2
3915
1
djbg-djbf 2
3916
1
ciib-djbg 2
3917
1
djca-djbh 2
3918
1
djcc-djbi 2
3919
1
dijb-djbj 2
3920
1
djcb-djca 2
3921
1
djbj-djcb 2
3922
1
djbf-djcc 2
3923
1
djaa-djcd 2
3925
1
ciai-djcf 2
3926
2
cicf-djcg 2
digc-djcg 1
3927
1
djcd-djch 2
3928
1
ciah-djci 2
3929
2
digf-djcj 2
djaa-djcj 1
3930
1
djab-djda 2
3931
1
djad-djdb 2
3933
1
dihe-djdd 2
3934
1
dgac-djde 2
3937
1
djbc-djdh 2
3941
1
cdgi-djeb 2
3942
1
dbfc-djec 2
3943
1
ebje-djed 2
3944
2
diah-djee 2
cbjh-djee 1
3945
1
dhje-djef 2
3950
1
djfc-djfa 2
3951
1
djfe-djfb 2
3952
1
cghi-djfc 2
3953
1
djfb-djfd 2
3954
1
djfg-djfe 2
3955
1
djfa-djff 2
3956
2
djfi-djfg 2
djff-djfg 1
3957
1
djfg-djfh 2
3958
1
cfjg-djfi 2
3959
1
djge-djfj 2
3960
1
djgd-djga 2
3961
1
cebh-djgb 2
3962
1
djfj-djgc 2
3963
1
djgb-djgd 2
3964
1
dfbi-djge 2
3965
1
djhc-djgf 2
3966
1
djhe-djgg 2
3967
1
djhb-djgh 2
3968
1
djgh-djgi 2
3969
1
djgf-djgj 2
3970
1
daag-djha 2
3971
1
djha-djhb 2
3972
1
djgg-djhc 2
3973
1
djgi-djhd 2
3974
1
cgig-djhe 2
3975
5
deje-djhf 2
djic-djhf 1
djhi-djhf 1
djhg-djhf 1
djhj-djhf 1
3976
4
dege-djhg 2
degd-djhg 1
djhf-djhg 1
eaif-djhg 1
3983
2
djhf-djid 2
djhg-djid 1
3984
1
djig-djie 2
3985
1
djie-djif 2
3986
2
ddcc-djig 2
djij-djig 1
3987
1
djja-djih 2
3988
1
dadf-djii 2
3989
1
djii-djij 2
3990
1
djif-djja 2
4000
1
eaaf-eaaa 2
4001
2
eaad-eaab 2
dfef-eaab 1
4002
1
eaaa-eaac 2
4003
1
eaac-eaad 2
4004
1
eaab-eaae 2
4005
1
eaae-eaaf 2
4011
1
eabe-eabb 2
4012
1
diga-eabc 2
4013
1
eabb-eabd 2
4014
1
dfec-eabe 2
4015
2
eabh-eabf 2
dieb-eabf 1
4016
1
eabc-eabg 2
4017
1
dieb-eabh 2
4018
1
dffj-eabi 2
4019
1
daci-eabj 2
4020
1
cdgh-eaca 2
4021
1
dfib-eacb 2
4022
1
dfib-eacc 2
4023
1
chcd-eacd 2
4024
1
dcjc-eace 2
4025
1
each-eacf 2
4026
1
eace-eacg 2
4027
1
ebab-each 2
4042
1
eaef-eaec 2
4043
1
ccjg-eaed 2
4044
1
eaed-eaee 2
4045
1
didd-eaef 2
4048
1
dhie-eaei 2
4059
1
dbch-eafj 2
4076
1
eahh-eahg 2
4077
1
cdfc-eahh 2
4078
1
eahj-eahi 2
4079
1
eaia-eahj 2
4080
1
didd-eaia 2
4084
1
djib-eaie 2
4085
1
dedf-eaif 2
4086
1
eajb-eaig 2
4087
1
eajc-eaih 2
4088
1
eaih-eaii 2
4089
1
eajg-eaij 2
4090
1
eaij-eaja 2
4091
1
eaja-eajb 2
4092
1
eaig-eajc 2
4093
1
dhbd-eajd 2
4094
1
eajf-eaje 2
4095
1
eaii-eajf 2
4096
1
eajd-eajg 2
4097
1
eajj-eajh 2
4099
1
ebac-eajj 2
4100
1
eaji-ebaa 2
4101
1
ebaa-ebab 2
4102
1
eacg-ebac 2
4103
1
cjeh-ebad 2
4104
1
cjei-ebae 2
4105
1
ebag-ebaf 2
4106
1
dade-ebag 2
4107
1
ebae-ebah 2
4108
1
ebaj-ebai 2
4109
1
cihf-ebaj 2
4110
1
cige-ebba 2
4111
1
ebbf-ebbb 2
4112
1
ebbe-ebbc 2
4113
1
ebbb-ebbd 2
4114
1
ebda-ebbe 2
4115
1
ebbi-ebbf 2
4116
1
ebbc-ebbg 2
4117
1
ebbg-ebbh 2
4118
1
cigd-ebbi 2
4129
1
ebbd-ebcj 2
4130
1
dcja-ebda 2
4131
1
ebdf-ebdb 2
4132
1
cbif-ebdc 2
4133
1
ebdc-ebdd 2
4134
1
cgcj-ebde 2
4135
1
cifa-ebdf 2
4137
1
ebdj-ebdh 2
4138
1
dheh-ebdi 2
4139
1
ebdi-ebdj 2
4140
1
ebdh-ebea 2
4141
1
ebea-ebeb 2
4151
1
ebgi-ebfb 2
4152
2
ebhe-ebfc 2
ebfb-ebfc 1
4153
1
ebhb-ebfd 2
4154
1
ebgb-ebfe 2
4155
1
ebfj-ebff 2
4156
1
ebfi-ebfg 2
4157
1
ebga-ebfh 2
4158
1
ebgj-ebfi 2
4159
1
ebfg-ebfj 2
4160
1
ebfe-ebga 2
4161
1
ebgd-ebgb 2
4162
1
ebff-ebgc 2
4163
1
ebhd-ebgd 2
4164
1
ebgc-ebge 2
4165
1
ebia-ebgf 2
4166
1
ebgf-ebgg 2
4168
1
ebgj-ebgi 2
4169
1
ebgg-ebgj 2
4170
2
ebfh-ebha 2
ebhj-ebha 1
4171
1
dddf-ebhb 2
4172
1
ebfc-ebhc 2
4173
1
ebfd-ebhd 2
4174
1
ebge-ebhe 2
4176
1
ebhb-ebhg 2
4177
2
ebha-ebhh 2
ebhg-ebhh 1
4178
1
ebhh-ebhi 2
4179
1
ebfd-ebhj 2
4180
1
cfbf-ebia 2
4181
1
ebhi-ebib 2
4182
1
ecab-ebic 2
4183
1
ecae-ebid 2
4184
2
ebif-ebie 2
ebjd-ebie 1
4185
1
ebjf-ebif 2
4186
1
ebih-ebig 2
4187
2
cchd-ebih 2
cchf-ebih 1
4188
1
ebij-ebii 2
4189
1
ebjb-ebij 2
4190
1
ebie-ebja 2
4191
1
ebja-ebjb 2
4192
1
ebig-ebjc 2
4193
1
djec-ebjd 2
4194
1
ebif-ebje 2
4195
1
ebjc-ebjf 2
4196
1
ebji-ebjg 2
4197
1
cehg-ebjh 2
4198
2
ecag-ebji 2
ebid-ebji 1
4199
1
ecad-ebjj 2
4200
1
cehg-ecaa 2
4201
1
ebjj-ecab 2
4202
1
ebjh-ecac 2
4203
1
ecac-ecad 2
4204
1
ebic-ecae 2
4205
1
ecaa-ecaf 2
4206
1
dicj-ecag 2
4207
2
ecbg-ecah 2
ecbd-ecah 1
4208
1
ecbe-ecai 2
4209
1
ecai-ecaj 2
4210
1
ecbg-ecba 2
4211
2
cjej-ecbb 2
dhdf-ecbb 1
4212
1
ecbi-ecbc 2
4213
1
ecaj-ecbd 2
4214
1
ecba-ecbe 2
4215
1
ecah-ecbf 2
4216
1
ecbh-ecbg 2
4217
1
ecbb-ecbh 2
4218
1
ecbf-ecbi 2
4221
1
ecec-eccb 2
4222
4
ecfc-eccc 2
eccj-eccc 1
ecda-eccc 1
ecgf-eccc 1
4223
2
eccg-eccd 2
ecfh-eccd 1
4224
2
eceb-ecce 2
eceg-ecce 1
4225
2
ecdg-eccf 2
ecgd-eccf 1
4226
2
ecgb-eccg 2
eccd-eccg 1
4227
2
eceh-ecch 2
ecgi-ecch 1
4228
2
ecda-ecci 2
ecee-ecci 1
4229
2
ecgd-eccj 2
eccc-eccj 1
4230
2
eccc-ecda 2
ecci-ecda 1
4231
2
ecei-ecdb 2
ecgc-ecdb 1
4232
4
ecge-ecdc 2
ecdf-ecdc 1
ecgc-ecdc 1
echa-ecdc 1
4233
2
ecdj-ecdd 2
ecfc-ecdd 1
4234
2
ecfe-ecde 2
ecfd-ecde 1
4235
1
ecdc-ecdf 2
4236
4
ecea-ecdg 2
ecgj-ecdg 1
eccf-ecdg 1
ecfj-ecdg 1
4237
2
ecgf-ecdh 2
eced-ecdh 1
4238
2
ecfh-ecdi 2
eceb-ecdi 1
4239
2
ecfd-ecdj 2
ecdd-ecdj 1
4240
2
eced-ecea 2
ecdg-ecea 1
4241
2
ecdi-eceb 2
ecce-eceb 1
4242
2
eccb-ecec 2
ecfa-ecec 1
4243
2
ecdh-eced 2
ecea-eced 1
4244
2
ecci-ecee 2
ecej-ecee 1
4245
2
eceg-ecef 2
ecfi-ecef 1
4246
2
ecce-eceg 2
ecef-eceg 1
4247
2
ecfj-eceh 2
ecch-eceh 1
4248
4
ecga-ecei 2
ecfg-ecei 1
ecff-ecei 1
ecdb-ecei 1
4249
2
ecee-ecej 2
ecge-ecej 1
4250
2
ecec-ecfa 2
ecfe-ecfa 1
4251
1
ecgi-ecfb 2
4252
2
ecdd-ecfc 2
eccc-ecfc 1
4253
2
ecde-ecfd 2
ecdj-ecfd 1
4254
2
ecfa-ecfe 2
ecde-ecfe 1
4255
2
ecgh-ecff 2
ecei-ecff 1
4256
2
ecei-ecfg 2
ecgf-ecfg 1
4257
2
eccd-ecfh 2
ecdi-ecfh 1
4258
2
ecef-ecfi 2
ecgh-ecfi 1
4259
2
ecdg-ecfj 2
eceh-ecfj 1
4260
1
ecei-ecga 2
4261
1
eccg-ecgb 2
4262
2
ecdb-ecgc 2
ecdc-ecgc 1
4263
2
eccf-ecgd 2
eccj-ecgd 1
4264
2
ecej-ecge 2
ecdc-ecge 1
4265
4
ecfg-ecgf 2
eccc-ecgf 1
ecdh-ecgf 1
ecgh-ecgf 1
4266
1
echa-ecgg 2
4267
3
ecgf-ecgh 2
ecfi-ecgh 1
ecff-ecgh 1
4268
2
ecch-ecgi 2
ecfb-ecgi 1
4269
1
ecdg-ecgj 2
4270
2
ecdc-echa 2
ecgg-echa 1
4271
1
echf-echb 2
4275
2
echb-echf 2
echh-echf 1
4277
1
echf-echh 2
4278
2
hagd-echi 2
hadf-echi 1
4284
2
ecja-ecie 2
ecjb-ecie 1
4286
2
ecjb-ecig 2
hafh-ecig 1
4290
1
ecie-ecja 2
4291
2
ecie-ecjb 2
ecig-ecjb 1
4292
1
faac-ecjc 2
4293
1
ecjg-ecjd 2
4294
1
ecjf-ecje 2
4295
2
ecjc-ecjf 2
fjbi-ecjf 1
4296
1
ecjh-ecjg 2
4297
1
fjcb-ecjh 2
4299
1
edbd-ecjj 2
4300
1
edac-edaa 2
4301
1
ecjj-edab 2
4302
2
edbb-edac 2
edae-edac 1
4303
1
edbg-edad 2
4304
1
edba-edae 2
4306
1
edba-edag 2
4308
1
geeh-edai 2
4310
2
edai-edba 2
edad-edba 1
4311
1
fida-edbb 2
4312
1
edaa-edbc 2
4313
1
ehbb-edbd 2
4314
1
fici-edbe 2
4315
1
edac-edbf 2
4316
2
edbe-edbg 2
edab-edbg 1
4318
1
ejci-edbi 2
4319
1
edcc-edbj 2
4320
1
edci-edca 2
4321
1
edbi-edcb 2
4322
1
edcj-edcc 2
4323
1
edch-edcd 2
4324
1
edcg-edce 2
4325
1
ejic-edcf 2
4326
1
edca-edcg 2
4327
1
edcf-edch 2
4328
1
edcb-edci 2
4329
1
edcd-edcj 2
4330
1
eggc-edda 2
4331
1
eibi-eddb 2
4332
1
eddi-eddc 2
4338
1
eddb-eddi 2
4339
1
edec-eddj 2
4342
1
edef-edec 2
4343
1
edfi-eded 2
4344
1
eded-edee 2
4345
1
edeg-edef 2
4346
2
edee-edeg 2
gbbb-edeg 1
4355
1
gbba-edff 2
4356
1
edfh-edfg 2
4357
2
edff-edfh 2
fiaa-edfh 1
4361
1
eegg-edgb 2
4362
1
gedi-edgc 2
4371
1
fihe-edhb 2
4372
1
edjh-edhc 2
4377
1
eeaf-edhh 2
4378
1
edij-edhi 2
4379
1
edid-edhj 2
4380
1
eeai-edia 2
4381
1
edif-edib 2
4382
1
edig-edic 2
4383
1
edia-edid 2
4384
1
edhj-edie 2
4385
1
edii-edif 2
4386
1
edja-edig 2
4387
1
edie-edih 2
4388
1
edic-edii 2
4389
1
edih-edij 2
4390
1
edhh-edja 2
4393
2
ejhh-edjd 2
edhb-edjd 1
4395
1
edjd-edjf 2
4397
1
edji-edjh 2
4398
1
eeab-edji 2
4401
1
edjf-eeab 2
4402
1
gjhf-eeac 2
4403
1
fihf-eead 2
4404
1
edhi-eeae 2
4405
1
eeaj-eeaf 2
4406
1
ffia-eeag 2
4407
1
eeai-eeah 2
4408
2
edib-eeai 2
eeag-eeai 1
4409
1
ejdd-eeaj 2
4410
1
eeae-eeba 2
4411
1
fjgb-eebb 2
4412
1
fjgb-eebc 2
4413
1
eebg-eebd 2
4414
1
fgdj-eebe 2
4415
1
eebc-eebf 2
4417
1
ehjh-eebh 2
4418
1
eecd-eebi 2
4419
1
eecf-eebj 2
4420
1
egeg-eeca 2
4421
2
eece-eecb 2
ffaa-eecb 1
4422
1
eebi-eecc 2
4423
1
eecb-eecd 2
4424
1
eebh-eece 2
4425
1
eeca-eecf 2
4426
1
eicc-eecg 2
4427
1
egah-eech 2
4428
2
eedi-eeci 2
eedb-eeci 1
4429
1
eeda-eecj 2
4430
1
eeci-eeda 2
4431
1
eefj-eedb 2
4432
2
eedd-eedc 2
eede-eedc 1
4433
1
ejac-eedd 2
4434
1
eedg-eede 2
4435
1
eedc-eedf 2
4436
2
eeeg-eedg 2
eefc-eedg 1
4437
2
eeed-eedh 2
eedf-eedh 1
4438
1
eeci-eedi 2
4439
1
eecj-eedj 2
4441
3
eeff-eeeb 2
eeee-eeeb 1
eedc-eeeb 1
4442
1
eedg-eeec 2
4443
1
eegc-eeed 2
4444
1
eeef-eeee 2
4445
1
eeei-eeef 2
4446
2
fcdh-eeeg 2
eedh-eeeg 1
4447
1
eedj-eeeh 2
4448
1
eeej-eeei 2
4449
1
eefa-eeej 2
4450
1
eeeh-eefa 2
4451
1
eedh-eefb 2
4452
1
gbdh-eefc 2
4453
1
eegc-eefd 2
4454
2
ejac-eefe 2
eeea-eefe 1
4455
1
eefd-eeff 2
4456
1
eefh-eefg 2
4457
1
eefe-eefh 2
4458
1
eega-eefi 2
4459
1
eefi-eefj 2
4460
1
eegb-eega 2
4461
1
eedf-eegb 2
4462
1
fcbb-eegc 2
4463
1
eefg-eegd 2
4464
2
eegd-eege 2
eeec-eege 1
4465
2
eegh-eegf 2
eegg-eegf 1
4466
2
eegf-eegg 2
edgc-eegg 1
4467
1
eegj-eegh 2
4468
1
eegf-eegi 2
4469
2
eehb-eegj 2
eegi-eegj 1
4470
1
eegj-eeha 2
4471
1
gafd-eehb 2
4489
1
eeja-eeij 2
4490
1
eejg-eeja 2
4491
2
fdii-eejb 2
fecd-eejb 1
4492
1
eejb-eejc 2
4493
3
ggig-eejd 2
ggjc-eejd 1
eeji-eejd 1
4494
2
eejc-eeje 2
feca-eeje 1
4495
1
eeje-eejf 2
4496
1
eejd-eejg 2
4497
1
eejf-eejh 2
4500
1
efaj-efaa 2
4501
1
fbfb-efab 2
4508
2
efba-efai 2
gcha-efai 1
4509
1
efai-efaj 2
4510
1
efab-efba 2
4513
1
fhgf-efbd 2
4514
1
efbd-efbe 2
4515
1
eibg-efbf 2
4516
1
fhfe-efbg 2
4517
1
fbbe-efbh 2
4518
1
fddi-efbi 2
4519
1
fhjh-efbj 2
4522
2
fjdf-efcc 2
efcd-efcc 1
4523
1
fegg-efcd 2
4524
2
efcc-efce 2
efdh-efce 1
4525
1
efda-efcf 2
4526
1
efdd-efcg 2
4530
1
fcfc-efda 2
4532
1
efcg-efdc 2
4533
1
efed-efdd 2
4534
1
efcf-efde 2
4535
1
efdg-efdf 2
4536
1
efdj-efdg 2
4537
1
efdi-efdh 2
4538
1
efec-efdi 2
4539
1
efcd-efdj 2
4540
1
efdf-efea 2
4542
1
efde-efec 2
4543
1
efea-efed 2
4553
1
efff-effd 2
4554
1
effc-effe 2
4555
1
efhe-efff 2
4556
1
efgb-effg 2
4557
1
gjdf-effh 2
4558
1
efga-effi 2
4559
1
efgc-effj 2
4560
1
effh-efga 2
4561
1
effj-efgb 2
4562
1
efgd-efgc 2
4563
1
ffbc-efgd 2
4564
1
efgf-efge 2
4565
1
effi-efgf 2
4566
1
efgi-efgg 2
4567
2
efgg-efgh 2
gjbe-efgh 1
4568
2
ghjc-efgi 2
ghjb-efgi 1
4569
1
efha-efgj 2
4570
2
efhg-efha 2
efgh-efha 1
4571
1
efhf-efhb 2
4572
1
efhd-efhc 2
4573
1
effe-efhd 2
4574
1
efhb-efhe 2
4575
1
efgg-efhf 2
4576
1
efhc-efhg 2
4580
1
ghec-efia 2
4582
1
efja-efic 2
4587
1
efjb-efih 2
4588
1
faee-efii 2
4589
1
efia-efij 2
4590
1
efjc-efja 2
4591
1
efij-efjb 2
4592
1
efii-efjc 2
4593
1
efjf-efjd 2
4594
1
efjj-efje 2
4595
1
fhge-efjf 2
4596
1
efje-efjg 2
4597
1
egbf-efjh 2
4598
1
gdge-efji 2
4599
3
egbb-efjj 2
egbe-efjj 1
efjd-efjj 1
4600
1
egag-egaa 2
4601
1
egaj-egab 2
4602
1
egaf-egac 2
4604
1
eecg-egae 2
4605
1
egba-egaf 2
4606
1
egac-egag 2
4607
1
egag-egah 2
4608
1
egab-egai 2
4609
2
egad-egaj 2
egae-egaj 1
4610
1
efjj-egba 2
4611
1
egai-egbb 2
4612
1
gdgf-egbc 2
4613
1
ehjf-egbd 2
4614
1
efji-egbe 2
4615
1
efjj-egbf 2
4628
3
egdc-egci 2
egdd-egci 1
gaac-egci 1
4629
1
egdb-egcj 2
4630
1
ficf-egda 2
4631
1
egci-egdb 2
4632
1
egda-egdc 2
4633
1
ffah-egdd 2
4634
1
egci-egde 2
4639
1
fdgi-egdj 2
4641
1
egee-egeb 2
4642
1
eged-egec 2
4643
1
egef-eged 2
4644
1
egeh-egee 2
4645
1
eecc-egef 2
4646
1
egeb-egeg 2
4647
1
fgea-egeh 2
4648
1
giab-egei 2
4649
1
egfj-egej 2
4650
2
egfc-egfa 2
egei-egfa 1
4651
1
egej-egfb 2
4652
1
egfe-egfc 2
4653
1
egej-egfd 2
4654
1
egfh-egfe 2
4655
1
egfd-egff 2
4656
1
egff-egfg 2
4657
1
gibg-egfh 2
4658
1
egfa-egfi 2
4659
1
fgea-egfj 2
4660
1
fhfc-egga 2
4662
1
egga-eggc 2
4663
1
gbfg-eggd 2
4664
1
fdea-egge 2
4665
1
fhjb-eggf 2
4666
1
ehce-eggg 2
4667
1
egha-eggh 2
4668
1
eggh-eggi 2
4669
1
eggg-eggj 2
4670
1
eihe-egha 2
4671
1
eggj-eghb 2
4672
1
egic-eghc 2
4673
1
egih-eghd 2
4674
1
fgeb-eghe 2
4675
1
eghh-eghf 2
4676
1
eghe-eghg 2
4677
1
egia-eghh 2
4678
1
eghg-eghi 2
4679
1
eghi-eghj 2
4680
2
egii-egia 2
egig-egia 1
4681
1
eghd-egib 2
4682
1
gjde-egic 2
4686
1
eghj-egig 2
4687
1
eghc-egih 2
4688
1
eghj-egii 2
4689
1
egjc-egij 2
4690
1
egjb-egja 2
4691
1
fcca-egjb 2
4692
1
egje-egjc 2
4693
1
fgde-egjd 2
4694
1
egjd-egje 2
4707
1
fdie-ehah 2
4708
1
fadg-ehai 2
4709
1
ehbd-ehaj 2
4710
1
fiej-ehba 2
4711
2
edbc-ehbb 2
ehbc-ehbb 1
4712
1
ehba-ehbc 2
4713
1
ehbb-ehbd 2
4714
1
ehcb-ehbe 2
4715
1
gjec-ehbf 2
4716
1
ehbi-ehbg 2
4717
1
ehbe-ehbh 2
4718
1
ehca-ehbi 2
4719
1
fdhj-ehbj 2
4720
1
ehbj-ehca 2
4721
1
ehbf-ehcb 2
4722
1
ehcf-ehcc 2
4723
1
eiba-ehcd 2
4724
1
ehcd-ehce 2
4725
1
eggi-ehcf 2
4726
1
ehce-ehcg 2
4727
2
ehdg-ehch 2
ehda-ehch 1
4728
2
ehdd-ehci 2
fibg-ehci 1
4729
1
ehdb-ehcj 2
4730
1
ehdc-ehda 2
4731
1
ehch-ehdb 2
4732
1
ehdh-ehdc 2
4733
2
ehdi-ehdd 2
ehci-ehdd 1
4734
1
ehch-ehde 2
4735
2
fcae-ehdf 2
ehde-ehdf 1
4736
1
ehdf-ehdg 2
4737
1
ehdd-ehdh 2
4738
1
ehcj-ehdi 2
4739
1
fgcj-ehdj 2
4740
2
fccc-ehea 2
eheb-ehea 1
4741
2
ehea-eheb 2
ehec-eheb 1
4742
1
ehee-ehec 2
4743
1
ehef-ehed 2
4744
1
feah-ehee 2
4745
1
eheb-ehef 2
4746
1
ejgg-eheg 2
4747
1
eibf-eheh 2
4751
1
gaih-ehfb 2
4752
1
giaa-ehfc 2
4753
1
fbgf-ehfd 2
4754
1
geeg-ehfe 2
4755
1
ehhf-ehff 2
4756
1
ehfh-ehfg 2
4757
1
gbci-ehfh 2
4758
1
ehff-ehfi 2
4760
1
ehgb-ehga 2
4761
2
ehgi-ehgb 2
ehci-ehgb 1
4762
1
eibe-ehgc 2
4763
1
ehgf-ehgd 2
4764
1
ehgg-ehge 2
4765
1
ehgj-ehgf 2
4766
1
ehha-ehgg 2
4767
1
ehga-ehgh 2
4768
1
ehgj-ehgi 2
4769
2
ehge-ehgj 2
ehgh-ehgj 1
4770
1
ehhb-ehha 2
4771
1
ehgc-ehhb 2
4772
1
ehfg-ehhc 2
4773
1
ehhg-ehhd 2
4774
1
fhjg-ehhe 2
4775
1
ehhi-ehhf 2
4776
2
ehhj-ehhg 2
ehjb-ehhg 1
4777
1
ehhc-ehhh 2
4778
1
ehia-ehhi 2
4779
1
ehhh-ehhj 2
4780
1
ehib-ehia 2
4781
2
ehii-ehib 2
ehhe-ehib 1
4782
1
gbci-ehic 2
4783
1
ehie-ehid 2
4784
1
ehja-ehie 2
4785
1
ehic-ehif 2
4786
1
ehih-ehig 2
4787
2
ehij-ehih 2
ehig-ehih 1
4788
1
ehih-ehii 2
4789
1
ehhg-ehij 2
4790
1
ehib-ehja 2
4791
1
ehif-ehjb 2
4792
1
eiac-ehjc 2
4793
1
ehje-ehjd 2
4794
1
egbc-ehje 2
4795
1
ehjc-ehjf 2
4796
1
ehjj-ehjg 2
4797
1
eiab-ehjh 2
4798
2
eecb-ehji 2
giah-ehji 1
4799
1
ehji-ehjj 2
4800
2
ehjd-eiaa 2
eicd-eiaa 1
4801
1
eiaa-eiab 2
4802
1
ehjg-eiac 2
4803
1
eiaf-eiad 2
4804
1
eibe-eiae 2
4805
2
fifd-eiaf 2
fiec-eiaf 1
4806
1
eiae-eiag 2
4807
1
ehcg-eiah 2
4808
1
eibd-eiai 2
4809
2
gacg-eiaj 2
gacd-eiaj 1
4810
1
eibc-eiba 2
4811
1
ehcc-eibb 2
4812
1
eiaj-eibc 2
4813
1
eibb-eibd 2
4814
2
eiad-eibe 2
ehgd-eibe 1
4815
1
efbe-eibf 2
4816
1
eheg-eibg 2
4817
1
edda-eibh 2
4818
1
eibj-eibi 2
4819
1
eibh-eibj 2
4820
1
eech-eica 2
4821
1
eiac-eicb 2
4822
1
eicb-eicc 2
4823
1
eica-eicd 2
4824
1
eici-eice 2
4825
1
faei-eicf 2
4826
1
eich-eicg 2
4827
1
fgfb-eich 2
4828
1
eicf-eici 2
4831
1
eide-eidb 2
4832
1
eiea-eidc 2
4833
1
eidc-eidd 2
4834
1
eidg-eide 2
4835
1
eidd-eidf 2
4836
1
eigg-eidg 2
4839
2
gjhc-eidj 2
eigg-eidj 1
4840
2
eidb-eiea 2
eiha-eiea 1
4841
1
eieh-eieb 2
4842
1
eiee-eiec 2
4843
1
eifg-eied 2
4844
2
eied-eiee 2
eief-eiee 1
4845
1
eieg-eief 2
4846
1
eiff-eieg 2
4847
1
eiee-eieh 2
4848
2
eifc-eiei 2
eiej-eiei 1
4849
2
eiei-eiej 2
eifb-eiej 1
4850
1
eiei-eifa 2
4851
1
eige-eifb 2
4852
1
eife-eifc 2
4853
1
eiej-eifd 2
4854
1
eieb-eife 2
4855
1
eifa-eiff 2
4856
2
eigb-eifg 2
eiec-eifg 1
4857
2
eifj-eifh 2
geec-eifh 1
4858
1
eifh-eifi 2
4859
1
eigf-eifj 2
4860
1
eifg-eiga 2
4861
1
eigh-eigb 2
4862
1
eifd-eigc 2
4863
1
eifi-eigd 2
4864
1
eigd-eige 2
4865
1
eigc-eigf 2
4866
2
eidj-eigg 2
eidf-eigg 1
4867
1
eigi-eigh 2
4868
1
eiea-eigi 2
4869
1
eiga-eigj 2
4870
1
eigj-eiha 2
4871
1
eihi-eihb 2
4872
1
eihd-eihc 2
4873
1
eghb-eihd 2
4874
1
eiia-eihe 2
4875
1
eihh-eihf 2
4876
1
eihf-eihg 2
4877
1
fhhb-eihh 2
4878
1
eihj-eihi 2
4879
1
eiib-eihj 2
4880
1
eiic-eiia 2
4881
1
eihc-eiib 2
4882
1
eihg-eiic 2
4898
1
fjfg-eiji 2
4899
1
gjij-eijj 2
4902
1
ejaf-ejac 2
4903
1
ejae-ejad 2
4904
1
eeeb-ejae 2
4905
2
ejcb-ejaf 2
ejbh-ejaf 1
4906
5
ejbc-ejag 2
ejce-ejag 1
ejbg-ejag 1
ejcc-ejag 1
ejcd-ejag 1
4907
1
ejba-ejah 2
4908
1
ejbb-ejai 2
4909
1
fcbg-ejaj 2
4910
1
ejag-ejba 2
4911
1
ejaj-ejbb 2
4912
1
ejai-ejbc 2
4917
1
ejad-ejbh 2
4921
1
ejad-ejcb 2
4922
1
ejai-ejcc 2
4923
1
ejai-ejcd 2
4924
1
ejai-ejce 2
4928
1
ejdi-ejci 2
4929
1
ejde-ejcj 2
4930
1
ejef-ejda 2
4931
2
ejeb-ejdb 2
edbj-ejdb 1
4932
1
ejea-ejdc 2
4933
1
ejdb-ejdd 2
4934
2
gjja-ejde 2
habd-ejde 1
4935
1
ejdh-ejdf 2
4936
1
ejcj-ejdg 2
4937
1
ejec-ejdh 2
4938
1
eeba-ejdi 2
4939
1
ejda-ejdj 2
4940
1
ejed-ejea 2
4941
1
ejdc-ejeb 2
4942
1
ejci-ejec 2
4943
1
ejdg-ejed 2
4944
1
ejdf-ejee 2
4945
1
ejee-ejef 2
4946
1
fbij-ejeg 2
4947
1
ghda-ejeh 2
4948
1
ejfc-ejei 2
4949
1
gafd-ejej 2
4950
1
ejej-ejfa 2
4951
1
ejfa-ejfb 2
4952
1
ffba-ejfc 2
4953
1
ejei-ejfd 2
4958
1
gdbe-ejfi 2
4959
1
ffeg-ejfj 2
4960
1
gdbi-ejga 2
4961
1
fchf-ejgb 2
4962
1
ejgi-ejgc 2
4963
1
ejgf-ejgd 2
4964
1
eheh-ejge 2
4965
1
ejge-ejgf 2
4966
1
ejgh-ejgg 2
4967
1
ejgc-ejgh 2
4968
1
ejhc-ejgi 2
4969
1
ejgd-ejgj 2
4970
1
gadj-ejha 2
4972
1
ejha-ejhc 2
4973
1
ejgj-ejhd 2
4976
1
ejhh-ejhg 2
4977
2
ejhf-ejhh 2
edjh-ejhh 1
4980
1
ejie-ejia 2
4981
1
ejid-ejib 2
4982
1
ejia-ejic 2
4983
1
edce-ejid 2
4984
1
haca-ejie 2
4985
1
ejib-ejif 2
5002
1
faaj-faac 2
5003
1
ecjd-faad 2
5009
1
fehb-faaj 2
5010
1
faad-faba 2
5016
1
fabj-fabg 2
5017
1
faca-fabh 2
5018
1
fabj-fabi 2
5019
2
fabh-fabj 2
faeg-fabj 1
5020
2
fage-faca 2
fabg-faca 1
5021
1
face-facb 2
5022
1
fach-facc 2
5023
1
facg-facd 2
5024
2
feeg-face 2
facf-face 1
5025
1
fehg-facf 2
5026
1
facc-facg 2
5027
1
fhcb-fach 2
5028
1
facb-faci 2
5029
1
ghae-facj 2
5030
1
gidg-fada 2
5036
1
ghec-fadg 2
5037
1
ehah-fadh 2
5038
1
gegg-fadi 2
5040
1
faed-faea 2
5043
1
efih-faed 2
5044
1
fadi-faee 2
5046
1
faib-faeg 2
5048
1
faid-faei 2
5049
1
fafa-faej 2
5050
1
faid-fafa 2
5051
1
gice-fafb 2
5058
2
faje-fafi 2
eicg-fafi 1
5063
1
fagh-fagd 2
5064
1
fagi-fage 2
5065
1
fahc-fagf 2
5066
1
fagj-fagg 2
5067
1
fagg-fagh 2
5068
1
faha-fagi 2
5069
3
fajb-fagj 2
fahj-fagj 1
faca-fagj 1
5070
1
fagf-faha 2
5071
1
fagd-fahb 2
5072
1
faij-fahc 2
5073
1
faig-fahd 2
5074
1
fahh-fahe 2
5075
1
fahg-fahf 2
5076
2
fahi-fahg 2
fdcd-fahg 1
5077
2
fahd-fahh 2
fahf-fahh 1
5078
1
fahh-fahi 2
5079
2
fage-fahj 2
faib-fahj 1
5080
1
fahj-faia 2
5081
1
faic-faib 2
5082
1
fafi-faic 2
5083
2
faia-faid 2
fabi-faid 1
5085
1
fahe-faif 2
5086
1
faii-faig 2
5087
1
faif-faih 2
5088
1
faja-faii 2
5089
1
faih-faij 2
5090
1
fahb-faja 2
5091
1
fajc-fajb 2
5092
2
fajg-fajc 2
fajd-fajc 1
5093
1
fage-fajd 2
5094
1
fafb-faje 2
5095
1
fajc-fajf 2
5096
1
faji-fajg 2
5097
1
fajf-fajh 2
5098
1
ffce-faji 2
5099
1
fbae-fajj 2
5100
1
fbac-fbaa 2
5101
1
fbah-fbab 2
5102
1
fbaf-fbac 2
5103
1
fbaj-fbad 2
5104
2
fbaa-fbae 2
fbag-fbae 1
5105
1
fbad-fbaf 2
5106
1
fbae-fbag 2
5107
1
fajj-fbah 2
5108
1
fbab-fbai 2
5109
1
gebg-fbaj 2
5110
1
fbai-fbba 2
5113
1
efbg-fbbd 2
5114
1
fbbg-fbbe 2
5115
1
fbbd-fbbf 2
5116
1
gefg-fbbg 2
5131
1
fddd-fbdb 2
5132
1
gddb-fbdc 2
5133
1
gedh-fbdd 2
5134
1
gjjh-fbde 2
5140
1
fbed-fbea 2
5143
1
fbee-fbed 2
5144
1
fgbf-fbee 2
5145
1
fbff-fbef 2
5146
2
fbfh-fbeg 2
fbef-fbeg 1
5147
2
gbgb-fbeh 2
fbfe-fbeh 1
5151
1
fbfi-fbfb 2
5152
1
efaa-fbfc 2
5154
1
fbeg-fbfe 2
5155
3
fbfg-fbff 2
ghbf-fbff 1
gcgh-fbff 1
5156
2
fbeh-fbfg 2
fbfh-fbfg 1
5157
2
fbfc-fbfh 2
gdac-fbfh 1
5158
2
fbef-fbfi 2
fbeh-fbfi 1
5159
1
gdac-fbfj 2
5160
1
fbgc-fbga 2
5162
1
febh-fbgc 2
5163
1
fbga-fbgd 2
5164
1
fbfj-fbge 2
5165
1
ehfe-fbgf 2
5166
1
fbhb-fbgg 2
5167
1
fbgj-fbgh 2
5168
1
fbgg-fbgi 2
5169
1
ffea-fbgj 2
5170
1
fbgi-fbha 2
5171
3
fbii-fbhb 2
fbja-fbhb 1
fbid-fbhb 1
5172
2
fbjj-fbhc 2
fbjh-fbhc 1
5173
2
fbji-fbhd 2
fbgh-fbhd 1
5174
1
fbic-fbhe 2
5175
1
fbhh-fbhf 2
5176
1
fbjf-fbhg 2
5177
1
fbhg-fbhh 2
5178
1
fbhj-fbhi 2
5179
1
fbhe-fbhj 2
5180
1
fbib-fbia 2
5181
2
fbif-fbib 2
fbje-fbib 1
5182
1
fbih-fbic 2
5183
1
fbig-fbid 2
5184
1
ghhc-fbie 2
5185
2
fceh-fbif 2
fbie-fbif 1
5186
1
fbhf-fbig 2
5187
1
fbhd-fbih 2
5188
2
ejeh-fbii 2
ffgi-fbii 1
5189
3
fbjc-fbij 2
fbhd-fbij 1
fbhc-fbij 1
5190
1
fbjg-fbja 2
5191
1
fbjd-fbjb 2
5192
2
fbhc-fbjc 2
fcaa-fbjc 1
5193
1
fbhd-fbjd 2
5194
1
fbhi-fbje 2
5195
1
fbif-fbjf 2
5196
1
fbjb-fbjg 2
5197
1
fbgg-fbjh 2
5198
1
fbgg-fbji 2
5199
1
fbgg-fbjj 2
5200
1
fbgg-fcaa 2
5206
4
fccg-fcag 2
fcbi-fcag 1
fcdc-fcag 1
fcca-fcag 1
5207
2
fgbg-fcah 2
fcef-fcah 1
5208
1
fcbi-fcai 2
5209
1
fcbi-fcaj 2
5211
2
fcbd-fcbb 2
fcdf-fcbb 1
5212
1
eege-fcbc 2
5213
1
fcbe-fcbd 2
5214
2
fccg-fcbe 2
fccj-fcbe 1
5215
1
fcbc-fcbf 2
5216
1
fcbh-fcbg 2
5217
1
fccb-fcbh 2
5218
1
ejah-fcbi 2
5220
2
fcbi-fcca 2
fccf-fcca 1
5221
3
fcah-fccb 2
fcbf-fccb 1
egij-fccb 1
5222
1
fcch-fccc 2
5223
1
ehea-fccd 2
5224
1
fcbh-fcce 2
5225
1
fcce-fccf 2
5226
2
fceg-fccg 2
fccd-fccg 1
5227
2
fcbf-fcch 2
fccj-fcch 1
5228
1
fccc-fcci 2
5229
2
fcah-fccj 2
fcca-fccj 1
5230
1
fccj-fcda 2
5231
1
fcdg-fcdb 2
5232
1
fcdb-fcdc 2
5233
2
fcci-fcdd 2
fceg-fcdd 1
5234
1
fceb-fcde 2
5235
1
fcda-fcdf 2
5236
1
eege-fcdg 2
5237
1
fcea-fcdh 2
5238
1
eeeg-fcdi 2
5239
1
gbdf-fcdj 2
5240
1
fcdj-fcea 2
5241
2
gbdf-fceb 2
fcdd-fceb 1
5242
1
fcdi-fcec 2
5244
1
fcaj-fcee 2
5245
1
fhid-fcef 2
5246
2
fcde-fceg 2
fcch-fceg 1
5247
2
fcei-fceh 2
fbie-fceh 1
5248
1
fceh-fcei 2
5249
1
fihd-fcej 2
5250
1
ffgb-fcfa 2
5251
2
fjdg-fcfb 2
efdc-fcfb 1
5252
1
fcgb-fcfc 2
5253
1
fcgb-fcfd 2
5255
1
fcga-fcff 2
5256
1
fcfi-fcfg 2
5257
1
fcfj-fcfh 2
5258
1
fcfd-fcfi 2
5259
1
ffgh-fcfj 2
5260
1
fcfb-fcga 2
5261
2
fcfa-fcgb 2
fcfh-fcgb 1
5274
1
ejga-fche 2
5275
1
fffb-fchf 2
5278
1
ffei-fchi 2
5279
1
gade-fchj 2
5291
1
fcjf-fcjb 2
5292
1
ghie-fcjc 2
5293
1
figh-fcjd 2
5294
1
fcji-fcje 2
5295
1
figg-fcjf 2
5296
1
fcjc-fcjg 2
5297
1
fhhh-fcjh 2
5298
1
fcjh-fcji 2
5299
1
fcjd-fcjj 2
5323
2
fahg-fdcd 2
ffec-fdcd 1
5326
1
gfhi-fdcg 2
5327
1
fdcj-fdch 2
5328
1
fdcg-fdci 2
5329
1
fdci-fdcj 2
5330
1
fddf-fdda 2
5331
1
fddc-fddb 2
5332
1
fdda-fddc 2
5333
1
fdch-fddd 2
5334
1
fddb-fdde 2
5335
1
fbdc-fddf 2
5337
1
fddj-fddh 2
5338
1
fddg-fddi 2
5339
1
efbj-fddj 2
5340
1
fded-fdea 2
5341
1
eggd-fdeb 2
5342
1
fdeb-fdec 2
5343
1
gfje-fded 2
5356
3
gejd-fdfg 2
gejf-fdfg 1
geje-fdfg 1
5357
1
fdfi-fdfh 2
5358
2
fdga-fdfi 2
fdfg-fdfi 1
5359
1
fdfi-fdfj 2
5360
1
fice-fdga 2
5361
1
ghdb-fdgb 2
5362
1
gjhi-fdgc 2
5363
2
gddd-fdgd 2
gddc-fdgd 1
5367
1
fdhb-fdgh 2
5368
1
fdgh-fdgi 2
5369
1
egea-fdgj 2
5370
1
fdgj-fdha 2
5371
1
haaf-fdhb 2
5372
1
fdha-fdhc 2
5374
1
fdhi-fdhe 2
5375
1
fdhh-fdhf 2
5376
1
ffgf-fdhg 2
5377
1
fdhg-fdhh 2
5378
1
ehbh-fdhi 2
5379
1
fdhf-fdhj 2
5380
1
fdib-fdia 2
5381
1
fdhe-fdib 2
5383
1
ehai-fdid 2
5384
1
fijc-fdie 2
5385
1
feba-fdif 2
5387
3
feag-fdih 2
fdjc-fdih 1
fecd-fdih 1
5388
1
fdij-fdii 2
5389
1
gijh-fdij 2
5390
1
eeij-fdja 2
5391
1
fdja-fdjb 2
5392
1
fecb-fdjc 2
5395
1
fdih-fdjf 2
5396
1
febe-fdjg 2
5398
1
fecc-fdji 2
5399
1
fgch-fdjj 2
5400
2
febj-feaa 2
febd-feaa 1
5401
1
febd-feab 2
5406
1
ehed-feag 2
5407
1
fdih-feah 2
5408
1
ehdj-feai 2
5409
1
feai-feaj 2
5410
1
febb-feba 2
5411
1
fgcg-febb 2
5412
1
fdjj-febc 2
5413
1
febf-febd 2
5414
1
febc-febe 2
5415
1
fdji-febf 2
5416
1
fgch-febg 2
5417
1
febg-febh 2
5418
1
fbge-febi 2
5419
1
febi-febj 2
5420
1
fdjf-feca 2
5421
1
eejg-fecb 2
5422
2
eeij-fecc 2
fdih-fecc 1
5423
1
fdjg-fecd 2
5424
1
gcfd-fece 2
5425
1
fedf-fecf 2
5426
1
fedi-fecg 2
5430
1
fedd-feda 2
5431
1
fede-fedb 2
5432
1
fece-fedc 2
5433
1
fedc-fedd 2
5434
1
fhcc-fede 2
5435
1
fedg-fedf 2
5436
1
fecg-fedg 2
5437
1
fech-fedh 2
5438
1
feea-fedi 2
5439
1
feda-fedj 2
5440
1
feeb-feea 2
5441
1
feej-feeb 2
5442
1
fedj-feec 2
5443
1
feec-feed 2
5444
1
feei-feee 2
5445
1
feeh-feef 2
5446
1
feee-feeg 2
5447
1
facg-feeh 2
5448
1
feed-feei 2
5449
1
feef-feej 2
5452
1
fegd-fefc 2
5454
1
fefc-fefe 2
5462
1
ghgg-fegc 2
5463
1
fhce-fegd 2
5464
1
fegc-fege 2
5465
1
fegh-fegf 2
5466
1
fege-fegg 2
5467
1
efce-fegh 2
5468
1
ghfg-fegi 2
5471
1
faba-fehb 2
5473
1
ghfa-fehd 2
5474
1
fehd-fehe 2
5475
1
facd-fehf 2
5476
1
fehj-fehg 2
5477
1
feic-fehh 2
5478
1
feie-fehi 2
5479
1
feia-fehj 2
5480
1
fehi-feia 2
5481
1
fehf-feib 2
5482
1
feib-feic 2
5483
1
fehh-feid 2
5484
1
feig-feie 2
5485
1
feid-feif 2
5486
1
gahh-feig 2
5487
1
gacf-feih 2
5488
1
fejb-feii 2
5489
1
fejd-feij 2
5490
1
feje-feja 2
5491
1
gbeb-fejb 2
5492
1
feja-fejc 2
5493
1
feii-fejd 2
5494
1
feih-feje 2
5495
1
feji-fejf 2
5496
1
ffab-fejg 2
5497
1
fejg-fejh 2
5498
1
fhge-feji 2
5499
1
eebj-fejj 2
5500
1
ffac-ffaa 2
5501
1
fejj-ffab 2
5502
1
fejf-ffac 2
5503
1
ffag-ffad 2
5504
2
ffai-ffae 2
ffaf-ffae 1
5505
2
gaac-ffaf 2
ffad-ffaf 1
5506
2
egde-ffag 2
ghdj-ffag 1
5507
1
ffae-ffah 2
5508
2
ffad-ffai 2
gaac-ffai 1
5509
1
ejfb-ffaj 2
5510
1
gdcb-ffba 2
5511
1
efge-ffbb 2
5512
1
ffeb-ffbc 2
5513
2
fdcd-ffbd 2
ffbb-ffbd 1
5514
1
ffdc-ffbe 2
5515
1
ffda-ffbf 2
5516
1
ffbj-ffbg 2
5517
1
ffcb-ffbh 2
5518
1
ffdi-ffbi 2
5519
1
ffcd-ffbj 2
5520
1
ffbf-ffca 2
5521
2
ffbi-ffcb 2
ffci-ffcb 1
5522
1
fbha-ffcc 2
5523
1
fajh-ffcd 2
5524
1
ffca-ffce 2
5525
1
ffdj-ffcf 2
5526
1
ffcf-ffcg 2
5527
1
ffcc-ffch 2
5528
1
ffdb-ffci 2
5529
1
ffcb-ffcj 2
5530
1
ffcj-ffda 2
5531
1
ffbg-ffdb 2
5532
1
ffdh-ffdc 2
5533
1
ffcg-ffdd 2
5534
1
ffbh-ffde 2
5535
1
ffbe-ffdf 2
5536
1
ffdd-ffdg 2
5537
1
ffch-ffdh 2
5538
1
ffdf-ffdi 2
5539
1
ffde-ffdj 2
5540
1
ffdg-ffea 2
5541
1
ffed-ffeb 2
5543
1
ffbd-ffed 2
5544
2
ffef-ffee 2
ffeh-ffee 1
5545
1
ejfi-ffef 2
5546
1
ffee-ffeg 2
5547
1
fchj-ffeh 2
5548
1
ffee-ffei 2
5549
1
fffc-ffej 2
5550
1
fffe-fffa 2
5551
1
fffa-fffb 2
5552
1
fche-fffc 2
5553
1
ffej-fffd 2
5554
1
ffff-fffe 2
5555
1
gaig-ffff 2
5556
1
fffd-fffg 2
5561
2
fcff-ffgb 2
gafa-ffgb 1
5562
1
ffge-ffgc 2
5563
1
ffgg-ffgd 2
5564
1
fdia-ffge 2
5565
1
ffgd-ffgf 2
5566
1
fcfg-ffgg 2
5567
1
ffgc-ffgh 2
5568
2
fhic-ffgi 2
fhie-ffgi 1
5569
1
fbij-ffgj 2
5579
1
ffij-ffhj 2
5580
2
eeah-ffia 2
ffib-ffia 1
5581
1
ffih-ffib 2
5582
1
ffia-ffic 2
5583
1
ffii-ffid 2
5584
1
ffif-ffie 2
5585
2
ffig-ffif 2
ffid-ffif 1
5586
2
ffih-ffig 2
ffif-ffig 1
5587
2
ffic-ffih 2
ffig-ffih 1
5588
1
ffhi-ffii 2
5589
1
ffie-ffij 2
5590
1
gbbc-ffja 2
5591
1
ffjc-ffjb 2
5592
2
ffja-ffjc 2
ffje-ffjc 1
5593
1
ffjc-ffjd 2
5613
2
fgdg-fgbd 2
fgcc-fgbd 1
5614
2
fcag-fgbe 2
fcai-fgbe 1
5615
1
fgcb-fgbf 2
5616
2
fgbi-fgbg 2
fgda-fgbg 1
5618
1
fgbj-fgbi 2
5619
1
fgbd-fgbj 2
5620
1
fgbe-fgca 2
5621
2
fgca-fgcb 2
fgdf-fgcb 1
5622
1
fgcg-fgcc 2
5623
1
fgcf-fgcd 2
5624
1
fgdb-fgce 2
5625
1
fhej-fgcf 2
5626
2
feaa-fgcg 2
feab-fgcg 1
5627
2
fgci-fgch 2
feaj-fgch 1
5628
1
fgcb-fgci 2
5629
1
fgbe-fgcj 2
5630
1
fdif-fgda 2
5631
1
fgdc-fgdb 2
5632
1
fgcb-fgdc 2
5633
1
egja-fgdd 2
5634
1
fgbd-fgde 2
5635
1
fgdd-fgdf 2
5636
1
fgcd-fgdg 2
5637
1
eebb-fgdh 2
5638
1
fgdh-fgdi 2
5639
1
fgdi-fgdj 2
5640
1
eghf-fgea 2
5641
2
egfi-fgeb 2
egec-fgeb 1
5642
1
fgej-fgec 2
5643
2
fgeh-fged 2
fgeg-fged 1
5644
2
fgff-fgee 2
fgec-fgee 1
5645
1
fgec-fgef 2
5646
1
ggid-fgeg 2
5647
1
figd-fgeh 2
5649
1
gjhh-fgej 2
5650
1
fged-fgfa 2
5651
1
fgfd-fgfb 2
5652
1
eice-fgfc 2
5653
1
fgfe-fgfd 2
5654
1
fgeg-fgfe 2
5655
1
fgfc-fgff 2
5658
1
fgjc-fgfi 2
5701
1
gabh-fhab 2
5705
1
fhba-fhaf 2
5710
1
fhab-fhba 2
5711
1
fhbe-fhbb 2
5714
1
fhbf-fhbe 2
5715
1
fhbg-fhbf 2
5716
1
fhbh-fhbg 2
5717
1
fhaf-fhbh 2
5721
1
fedh-fhcb 2
5722
1
faci-fhcc 2
5724
2
fegf-fhce 2
fjda-fhce 1
5743
1
fheg-fhed 2
5744
1
fhed-fhee 2
5745
1
fhfa-fhef 2
5746
2
fhei-fheg 2
fhef-fheg 1
5747
1
fheg-fheh 2
5748
1
gcjj-fhei 2
5749
1
fhee-fhej 2
5750
1
fgce-fhfa 2
5752
1
ggch-fhfc 2
5753
2
efbf-fhfd 2
efbh-fhfd 1
5754
2
fhgf-fhfe 2
fhgj-fhfe 1
5755
1
fhfi-fhff 2
5756
1
fhgi-fhfg 2
5757
1
fhfg-fhfh 2
5758
2
fhgd-fhfi 2
fhhb-fhfi 1
5763
2
efjg-fhgd 2
fejh-fhgd 1
5764
1
fhfh-fhge 2
5765
2
fhgj-fhgf 2
fhfd-fhgf 1
5767
1
fhfd-fhgh 2
5768
3
fhgh-fhgi 2
fhgf-fhgi 1
fhfd-fhgi 1
5769
1
fhff-fhgj 2
5771
2
eihb-fhhb 2
fhge-fhhb 1
5777
1
fhje-fhhh 2
5778
3
fhig-fhhi 2
fhia-fhhi 1
ehhd-fhhi 1
5779
2
fhjg-fhhj 2
gijg-fhhj 1
5780
2
gbea-fhia 2
gbci-fhia 1
5781
3
fhjf-fhib 2
gheb-fhib 1
ghea-fhib 1
5782
1
gheb-fhic 2
5783
1
ffgj-fhid 2
5784
1
fcee-fhie 2
5785
1
fhib-fhif 2
5786
2
fhii-fhig 2
fhjg-fhig 1
5787
1
fhig-fhih 2
5788
1
fhja-fhii 2
5789
1
fhih-fhij 2
5790
1
fhjb-fhja 2
5791
2
eggf-fhjb 2
fhij-fhjb 1
5792
1
fhhi-fhjc 2
5793
1
fhif-fhjd 2
5794
1
fhjc-fhje 2
5795
1
ffgj-fhjf 2
5796
1
fhjd-fhjg 2
5797
1
gdgj-fhjh 2
5798
1
efbi-fhji 2
5799
1
fjjb-fhjj 2
5800
2
edfh-fiaa 2
fjjb-fiaa 1
5801
1
fifc-fiab 2
5802
1
fiab-fiac 2
5803
1
figc-fiad 2
5804
1
fiad-fiae 2
5805
1
fiag-fiaf 2
5806
2
fiah-fiag 2
fiff-fiag 1
5807
2
fiai-fiah 2
ficd-fiah 1
5808
2
fied-fiai 2
fibb-fiai 1
5809
1
ficb-fiaj 2
5810
1
fiag-fiba 2
5811
1
fifh-fibb 2
5812
2
fibf-fibc 2
fiaf-fibc 1
5813
1
ficc-fibd 2
5814
2
fibd-fibe 2
fiae-fibe 1
5815
1
fifj-fibf 2
5816
1
fiac-fibg 2
5817
1
ehci-fibh 2
5818
1
fibf-fibi 2
5819
1
fibc-fibj 2
5820
1
ficc-fica 2
5821
1
fibj-ficb 2
5822
2
fidh-ficc 2
fidj-ficc 1
5823
1
fdfh-ficd 2
5824
1
fiah-fice 2
5825
1
edad-ficf 2
5826
1
ficj-ficg 2
5827
1
fiac-fich 2
5828
1
fich-fici 2
5829
1
edbf-ficj 2
5830
1
egcj-fida 2
5833
1
fiaj-fidd 2
5835
1
fifa-fidf 2
5837
2
fifa-fidh 2
fibj-fidh 1
5839
1
figc-fidj 2
5840
1
fieb-fiea 2
5841
2
fidf-fieb 2
fidh-fieb 1
5842
1
fidd-fiec 2
5843
1
fica-fied 2
5844
2
fieh-fiee 2
fieg-fiee 1
5845
3
ficg-fief 2
fibh-fief 1
eibe-fief 1
5846
1
fief-fieg 2
5847
1
fief-fieh 2
5848
1
ehaj-fiei 2
5849
1
fifc-fiej 2
5850
2
fiee-fifa 2
fifb-fifa 1
5851
1
fiei-fifb 2
5852
1
fiea-fifc 2
5853
2
fibi-fifd 2
eiag-fifd 1
5854
1
fiai-fife 2
5855
2
fiai-fiff 2
fife-fiff 1
5856
1
fibe-fifg 2
5857
1
figb-fifh 2
5858
1
figa-fifi 2
5859
1
fifi-fifj 2
5860
1
fiba-figa 2
5861
1
fifg-figb 2
5862
1
fifd-figc 2
5863
1
gige-figd 2
5864
1
fgef-fige 2
5865
1
gige-figf 2
5866
1
fcje-figg 2
5867
1
fcjg-figh 2
5871
1
fihc-fihb 2
5872
1
ghaf-fihc 2
5873
1
fihb-fihd 2
5874
1
eeac-fihe 2
5875
1
edhc-fihf 2
5889
1
fijb-fiij 2
5890
1
fijg-fija 2
5891
1
fdid-fijb 2
5892
1
fija-fijc 2
5893
1
fjca-fijd 2
5894
1
fijf-fije 2
5895
2
fjaf-fijf 2
fiij-fijf 1
5896
1
fijd-fijg 2
5897
1
fjaf-fijh 2
5898
2
fjab-fiji 2
fjbf-fiji 1
5899
1
fjac-fijj 2
5900
1
gehb-fjaa 2
5901
1
fjac-fjab 2
5902
2
fjae-fjac 2
fijh-fjac 1
5903
1
fiji-fjad 2
5904
2
fjaa-fjae 2
fjbf-fjae 1
5905
2
fijj-fjaf 2
fijg-fjaf 1
5915
1
gjae-fjbf 2
5916
2
fjaa-fjbg 2
fjab-fjbg 1
5917
1
fjbj-fjbh 2
5918
1
fjbh-fjbi 2
5919
1
ecjg-fjbj 2
5920
1
ecje-fjca 2
5921
1
fije-fjcb 2
5928
1
fcej-fjci 2
5929
1
fjci-fjcj 2
5930
1
fjcj-fjda 2
5935
1
fcfd-fjdf 2
5936
1
efcc-fjdg 2
5939
1
gjfb-fjdj 2
5941
1
gdag-fjeb 2
5944
1
gaij-fjee 2
5945
1
fjej-fjef 2
5946
1
fjei-fjeg 2
5947
1
fjfa-fjeh 2
5948
1
fjfb-fjei 2
5949
1
gjcb-fjej 2
5950
1
fjef-fjfa 2
5951
1
fjee-fjfb 2
5955
1
fjfj-fjff 2
5956
1
fjhi-fjfg 2
5957
2
fjga-fjfh 2
eijj-fjfh 1
5958
1
fjfe-fjfi 2
5959
1
fjie-fjfj 2
5960
2
fjgc-fjga 2
fjfg-fjga 1
5961
1
fjga-fjgb 2
5962
2
eebe-fjgc 2
eebd-fjgc 1
5963
1
fjhd-fjgd 2
5964
1
fjgi-fjge 2
5965
1
fjgh-fjgf 2
5966
1
fjig-fjgg 2
5967
1
fjhb-fjgh 2
5968
1
gjih-fjgi 2
5969
1
fjgf-fjgj 2
5971
1
fjgg-fjhb 2
5973
1
fjge-fjhd 2
5978
1
fjfh-fjhi 2
5983
1
fjgd-fjid 2
5984
1
fjfi-fjie 2
5986
1
fjgd-fjig 2
5987
1
fjjf-fjih 2
5988
1
fjjd-fjii 2
5989
1
fjjc-fjij 2
5990
1
fjii-fjja 2
5991
2
fjja-fjjb 2
fiaa-fjjb 1
5992
1
fjjb-fjjc 2
5993
1
fjjf-fjjd 2
5994
1
fjij-fjje 2
5995
2
fjje-fjjf 2
fjjg-fjjf 1
5996
2
fjjj-fjjg 2
fjji-fjjg 1
5997
2
fjih-fjjh 2
gaab-fjjh 1
5998
1
gaaa-fjji 2
5999
1
fjji-fjjj 2
6000
2
ffai-gaaa 2
ffaf-gaaa 1
6001
1
gdgi-gaab 2
6002
1
fjjh-gaac 2
6003
1
gabi-gaad 2
6005
1
gabb-gaaf 2
6006
1
gaaf-gaag 2
6008
1
gaaj-gaai 2
6009
1
gedf-gaaj 2
6011
1
gaai-gabb 2
6015
1
gaag-gabf 2
6017
1
gaad-gabh 2
6018
1
gaca-gabi 2
6020
1
gabf-gaca 2
6023
1
feij-gacd 2
6024
1
gach-gace 2
6025
1
eiah-gacf 2
6026
1
gacc-gacg 2
6027
1
eiai-gach 2
6028
1
gaea-gaci 2
6033
1
gaeb-gadd 2
6034
1
gadd-gade 2
6035
1
fchi-gadf 2
6036
1
gadf-gadg 2
6037
1
ejhd-gadh 2
6038
1
gdca-gadi 2
6039
1
gadi-gadj 2
6040
1
gadh-gaea 2
6041
2
gadg-gaeb 2
gdbf-gaeb 1
6046
1
gafc-gaeg 2
6047
1
gaeg-gaeh 2
6048
1
gafb-gaei 2
6049
1
gaei-gaej 2
6050
1
gaeh-gafa 2
6051
1
ffgb-gafb 2
6052
1
gaej-gafc 2
6053
2
ejfd-gafd 2
eeha-gafd 1
6054
1
gagf-gafe 2
6056
1
gaff-gafg 2
6057
1
gafg-gafh 2
6058
1
gafj-gafi 2
6059
1
gafe-gafj 2
6061
1
gcfe-gagb 2
6062
1
gafh-gagc 2
6064
1
gagc-gage 2
6065
1
gagb-gagf 2
6066
1
gaib-gagg 2
6067
1
gagi-gagh 2
6068
1
gaha-gagi 2
6069
1
gagg-gagj 2
6070
1
gahg-gaha 2
6071
1
gagj-gahb 2
6072
1
gahf-gahc 2
6073
1
gahe-gahd 2
6074
1
gcbg-gahe 2
6075
1
gahi-gahf 2
6076
1
feif-gahg 2
6077
1
gahb-gahh 2
6078
1
gaia-gahi 2
6079
1
gahd-gahj 2
6080
1
gagh-gaia 2
6081
1
gahj-gaib 2
6086
1
gaii-gaig 2
6087
4
gaje-gaih 2
ehfc-gaih 1
gajb-gaih 1
gajc-gaih 1
6088
4
gajd-gaii 2
gaja-gaii 1
fffg-gaii 1
gajb-gaii 1
6089
2
gaih-gaij 2
gaii-gaij 1
6090
1
gaih-gaja 2
6091
1
fjeh-gajb 2
6092
1
gaii-gajc 2
6093
1
gaih-gajd 2
6094
1
gaii-gaje 2
6100
1
gbac-gbaa 2
6101
1
gbad-gbab 2
6102
1
gbag-gbac 2
6103
1
gbaf-gbad 2
6104
1
gbaa-gbae 2
6105
1
gihi-gbaf 2
6106
2
gbab-gbag 2
gidf-gbag 1
6107
1
gbaj-gbah 2
6108
1
gbah-gbai 2
6109
1
gdcg-gbaj 2
6110
1
edeg-gbba 2
6111
1
edfg-gbbb 2
6112
1
ghdi-gbbc 2
6113
1
ffjb-gbbd 2
6116
1
gbcc-gbbg 2
6117
1
gbbj-gbbh 2
6118
1
fhhh-gbbi 2
6119
1
gbcb-gbbj 2
6120
1
gbbi-gbca 2
6121
1
gbcc-gbcb 2
6122
2
gbcd-gbcc 2
gbbg-gbcc 1
6123
1
gbca-gbcd 2
6124
1
gbch-gbce 2
6125
1
gbcj-gbcf 2
6126
1
gbdj-gbcg 2
6127
1
fhhj-gbch 2
6128
2
gbcg-gbci 2
gbda-gbci 1
6129
3
fhhj-gbcj 2
ehfi-gbcj 1
ehid-gbcj 1
6130
1
gbcg-gbda 2
6131
1
gbdj-gbdb 2
6132
1
fgfi-gbdc 2
6135
2
gbdb-gbdf 2
gbcf-gbdf 1
6136
2
fceb-gbdg 2
fcec-gbdg 1
6137
1
gbcf-gbdh 2
6138
1
eefb-gbdi 2
6139
2
gbdg-gbdj 2
gbdi-gbdj 1
6140
1
gbcj-gbea 2
6141
1
gbed-gbeb 2
6142
1
gbee-gbec 2
6143
1
ghcg-gbed 2
6144
1
fejc-gbee 2
6156
1
egge-gbfg 2
6157
1
gbga-gbfh 2
6159
1
gbgb-gbfj 2
6160
1
gbge-gbga 2
6161
2
gbfi-gbgb 2
fbeg-gbgb 1
6162
1
gbgf-gbgc 2
6163
1
gcji-gbgd 2
6164
1
gbgd-gbge 2
6165
1
gbfh-gbgf 2
6166
1
gigf-gbgg 2
6167
1
gbgi-gbgh 2
6168
2
gidh-gbgi 2
gbha-gbgi 1
6169
1
gbgg-gbgj 2
6170
1
facj-gbha 2
6171
1
gbhe-gbhb 2
6172
1
gcde-gbhc 2
6173
1
gbhc-gbhd 2
6174
1
gcdh-gbhe 2
6175
1
gbhh-gbhf 2
6176
1
gcee-gbhg 2
6177
1
gcbb-gbhh 2
6178
1
gbhg-gbhi 2
6180
1
gcba-gbia 2
6181
1
gbij-gbib 2
6182
1
gbia-gbic 2
6183
1
gbje-gbid 2
6185
1
gcbf-gbif 2
6189
1
gccf-gbij 2
6190
1
gcdj-gbja 2
6194
1
gbic-gbje 2
6210
1
gceh-gcba 2
6211
1
gcda-gcbb 2
6212
1
gbhi-gcbc 2
6213
1
gcbe-gcbd 2
6214
1
gbib-gcbe 2
6215
1
gahc-gcbf 2
6216
1
gbja-gcbg 2
6225
1
gcch-gccf 2
6226
1
gbid-gccg 2
6227
1
gcdb-gcch 2
6228
1
gccg-gcci 2
6229
1
gcbc-gccj 2
6230
1
gcdf-gcda 2
6231
1
gcdd-gcdb 2
6232
1
gcci-gcdc 2
6233
1
gbhb-gcdd 2
6234
1
gcdc-gcde 2
6235
1
gccj-gcdf 2
6236
1
gbhd-gcdg 2
6237
1
gceb-gcdh 2
6238
1
gbif-gcdi 2
6239
1
gcea-gcdj 2
6240
1
gced-gcea 2
6241
1
gcec-gceb 2
6242
1
gcdi-gcec 2
6243
1
gcdg-gced 2
6244
1
gcef-gcee 2
6245
1
gcbd-gcef 2
6246
1
gbhf-gceg 2
6247
1
gceg-gceh 2
6248
1
gcfa-gcei 2
6249
1
gcje-gcej 2
6250
2
ghhf-gcfa 2
gcej-gcfa 1
6253
1
gage-gcfd 2
6254
1
fecf-gcfe 2
6263
1
ghde-gcgd 2
6264
1
gcgf-gcge 2
6265
1
gjdd-gcgf 2
6266
1
gcgd-gcgg 2
6267
1
gcgj-gcgh 2
6268
1
fbff-gcgi 2
6269
2
gcgi-gcgj 2
gijd-gcgj 1
6270
2
efai-gcha 2
gchc-gcha 1
6271
1
gcha-gchb 2
6272
1
giib-gchc 2
6283
1
gcii-gcid 2
6284
1
gcid-gcie 2
6285
1
gcjb-gcif 2
6286
1
gcih-gcig 2
6287
1
gcif-gcih 2
6288
1
gija-gcii 2
6289
1
gcie-gcij 2
6290
1
gdcf-gcja 2
6291
1
gcja-gcjb 2
6292
1
gcij-gcjc 2
6293
1
gcei-gcjd 2
6294
1
gcjf-gcje 2
6295
1
gcjd-gcjf 2
6298
1
fheh-gcji 2
6299
1
gbgc-gcjj 2
6302
2
fbfi-gdac 2
fbgd-gdac 1
6306
1
gdah-gdag 2
6307
1
ghdh-gdah 2
6308
1
fjdj-gdai 2
6309
1
gdai-gdaj 2
6310
1
ejgb-gdba 2
6311
2
gdbd-gdbb 2
ejfj-gdbb 1
6312
3
gdbb-gdbc 2
gdba-gdbc 1
gdbg-gdbc 1
6313
2
gaeb-gdbd 2
gdbj-gdbd 1
6314
1
gdbc-gdbe 2
6315
1
gdbe-gdbf 2
6317
1
gdbc-gdbh 2
6318
1
gdbc-gdbi 2
6319
1
gaci-gdbj 2
6320
1
gdbf-gdca 2
6321
1
gece-gdcb 2
6322
1
ffaj-gdcc 2
6325
1
gbai-gdcf 2
6326
1
gcjc-gdcg 2
6331
1
fdgd-gddb 2
6332
1
fbdb-gddc 2
6334
1
fdgd-gdde 2
6364
1
egbd-gdge 2
6365
1
efjh-gdgf 2
6368
1
fhji-gdgi 2
6369
1
fjjj-gdgj 2
6415
1
fbba-gebf 2
6416
1
gece-gebg 2
6417
2
gebj-gebh 2
gece-gebh 1
6418
1
gebh-gebi 2
6419
1
gecg-gebj 2
6420
1
gecf-geca 2
6422
1
gedf-gecc 2
6424
3
gebh-gece 2
gebf-gece 1
gdcc-gece 1
6425
1
gebi-gecf 2
6426
1
gecc-gecg 2
6427
2
geda-gech 2
gedg-gech 1
6429
1
gede-gecj 2
6430
1
gfaj-geda 2
6433
1
geca-gedd 2
6434
2
gech-gede 2
gedd-gede 1
6435
1
gech-gedf 2
6436
1
fbde-gedg 2
6437
1
gede-gedh 2
6439
1
edgb-gedj 2
6443
1
eifh-geed 2
6446
1
edag-geeg 2
6447
1
ehfd-geeh 2
6456
2
fbbf-gefg 2
gega-gefg 1
6457
1
gefj-gefh 2
6459
1
gefg-gefj 2
6460
1
gefh-gega 2
6461
1
geia-gegb 2
6462
1
geic-gegc 2
6463
2
geja-gegd 2
geii-gegd 1
6464
1
gegh-gege 2
6465
1
geid-gegf 2
6466
1
gegf-gegg 2
6467
1
faea-gegh 2
6468
1
gehc-gegi 2
6469
1
geha-gegj 2
6470
1
geia-geha 2
6471
1
gegj-gehb 2
6472
1
fjad-gehc 2
6479
2
gegi-gehj 2
gegc-gehj 1
6480
1
gegd-geia 2
6482
1
gege-geic 2
6483
1
gegb-geid 2
6488
1
gejc-geii 2
6490
1
gejc-geja 2
6492
1
gehj-gejc 2
6493
1
fdfj-gejd 2
6494
1
fdfj-geje 2
6495
1
fdfj-gejf 2
6496
1
gfdd-gejg 2
6497
1
geji-gejh 2
6498
2
gfcg-geji 2
gfcc-geji 1
6499
1
gfab-gejj 2
6500
1
gfbj-gfaa 2
6501
2
gfcb-gfab 2
gfaa-gfab 1
6502
1
gfae-gfac 2
6503
1
gfca-gfad 2
6504
1
gfce-gfae 2
6505
1
gfde-gfaf 2
6506
1
gfbj-gfag 2
6508
1
gecj-gfai 2
6509
1
gfbh-gfaj 2
6510
1
gfbc-gfba 2
6511
1
gfbf-gfbb 2
6512
1
gfbg-gfbc 2
6513
1
gfbb-gfbd 2
6514
1
gfba-gfbe 2
6515
3
gfdh-gfbf 2
gfec-gfbf 1
gfdj-gfbf 1
6516
1
gfai-gfbg 2
6517
1
gfbd-gfbh 2
6518
1
gfcd-gfbi 2
6519
2
gfaf-gfbj 2
gejj-gfbj 1
6520
1
gfab-gfca 2
6521
1
gfdd-gfcb 2
6522
1
gfab-gfcc 2
6523
1
gfad-gfcd 2
6524
1
gejg-gfce 2
6526
1
gfci-gfcg 2
6527
1
gfef-gfch 2
6528
1
gfda-gfci 2
6529
1
gfch-gfcj 2
6530
1
gfcj-gfda 2
6533
2
gfea-gfdd 2
gfec-gfdd 1
6535
1
gfag-gfdf 2
6537
1
gfbe-gfdh 2
6539
1
gfbe-gfdj 2
6540
1
gejh-gfea 2
6544
1
gejh-gfee 2
6545
1
gfbi-gfef 2
6546
1
gfac-gfeg 2
6547
1
gfei-gfeh 2
6548
1
gfej-gfei 2
6549
2
gfhd-gfej 2
gfha-gfej 1
6550
3
gffi-gffa 2
gffb-gffa 1
ggfc-gffa 1
6551
1
gfgi-gffb 2
6552
1
gfej-gffc 2
6553
1
ggcj-gffd 2
6554
1
gfej-gffe 2
6555
1
gffj-gfff 2
6558
2
ggda-gffi 2
gfga-gffi 1
6559
1
gfej-gffj 2
6560
1
gfif-gfga 2
6561
1
gfig-gfgb 2
6562
1
ggec-gfgc 2
6563
1
ggag-gfgd 2
6564
1
ggba-gfge 2
6566
1
gfib-gfgg 2
6567
1
gfii-gfgh 2
6568
1
ggde-gfgi 2
6569
1
gfeh-gfgj 2
6571
1
gffa-gfhb 2
6572
3
gfhf-gfhc 2
gfhb-gfhc 1
ggeh-gfhc 1
6573
2
gfhc-gfhd 2
gffa-gfhd 1
6574
1
gfhh-gfhe 2
6575
4
gfhe-gfhf 2
fdde-gfhf 1
ggff-gfhf 1
gfhi-gfhf 1
6576
1
gfhb-gfhg 2
6577
2
gfhb-gfhh 2
gfhc-gfhh 1
6578
2
gfhh-gfhi 2
ggff-gfhi 1
6579
1
gfib-gfhj 2
6581
2
ggcc-gfib 2
gfhj-gfib 1
6582
1
gged-gfic 2
6583
1
gfja-gfid 2
6584
1
gfff-gfie 2
6585
1
ggaj-gfif 2
6586
1
gfij-gfig 2
6587
1
gfjf-gfih 2
6588
1
gfjg-gfii 2
6589
1
ggdd-gfij 2
6590
1
gfjc-gfja 2
6591
1
gfii-gfjb 2
6592
2
gfgh-gfjc 2
gfjd-gfjc 1
6593
1
ggbi-gfjd 2
6594
1
gfjb-gfje 2
6595
2
gfgc-gfjf 2
gfgh-gfjf 1
6596
1
gfic-gfjg 2
6597
2
ggdf-gfjh 2
ggad-gfjh 1
6598
1
ggdf-gfji 2
6603
1
gfji-ggad 2
6604
1
ggaf-ggae 2
6605
1
ggbc-ggaf 2
6606
1
gfff-ggag 2
6608
1
ggah-ggai 2
6609
1
ggbd-ggaj 2
6610
1
ggde-ggba 2
6611
2
ggag-ggbb 2
gfgd-ggbb 1
6612
1
ggbb-ggbc 2
6613
1
ggai-ggbd 2
6614
2
ggbf-ggbe 2
gfie-ggbe 1
6615
1
gggc-ggbf 2
6618
1
fdec-ggbi 2
6624
1
gghf-ggce 2
6625
1
gghd-ggcf 2
6627
1
ggae-ggch 2
6628
1
ggae-ggci 2
6629
1
ggda-ggcj 2
6630
1
ggbe-ggda 2
6631
1
ggej-ggdb 2
6632
2
ggdj-ggdc 2
ggfi-ggdc 1
6633
1
gfgj-ggdd 2
6634
1
gfih-ggde 2
6635
1
ggea-ggdf 2
6636
2
gggg-ggdg 2
ggdh-ggdg 1
6637
1
ggdi-ggdh 2
6638
1
gfjh-ggdi 2
6639
1
ggdg-ggdj 2
6640
2
gggg-ggea 2
ggeb-ggea 1
6641
1
ggfh-ggeb 2
6642
1
gfid-ggec 2
6643
2
gfgb-gged 2
ggag-gged 1
6644
1
ggei-ggee 2
6645
1
gggf-ggef 2
6646
1
gffj-ggeg 2
6647
1
ggdc-ggeh 2
6648
2
gghe-ggei 2
ggef-ggei 1
6649
2
gfhb-ggej 2
gfhg-ggej 1
6651
1
gfej-ggfb 2
6652
1
ggge-ggfc 2
6653
1
gggh-ggfd 2
6654
1
ggfg-ggfe 2
6655
1
ggfd-ggff 2
6656
1
gfhe-ggfg 2
6657
2
ggdb-ggfh 2
ggfi-ggfh 1
6658
1
ggga-ggfi 2
6659
2
ggdj-ggfj 2
ggdb-ggfj 1
6660
1
gghb-ggga 2
6661
1
ggfj-gggb 2
6662
1
gggd-gggc 2
6664
1
ggee-ggge 2
6665
1
ggfb-gggf 2
6666
1
ggfe-gggg 2
6667
2
ggdh-gggh 2
ggeb-gggh 1
6668
1
gggj-gggi 2
6669
1
gggb-gggj 2
6670
1
gghc-ggha 2
6671
1
ggha-gghb 2
6672
1
ggce-gghc 2
6673
1
gggi-gghd 2
6674
1
ggei-gghe 2
6675
1
gghi-gghf 2
6676
1
ggcf-gghg 2
6677
1
gghj-gghh 2
6678
1
gghh-gghi 2
6679
1
gghg-gghj 2
6680
1
ggie-ggia 2
6681
2
ghad-ggib 2
ghae-ggib 1
6682
1
fgee-ggic 2
6683
1
ggii-ggid 2
6684
1
eejf-ggie 2
6685
1
ggih-ggif 2
6686
1
ggib-ggig 2
6687
1
gifa-ggih 2
6688
2
ghac-ggii 2
eejf-ggii 1
6691
1
ggjd-ggjb 2
6692
1
ggic-ggjc 2
6693
1
ggib-ggjd 2
6702
1
ggjc-ghac 2
6703
1
ggif-ghad 2
6704
2
fada-ghae 2
ggia-ghae 1
6705
1
ghai-ghaf 2
6708
1
fbea-ghai 2
6713
1
ghcc-ghbd 2
6714
1
fbff-ghbe 2
6715
1
ghcd-ghbf 2
6716
1
ghbe-ghbg 2
6717
1
ghcb-ghbh 2
6721
1
ghbg-ghcb 2
6722
1
ghbh-ghcc 2
6723
1
ghbd-ghcd 2
6724
1
ghcf-ghce 2
6725
1
ghdc-ghcf 2
6726
1
ghdd-ghcg 2
6727
1
gbec-ghch 2
6728
1
gjfa-ghci 2
6729
1
ghci-ghcj 2
6730
1
fdgc-ghda 2
6731
1
ejeg-ghdb 2
6732
1
ghch-ghdc 2
6733
1
ghcj-ghdd 2
6734
1
ghdg-ghde 2
6735
1
gcge-ghdf 2
6736
1
gdaj-ghdg 2
6737
1
ghdf-ghdh 2
6738
1
ffah-ghdi 2
6739
1
gbbd-ghdj 2
6740
1
fcjj-ghea 2
6741
2
gbbh-gheb 2
fhhh-gheb 1
6742
1
ghfj-ghec 2
6743
2
fadh-ghed 2
efic-ghed 1
6750
1
fegd-ghfa 2
6755
1
fehe-ghff 2
6756
1
ghfi-ghfg 2
6757
1
ghff-ghfh 2
6758
1
ghge-ghfi 2
6759
1
ghgb-ghfj 2
6760
1
ghed-ghga 2
6761
1
ghfh-ghgb 2
6764
1
ghga-ghge 2
6766
1
fegi-ghgg 2
6767
1
ghgi-ghgh 2
6768
3
ghib-ghgi 2
ghhe-ghgi 1
fcjb-ghgi 1
6769
1
ghic-ghgj 2
6770
1
ghhb-ghha 2
6771
1
fbia-ghhb 2
6772
1
ghgj-ghhc 2
6773
1
gcfa-ghhd 2
6774
1
ghhd-ghhe 2
6775
1
ghhg-ghhf 2
6776
1
ghie-ghhg 2
6777
1
ghgh-ghhh 2
6778
1
ghgh-ghhi 2
6779
1
ghie-ghhj 2
6780
1
ghha-ghia 2
6781
1
ghia-ghib 2
6782
1
ghhj-ghic 2
6783
2
ghhi-ghid 2
ghhh-ghid 1
6784
1
ghid-ghie 2
6791
1
efgj-ghjb 2
6792
1
efgj-ghjc 2
6799
1
ehfb-ghjj 2
6801
1
giah-giab 2
6802
1
egfb-giac 2
6804
2
gibh-giae 2
giaf-giae 1
6805
1
gibf-giaf 2
6806
2
giac-giag 2
ehjh-giag 1
6807
1
giai-giah 2
6808
1
gibc-giai 2
6809
1
giag-giaj 2
6810
1
giae-giba 2
6811
1
giaj-gibb 2
6812
2
giba-gibc 2
gibi-gibc 1
6813
1
gibi-gibd 2
6814
2
gibd-gibe 2
giae-gibe 1
6815
1
egfg-gibf 2
6816
1
gibe-gibg 2
6817
1
gibb-gibh 2
6818
1
giae-gibi 2
6820
1
gich-gica 2
6821
1
gica-gicb 2
6822
1
gicf-gicc 2
6823
1
gicc-gicd 2
6824
1
gicd-gice 2
6825
1
gidd-gicf 2
6826
1
gicb-gicg 2
6827
1
faej-gich 2
6832
1
gicg-gidc 2
6833
1
gieh-gidd 2
6834
1
gbag-gide 2
6835
1
gidg-gidf 2
6836
1
gbgj-gidg 2
6837
2
giej-gidh 2
gide-gidh 1
6845
1
giei-gief 2
6846
1
giej-gieg 2
6847
2
gief-gieh 2
gidg-gieh 1
6848
1
ggjb-giei 2
6849
1
gidc-giej 2
6850
1
gifb-gifa 2
6851
1
gieg-gifb 2
6864
1
gbgh-gige 2
6865
2
figf-gigf 2
fige-gigf 1
6866
1
gihc-gigg 2
6867
1
gihb-gigh 2
6868
2
gije-gigi 2
giib-gigi 1
6869
3
gigi-gigj 2
gihj-gigj 1
gigg-gigj 1
6870
1
gigj-giha 2
6871
1
gigj-gihb 2
6872
1
giie-gihc 2
6878
1
gigj-gihi 2
6879
1
gbae-gihj 2
6881
2
gchb-giib 2
giha-giib 1
6884
2
gigh-giie 2
giif-giie 1
6885
2
giie-giif 2
gijc-giif 1
6890
2
gijb-gija 2
gcig-gija 1
6891
1
giif-gijb 2
6892
1
gija-gijc 2
6893
1
giha-gijd 2
6894
1
gcgj-gije 2
6895
1
fdjb-gijf 2
6896
2
gijf-gijg 2
fhia-gijg 1
6897
1
gijg-gijh 2
6904
1
fjbg-gjae 2
6913
1
efgh-gjbd 2
6914
1
gjca-gjbe 2
6915
1
gjbg-gjbf 2
6916
1
gjbj-gjbg 2
6917
1
gjbi-gjbh 2
6918
1
gjcc-gjbi 2
6919
1
gjbd-gjbj 2
6920
1
gjbh-gjca 2
6921
1
gjbf-gjcb 2
6922
1
fjeg-gjcc 2
6933
1
egib-gjdd 2
6934
1
gcgg-gjde 2
6935
1
gjdg-gjdf 2
6936
1
gjef-gjdg 2
6937
1
effg-gjdh 2
6938
1
gjdh-gjdi 2
6939
1
gjeb-gjdj 2
6940
1
gjeg-gjea 2
6941
1
ehbg-gjeb 2
6942
1
gjea-gjec 2
6943
1
gjeh-gjed 2
6944
1
gjei-gjee 2
6945
1
gjee-gjef 2
6946
1
gjed-gjeg 2
6947
1
gjdi-gjeh 2
6948
1
gjdj-gjei 2
6949
1
ghce-gjej 2
6950
1
gjfc-gjfa 2
6951
2
gjfd-gjfb 2
fjeb-gjfb 1
6952
1
gjfb-gjfc 2
6953
1
gjej-gjfd 2
6963
1
gjhb-gjgd 2
6969
1
gjgd-gjgj 2
6970
1
gjhe-gjha 2
6971
2
gjha-gjhb 2
gjhd-gjhb 1
6972
1
gjgj-gjhc 2
6973
1
eidj-gjhd 2
6974
1
eead-gjhe 2
6975
1
gjhg-gjhf 2
6976
1
gjgj-gjhg 2
6977
1
fdgb-gjhh 2
6978
1
fgfa-gjhi 2
6985
1
gjii-gjif 2
6986
2
fjgj-gjig 2
eddc-gjig 1
6987
2
gjif-gjih 2
gjig-gjih 1
6988
1
eiji-gjii 2
6989
1
gjig-gjij 2
6990
1
gjjd-gjja 2
6991
1
ejdj-gjjb 2
6992
1
gjjf-gjjc 2
6993
1
gjjj-gjjd 2
6994
1
gjji-gjje 2
6995
1
haag-gjjf 2
6996
1
fbdd-gjjg 2
6997
2
haab-gjjh 2
haaj-gjjh 1
6998
2
gjjc-gjji 2
gjjb-gjji 1
6999
1
haac-gjjj 2
7000
1
gjja-haaa 2
7001
1
haai-haab 2
7002
1
haad-haac 2
7003
1
gjjg-haad 2
7004
1
fdhc-haae 2
7005
1
haah-haaf 2
7006
1
haae-haag 2
7007
1
haaa-haah 2
7008
1
gjje-haai 2
7009
1
habb-haaj 2
7010
1
gjjg-haba 2
7011
1
habf-habb 2
7013
1
habg-habd 2
7014
1
haba-habe 2
7015
1
hacb-habf 2
7016
1
habj-habg 2
7017
1
habe-habh 2
7019
1
haca-habj 2
7020
1
habh-haca 2
7021
1
ejif-hacb 2
7022
2
haeg-hacc 2
haei-hacc 1
7024
4
hade-hace 2
hagj-hace 1
hacf-hace 1
hadi-hace 1
7025
4
haec-hacf 2
hade-hacf 1
hafd-hacf 1
hace-hacf 1
7027
1
hacj-hach 2
7028
2
haej-haci 2
hadb-haci 1
7029
1
hafj-hacj 2
7030
2
hagb-hada 2
haga-hada 1
7031
2
haci-hadb 2
haee-hadb 1
7032
1
hadd-hadc 2
7033
2
haee-hadd 2
hadc-hadd 1
7034
2
hacf-hade 2
hace-hade 1
7035
2
echi-hadf 2
hagg-hadf 1
7036
1
hage-hadg 2
7037
1
hagf-hadh 2
7038
2
hagj-hadi 2
hace-hadi 1
7039
2
hafg-hadj 2
hafd-hadj 1
7040
1
hafb-haea 2
7041
2
haff-haeb 2
haec-haeb 1
7042
2
haeb-haec 2
hacf-haec 1
7043
2
hafb-haed 2
haha-haed 1
7044
2
hadb-haee 2
hadd-haee 1
7046
2
hafa-haeg 2
hacc-haeg 1
7048
1
hacc-haei 2
7049
2
hafh-haej 2
haci-haej 1
7050
2
haga-hafa 2
haeg-hafa 1
7051
2
haea-hafb 2
haed-hafb 1
7052
1
hafe-hafc 2
7053
3
hagi-hafd 2
hadj-hafd 1
hacf-hafd 1
7054
1
hadh-hafe 2
7055
2
hagi-haff 2
haeb-haff 1
7056
2
hahb-hafg 2
hadj-hafg 1
7057
2
ecig-hafh 2
haej-hafh 1
7059
1
hagh-hafj 2
7060
2
hada-haga 2
hafa-haga 1
7061
2
hagg-hagb 2
hada-hagb 1
7063
1
echi-hagd 2
7064
1
hafc-hage 2
7066
2
hadf-hagg 2
hagb-hagg 1
7067
1
hadg-hagh 2
7068
2
hafd-hagi 2
haff-hagi 1
7069
2
hace-hagj 2
hadi-hagj 1
7070
2
haed-haha 2
hahb-haha 1
7071
2
haha-hahb 2
hafg-hahb 1