1359
1
2
dab-b 2
ehb-b 1
2
4
fcd-c 2
dgj-c 1
bi-c 1
di-c 1
3
2
ii-d 2
bcb-d 1
4
2
hic-e 2
cba-e 1
5
3
bdjf-f 2
e-f 1
bda-f 1
8
1
geg-i 2
9
3
fbj-j 2
bi-j 1
heg-j 1
10
1
bdi-ba 2
11
5
bee-bb 2
bcef-bb 1
gc-bb 1
bgf-bb 1
cd-bb 1
12
1
dgf-bc 2
13
2
bejh-bd 2
cjb-bd 1
14
3
beai-be 2
bbbj-be 1
fec-be 1
15
2
hi-bf 2
dh-bf 1
16
3
bi-bg 2
baae-bg 1
bdii-bg 1
17
2
ihi-bh 2
bgeh-bh 1
18
2
fic-bi 2
babg-bi 1
19
1
bdbf-bj 2
20
1
gjh-ca 2
23
3
dbg-cd 2
ffb-cd 1
bhd-cd 1
24
2
jag-ce 2
bi-ce 1
25
2
eac-cf 2
def-cf 1
28
2
bffg-ci 2
hfh-ci 1
29
1
fbi-cj 2
30
3
bcei-da 2
beib-da 1
bhd-da 1
31
3
cbh-db 2
bgj-db 1
bbde-db 1
32
3
iej-dc 2
bbgj-dc 1
ifh-dc 1
33
2
dfg-dd 2
fc-dd 1
34
1
di-de 2
35
3
bfgb-df 2
igi-df 1
gc-df 1
36
5
bcii-dg 2
hah-dg 1
bgfe-dg 1
bebe-dg 1
bed-dg 1
37
3
bagf-dh 2
hha-dh 1
dc-dh 1
38
1
haf-di 2
39
1
gdb-dj 2
40
3
eee-ea 2
dbb-ea 1
jff-ea 1
41
2
bbfc-eb 2
cdi-eb 1
42
1
cdc-ec 2
43
1
bcia-ed 2
44
1
bacc-ee 2
45
1
cij-ef 2
46
2
ggg-eg 2
bdj-eg 1
47
3
bbfg-eh 2
gdh-eh 1
bbei-eh 1
48
4
jfj-ei 2
dff-ei 1
bb-ei 1
bcjf-ei 1
49
1
baig-ej 2
50
2
dhe-fa 2
bhg-fa 1
52
2
bfch-fc 2
fif-fc 1
53
2
je-fd 2
daf-fd 1
55
1
gb-ff 2
57
1
bejb-fh 2
58
1
bfdg-fi 2
59
1
ifd-fj 2
60
2
fga-ga 2
bi-ga 1
61
2
bbjc-gb 2
bbeb-gb 1
62
4
gge-gc 2
bdfa-gc 1
eie-gc 1
e-gc 1
63
5
bfgc-gd 2
gfb-gd 1
dbf-gd 1
je-gd 1
daj-gd 1
64
1
dfi-ge 2
65
1
cgh-gf 2
66
4
bfjf-gg 2
cdh-gg 1
jhg-gg 1
idf-gg 1
67
3
bddh-gh 2
bh-gh 1
jci-gh 1
68
3
bcff-gi 2
ch-gi 1
cbe-gi 1
71
2
efh-hb 2
iaa-hb 1
72
4
ejc-hc 2
dbf-hc 1
cif-hc 1
gg-hc 1
74
2
hc-he 2
bebb-he 1
75
1
hie-hf 2
76
1
cgj-hg 2
77
1
bjb-hh 2
78
4
iba-hi 2
baec-hi 1
bac-hi 1
fa-hi 1
79
3
jfc-hj 2
gfg-hj 1
di-hj 1
80
3
di-ia 2
ccc-ia 1
bfeh-ia 1
82
2
cgi-ic 2
bedh-ic 1
83
1
eab-id 2
84
3
bjd-ie 2
dej-ie 1
haj-ie 1
85
3
bcge-if 2
bfce-if 1
di-if 1
86
1
egf-ig 2
88
4
chf-ii 2
dgc-ii 1
bacj-ii 1
bgfi-ii 1
89
1
bcd-ij 2
90
1
hij-ja 2
91
2
ehi-jb 2
jc-jb 1
92
4
babi-jc 2
bbjg-jc 1
fci-jc 1
gii-jc 1
94
3
gdf-je 2
bfc-je 1
bi-je 1
96
1
daf-jg 2
97
3
bbfg-jh 2
hib-jh 1
dai-jh 1
98
1
bdjh-ji 2
99
1
dej-jj 2
100
4
dig-baa 2
efg-baa 1
fhg-baa 1
dfi-baa 1
101
1
chf-bab 2
102
3
bfe-bac 2
gja-bac 1
hfi-bac 1
103
2
bfi-bad 2
bha-bad 1
105
1
bdbh-baf 2
106
2
bcc-bag 2
fic-bag 1
107
3
gjh-bah 2
hbf-bah 1
deg-bah 1
110
2
gdc-bba 2
fbe-bba 1
111
1
fdh-bbb 2
112
2
chf-bbc 2
dbb-bbc 1
114
1
cie-bbe 2
115
3
bei-bbf 2
bage-bbf 1
dfc-bbf 1
116
3
iff-bbg 2
gdc-bbg 1
eg-bbg 1
117
1
bacc-bbh 2
118
3
beeh-bbi 2
gfd-bbi 1
bca-bbi 1
119
6
fag-bbj 2
bbag-bbj 1
bbf-bbj 1
gjh-bbj 1
ige-bbj 1
eh-bbj 1
120
1
gaf-bca 2
121
1
fba-bcb 2
122
5
bbff-bcc 2
bbab-bcc 1
bjd-bcc 1
bebg-bcc 1
jg-bcc 1
123
3
eed-bcd 2
gc-bcd 1
jec-bcd 1
124
4
gef-bce 2
bb-bce 1
gc-bce 1
bi-bce 1
126
2
di-bcg 2
bhj-bcg 1
127
2
gad-bch 2
fbh-bch 1
128
5
bbhe-bci 2
bcbc-bci 1
bbc-bci 1
bagb-bci 1
fag-bci 1
130
3
ffa-bda 2
eh-bda 1
dhg-bda 1
131
2
efd-bdb 2
deh-bdb 1
132
1
fee-bdc 2
133
3
bcgc-bdd 2
bece-bdd 1
bjf-bdd 1
134
1
bba-bde 2
135
3
hcg-bdf 2
gea-bdf 1
gbf-bdf 1
136
3
bahh-bdg 2
bbij-bdg 1
bcc-bdg 1
138
3
iic-bdi 2
bffi-bdi 1
gci-bdi 1
139
5
geh-bdj 2
jfe-bdj 1
hhc-bdj 1
igg-bdj 1
ffb-bdj 1
140
2
dgc-bea 2
cdh-bea 1
141
2
hia-beb 2
cbe-beb 1
142
4
hea-bec 2
bdei-bec 1
eei-bec 1
hj-bec 1
143
1
cd-bed 2
144
3
bgbe-bee 2
cfa-bee 1
gjd-bee 1
147
2
ieh-beh 2
hi-beh 1
148
4
jca-bei 2
fge-bei 1
jbi-bei 1
bcgi-bei 1
149
2
fif-bej 2
bdb-bej 1
151
1
bdji-bfb 2
152
3
dcb-bfc 2
cdb-bfc 1
bafi-bfc 1
153
2
bif-bfd 2
cie-bfd 1
154
2
dch-bfe 2
baea-bfe 1
156
1
bgac-bfg 2
158
3
bgci-bfi 2
gaa-bfi 1
ich-bfi 1
159
1
gif-bfj 2
160
3
hbd-bga 2
dij-bga 1
efe-bga 1
161
2
hea-bgb 2
cgc-bgb 1
162
1
cdb-bgc 2
163
1
bgdh-bgd 2
164
1
hci-bge 2
165
1
iaa-bgf 2
166
3
ehg-bgg 2
bcaa-bgg 1
heh-bgg 1
167
2
be-bgh 2
bfgh-bgh 1
168
2
daj-bgi 2
cbi-bgi 1
169
2
bffe-bgj 2
hch-bgj 1
170
3
gi-bha 2
fh-bha 1
ccd-bha 1
171
3
hhd-bhb 2
jh-bhb 1
fcb-bhb 1
172
2
bbfd-bhc 2
bfe-bhc 1
173
2
eed-bhd 2
hj-bhd 1
174
1
daa-bhe 2
175
3
bci-bhf 2
cgi-bhf 1
ech-bhf 1
176
3
cdi-bhg 2
bci-bhg 1
cbg-bhg 1
177
1
cch-bhh 2
178
2
eaj-bhi 2
ibh-bhi 1
179
1
bafb-bhj 2
181
2
eae-bib 2
fhc-bib 1
182
1
dc-bic 2
184
2
bde-bie 2
bcc-bie 1
185
2
bgcg-bif 2
babf-bif 1
187
2
bcff-bih 2
dcf-bih 1
189
1
ba-bij 2
190
1
dca-bja 2
191
3
bbee-bjb 2
bcdb-bjb 1
db-bjb 1
192
1
baad-bjc 2
193
4
hdg-bjd 2
ghb-bjd 1
gd-bjd 1
di-bjd 1
194
2
ecd-bje 2
cga-bje 1
195
4
baff-bjf 2
hic-bjf 1
ecg-bjf 1
bccc-bjf 1
197
2
cd-bjh 2
eah-bjh 1
198
4
beeb-bji 2
cgh-bji 1
fdj-bji 1
dbg-bji 1
199
2
baad-bjj 2
jhe-bjj 1
200
2
djj-caa 2
dhc-caa 1
201
2
bdg-cab 2
cjd-cab 1
202
3
fid-cac 2
dbf-cac 1
cgd-cac 1
203
1
icg-cad 2
204
1
bcb-cae 2
205
3
bafb-caf 2
gag-caf 1
ghc-caf 1
206
2
cie-cag 2
bbg-cag 1
207
1
bebe-cah 2
208
1
gdb-cai 2
210
4
bbjf-cba 2
bgdd-cba 1
bccb-cba 1
bfi-cba 1
212
2
efg-cbc 2
bcdg-cbc 1
213
4
jfc-cbd 2
bif-cbd 1
cec-cbd 1
ehe-cbd 1
214
1
bbcc-cbe 2
215
1
ceb-cbf 2
216
2
becj-cbg 2
bbfi-cbg 1
217
1
bhi-cbh 2
218
2
ede-cbi 2
bdi-cbi 1
219
2
gjj-cbj 2
hi-cbj 1
220
4
eea-cca 2
cbe-cca 1
bbdb-cca 1
ihg-cca 1
221
2
bjj-ccb 2
ejj-ccb 1
222
3
jfh-ccc 2
bcda-ccc 1
eag-ccc 1
223
1
bajb-ccd 2
225
3
ihi-ccf 2
ga-ccf 1
hcc-ccf 1
226
1
ijd-ccg 2
227
3
egd-cch 2
baaf-cch 1
bhe-cch 1
228
4
bbfd-cci 2
bgbg-cci 1
haf-cci 1
ceb-cci 1
229
1
hji-ccj 2
231
1
ejg-cdb 2
232
2
ddj-cdc 2
fad-cdc 1
233
1
db-cdd 2
235
3
fjc-cdf 2
bhj-cdf 1
dfa-cdf 1
236
1
dff-cdg 2
237
2
bbja-cdh 2
gfd-cdh 1
238
2
beha-cdi 2
j-cdi 1
239
1
ega-cdj 2
240
3
che-cea 2
jaj-cea 1
if-cea 1
241
1
bdea-ceb 2
242
1
bad-cec 2
243
1
bbgc-ced 2
244
1
ic-cee 2
245
2
dab-cef 2
bha-cef 1
249
3
bh-cej 2
bbee-cej 1
bbeg-cej 1
250
3
bdhb-cfa 2
gei-cfa 1
ice-cfa 1
252
1
eca-cfc 2
253
1
bchd-cfd 2
255
3
ejg-cff 2
hda-cff 1
bafc-cff 1
256
4
ej-cfg 2
bbdg-cfg 1
bfdb-cfg 1
gic-cfg 1
257
2
cie-cfh 2
fjh-cfh 1
260
4
bcjf-cga 2
bhb-cga 1
chf-cga 1
dh-cga 1
261
3
da-cgb 2
deb-cgb 1
dch-cgb 1
262
2
cdb-cgc 2
hfc-cgc 1
263
1
dcf-cgd 2
264
1
bfc-cge 2
265
3
bgbh-cgf 2
dej-cgf 1
fcc-cgf 1
267
3
bdhc-cgh 2
hc-cgh 1
cag-cgh 1
268
3
baaa-cgi 2
fdh-cgi 1
ia-cgi 1
270
1
dhj-cha 2
272
4
jhd-chc 2
bbfj-chc 1
fjc-chc 1
hba-chc 1
273
1
bfbg-chd 2
274
3
befj-che 2
eah-che 1
dej-che 1
275
1
eca-chf 2
276
2
fc-chg 2
iab-chg 1
278
2
bbc-chi 2
bbea-chi 1
279
1
jg-chj 2
281
4
eha-cib 2
bdhh-cib 1
bdhb-cib 1
bcce-cib 1
282
1
jce-cic 2
283
3
cjb-cid 2
ehb-cid 1
cab-cid 1
284
2
jfi-cie 2
gg-cie 1
285
2
bcja-cif 2
dae-cif 1
286
1
eef-cig 2
287
1
icg-cih 2
288
1
baha-cii 2
289
2
dgf-cij 2
cch-cij 1
290
2
hcj-cja 2
ehg-cja 1
291
3
beba-cjb 2
eei-cjb 1
jbi-cjb 1
292
3
bfgi-cjc 2
bada-cjc 1
bcih-cjc 1
295
1
egf-cjf 2
298
1
bdce-cji 2
299
2
jah-cjj 2
bfeb-cjj 1
300
3
bfde-daa 2
bbhc-daa 1
jjb-daa 1
301
2
hi-dab 2
bef-dab 1
302
1
dce-dac 2
303
3
gfd-dad 2
gfe-dad 1
gcb-dad 1
304
2
bcib-dae 2
fce-dae 1
305
3
fbb-daf 2
badi-daf 1
bdcb-daf 1
307
2
cgi-dah 2
ihj-dah 1
308
2
dhc-dai 2
bchi-dai 1
309
3
geh-daj 2
dce-daj 1
fae-daj 1
310
1
hhj-dba 2
311
2
eaa-dbb 2
cjb-dbb 1
312
2
dah-dbc 2
hca-dbc 1
313
1
gcb-dbd 2
314
1
bcaf-dbe 2
315
2
gib-dbf 2
baad-dbf 1
316
2
iag-dbg 2
dab-dbg 1
317
2
fha-dbh 2
cdb-dbh 1
319
1
dhd-dbj 2
320
4
jbi-dca 2
bdii-dca 1
bda-dca 1
a-dca 1
321
5
gad-dcb 2
eda-dcb 1
efg-dcb 1
gbj-dcb 1
fi-dcb 1
322
4
di-dcc 2
jah-dcc 1
chf-dcc 1
fbb-dcc 1
323
2
gjc-dcd 2
gda-dcd 1
324
2
jef-dce 2
ebg-dce 1
325
1
bbja-dcf 2
326
2
dca-dcg 2
jjj-dcg 1
327
3
jai-dch 2
bdgc-dch 1
eca-dch 1
329
1
jcg-dcj 2
331
1
bdge-ddb 2
332
2
bfjb-ddc 2
bja-ddc 1
334
6
ghh-dde 2
d-dde 1
fbe-dde 1
ifj-dde 1
ehd-dde 1
bbj-dde 1
335
6
eij-ddf 2
fcf-ddf 1
eb-ddf 1
jh-ddf 1
id-ddf 1
chf-ddf 1
336
1
eid-ddg 2
337
1
baa-ddh 2
339
2
ecg-ddj 2
haa-ddj 1
340
5
ejd-dea 2
ief-dea 1
ebe-dea 1
dia-dea 1
edh-dea 1
341
3
cbi-deb 2
hgj-deb 1
hjc-deb 1
342
2
bfg-dec 2
bcgh-dec 1
343
1
gij-ded 2
344
5
cia-dee 2
fji-dee 1
fhb-dee 1
dhc-dee 1
dej-dee 1
345
1
jfi-def 2
346
3
fhd-deg 2
hia-deg 1
bceg-deg 1
347
1
dj-deh 2
348
1
gjc-dei 2
349
2
bcah-dej 2
fda-dej 1
350
1
ege-dfa 2
351
2
e-dfb 2
ehb-dfb 1
352
4
cjc-dfc 2
fgg-dfc 1
ghb-dfc 1
eb-dfc 1
353
1
idj-dfd 2
354
2
baac-dfe 2
ejd-dfe 1
355
3
hii-dff 2
gie-dff 1
heg-dff 1
356
1
eib-dfg 2
357
4
fhb-dfh 2
bbcb-dfh 1
fee-dfh 1
beci-dfh 1
358
2
hgh-dfi 2
egd-dfi 1
360
1
bcdg-dga 2
362
3
fib-dgc 2
jic-dgc 1
c-dgc 1
363
4
bbjf-dgd 2
ifg-dgd 1
cbc-dgd 1
ifb-dgd 1
364
2
bccf-dge 2
dc-dge 1
365
2
bbba-dgf 2
bffd-dgf 1
367
2
idi-dgh 2
dff-dgh 1
368
2
deb-dgi 2
bbf-dgi 1
369
3
gg-dgj 2
bcab-dgj 1
bea-dgj 1
370
2
dij-dha 2
dji-dha 1
371
2
ebh-dhb 2
d-dhb 1
372
5
dbg-dhc 2
bdab-dhc 1
jii-dhc 1
bbce-dhc 1
dfg-dhc 1
373
4
dgh-dhd 2
baeg-dhd 1
cdi-dhd 1
ije-dhd 1
374
4
bbhi-dhe 2
bbhb-dhe 1
bbii-dhe 1
dca-dhe 1
375
1
baga-dhf 2
376
2
bfe-dhg 2
ida-dhg 1
377
1
bbh-dhh 2
378
2
ihg-dhi 2
fjf-dhi 1
379
4
ddj-dhj 2
icc-dhj 1
idf-dhj 1
begh-dhj 1
380
1
ecg-dia 2
381
1
dhj-dib 2
382
1
jff-dic 2
384
4
baag-die 2
fac-die 1
fig-die 1
fea-die 1
385
1
bbdh-dif 2
386
3
fcd-dig 2
hih-dig 1
edj-dig 1
387
2
bbjg-dih 2
fdg-dih 1
388
2
bage-dii 2
bdeg-dii 1
389
3
ici-dij 2
hhe-dij 1
bacf-dij 1
391
1
jjj-djb 2
392
1
dba-djc 2
393
3
ceb-djd 2
cie-djd 1
bejh-djd 1
394
2
beaj-dje 2
bbj-dje 1
395
2
di-djf 2
eha-djf 1
396
2
efi-djg 2
bceg-djg 1
397
4
cjc-djh 2
bdef-djh 1
ebi-djh 1
beca-djh 1
399
2
bbc-djj 2
jib-djj 1
400
2
bee-eaa 2
hjj-eaa 1
401
2
bbga-eab 2
bdha-eab 1
402
1
cej-eac 2
403
1
dce-ead 2
404
3
icb-eae 2
gdc-eae 1
bic-eae 1
405
1
jc-eaf 2
406
1
gff-eag 2
407
3
bbcf-eah 2
eca-eah 1
bcaj-eah 1
408
1
bbec-eai 2
409
1
beec-eaj 2
410
2
bif-eba 2
bebc-eba 1
411
2
ffd-ebb 2
iij-ebb 1
412
1
baej-ebc 2
413
2
bdae-ebd 2
badb-ebd 1
414
4
bfhc-ebe 2
ebb-ebe 1
ceb-ebe 1
df-ebe 1
416
1
fga-ebg 2
417
2
icg-ebh 2
daf-ebh 1
418
1
hfe-ebi 2
419
3
jgc-ebj 2
ehi-ebj 1
djj-ebj 1
420
2
jga-eca 2
eh-eca 1
421
1
bchc-ecb 2
422
4
bdch-ecc 2
jc-ecc 1
bdie-ecc 1
ejd-ecc 1
423
2
jfj-ecd 2
dha-ecd 1
424
1
eaa-ece 2
425
3
beh-ecf 2
dc-ecf 1
eed-ecf 1
426
1
bcca-ecg 2
427
3
hcd-ech 2
jjc-ech 1
dbh-ech 1
428
1
hcg-eci 2
430
3
dhf-eda 2
bdcg-eda 1
bbdb-eda 1
431
1
gdd-edb 2
432
1
ggi-edc 2
433
2
cbe-edd 2
bdh-edd 1
434
3
jh-ede 2
jbb-ede 1
ffi-ede 1
435
4
hba-edf 2
bdag-edf 1
fah-edf 1
bdfe-edf 1
436
1
ie-edg 2
437
2
bbgb-edh 2
hcd-edh 1
439
2
egf-edj 2
egj-edj 1
440
1
bgj-eea 2
441
1
hgh-eeb 2
442
3
hci-eec 2
dge-eec 1
cbe-eec 1
443
3
iaa-eed 2
fcg-eed 1
gcd-eed 1
444
1
idg-eee 2
445
2
bdg-eef 2
dej-eef 1
447
1
bcc-eeh 2
448
2
beed-eei 2
haj-eei 1
449
2
bcih-eej 2
bcag-eej 1
450
3
hch-efa 2
jia-efa 1
ii-efa 1
452
2
ehd-efc 2
hd-efc 1
453
2
fei-efd 2
bbc-efd 1
454
2
bcdb-efe 2
ija-efe 1
455
5
bjf-eff 2
jge-eff 1
fff-eff 1
hgf-eff 1
bbed-eff 1
456
3
bcad-efg 2
iib-efg 1
fii-efg 1
458
1
eec-efi 2
459
2
bbca-efj 2
fhc-efj 1
460
5
bja-ega 2
bac-ega 1
feh-ega 1
jca-ega 1
icf-ega 1
461
4
bcdf-egb 2
hic-egb 1
fdb-egb 1
jg-egb 1
463
2
cfa-egd 2
ebd-egd 1
464
1
ifi-ege 2
465
3
ifd-egf 2
eae-egf 1
fge-egf 1
467
1
iid-egh 2
468
1
hef-egi 2
469
1
jdg-egj 2
470
2
cgh-eha 2
fgd-eha 1
471
1
hib-ehb 2
473
1
hcb-ehd 2
474
2
ibh-ehe 2
bebj-ehe 1
475
2
jgj-ehf 2
hgh-ehf 1
476
2
edf-ehg 2
bdgh-ehg 1
477
1
ecf-ehh 2
478
2
jfd-ehi 2
bbeg-ehi 1
480
1
cjj-eia 2
481
3
iih-eib 2
bbbe-eib 1
dg-eib 1
482
2
bdfb-eic 2
bfef-eic 1
483
1
bdg-eid 2
484
2
gbb-eie 2
ffj-eie 1
487
1
cag-eih 2
488
1
bfdi-eii 2
489
3
jae-eij 2
dcc-eij 1
ief-eij 1
490
2
babi-eja 2
iaj-eja 1
491
2
bhc-ejb 2
ibd-ejb 1
492
3
bcbe-ejc 2
ggd-ejc 1
gji-ejc 1
493
1
ige-ejd 2
494
1
iei-eje 2
495
1
bfja-ejf 2
496
3
feg-ejg 2
chd-ejg 1
ghb-ejg 1
498
2
d-eji 2
cgh-eji 1
499
1
chf-ejj 2
500
2
ice-faa 2
dfb-faa 1
502
3
cbi-fac 2
bbii-fac 1
hbc-fac 1
503
5
baei-fad 2
fgd-fad 1
iej-fad 1
bdjg-fad 1
cfh-fad 1
504
2
baba-fae 2
bdia-fae 1
505
1
bcja-faf 2
506
2
dbf-fag 2
bahb-fag 1
507
1
bjf-fah 2
508
1
fdh-fai 2
509
1
fgi-faj 2
510
2
bbdb-fba 2
cdi-fba 1
511
1
jgi-fbb 2
513
2
bih-fbd 2
ejj-fbd 1
514
2
bceh-fbe 2
fgi-fbe 1
516
1
dff-fbg 2
517
3
fgb-fbh 2
fdh-fbh 1
bc-fbh 1
518
3
bjb-fbi 2
ebf-fbi 1
eah-fbi 1
519
1
hdc-fbj 2
520
2
gaj-fca 2
bccg-fca 1
521
1
bcdf-fcb 2
522
3
bfca-fcc 2
fjh-fcc 1
gic-fcc 1
523
1
cba-fcd 2
524
1
baec-fce 2
525
2
ehe-fcf 2
baib-fcf 1
526
2
gcc-fcg 2
bcah-fcg 1
527
3
bcee-fch 2
beaj-fch 1
eae-fch 1
528
5
dfh-fci 2
iba-fci 1
bbea-fci 1
bjf-fci 1
iei-fci 1
529
1
fcg-fcj 2
530
3
bhi-fda 2
bbbd-fda 1
cfd-fda 1
531
3
eha-fdb 2
def-fdb 1
ccf-fdb 1
532
2
bahi-fdc 2
cif-fdc 1
533
6
edd-fdd 2
baei-fdd 1
bfha-fdd 1
eaf-fdd 1
hid-fdd 1
bfie-fdd 1
534
1
egb-fde 2
535
2
ibe-fdf 2
fdg-fdf 1
536
1
bach-fdg 2
537
3
deb-fdh 2
cdc-fdh 1
gf-fdh 1
538
1
jii-fdi 2
539
1
bdfh-fdj 2
540
3
bbia-fea 2
bdcd-fea 1
ee-fea 1
541
4
ieb-feb 2
dfh-feb 1
ibd-feb 1
hgh-feb 1
542
2
bfcg-fec 2
bfij-fec 1
543
1
hdi-fed 2
544
2
bbaa-fee 2
ecb-fee 1
545
2
bfdg-fef 2
je-fef 1
546
3
hgh-feg 2
ijc-feg 1
bd-feg 1
547
1
djg-feh 2
548
1
begd-fei 2
550
3
bfef-ffa 2
idb-ffa 1
gch-ffa 1
551
2
dab-ffb 2
ica-ffb 1
552
1
bdj-ffc 2
553
1
dij-ffd 2
555
3
hfd-fff 2
fgj-fff 1
chc-fff 1
557
1
e-ffh 2
558
2
cdj-ffi 2
cif-ffi 1
559
1
gfi-ffj 2
560
5
bhe-fga 2
eae-fga 1
cie-fga 1
gei-fga 1
igi-fga 1
561
2
gff-fgb 2
dba-fgb 1
562
1
bagf-fgc 2
563
2
bfic-fgd 2
bfff-fgd 1
564
1
gjf-fge 2
567
1
dbh-fgh 2
568
1
dfg-fgi 2
569
1
ghj-fgj 2
570
2
fhc-fha 2
bfig-fha 1
571
3
bfcb-fhb 2
beeb-fhb 1
bajf-fhb 1
572
5
bfed-fhc 2
bgea-fhc 1
bbi-fhc 1
cba-fhc 1
hch-fhc 1
573
2
hic-fhd 2
cih-fhd 1
574
2
ebh-fhe 2
hci-fhe 1
575
1
gad-fhf 2
576
2
fjc-fhg 2
bbfh-fhg 1
577
1
cba-fhh 2
578
2
bja-fhi 2
jcb-fhi 1
580
2
gcc-fia 2
hga-fia 1
581
2
fgb-fib 2
gjb-fib 1
582
3
bgaj-fic 2
cea-fic 1
ijd-fic 1
583
2
bbaa-fid 2
cih-fid 1
584
1
efe-fie 2
585
2
gge-fif 2
bbc-fif 1
586
4
eib-fig 2
bfj-fig 1
ejg-fig 1
dec-fig 1
588
4
haf-fii 2
bcfh-fii 1
bagb-fii 1
gde-fii 1
590
1
edj-fja 2
591
3
gef-fjb 2
hae-fjb 1
cij-fjb 1
592
3
cie-fjc 2
hdf-fjc 1
bcff-fjc 1
595
3
bahg-fjf 2
jhf-fjf 1
fhc-fjf 1
596
1
bcfe-fjg 2
597
1
baij-fjh 2
598
4
cdf-fji 2
iga-fji 1
hh-fji 1
bddi-fji 1
600
2
bacj-gaa 2
gbb-gaa 1
601
1
gdh-gab 2
602
1
cca-gac 2
603
3
bdfe-gad 2
hij-gad 1
bf-gad 1
604
4
bfi-gae 2
hca-gae 1
ceb-gae 1
bd-gae 1
606
3
jij-gag 2
bahg-gag 1
dff-gag 1
607
1
iaf-gah 2
609
3
di-gaj 2
bcde-gaj 1
iae-gaj 1
610
2
bbge-gba 2
bbib-gba 1
611
5
dhf-gbb 2
eja-gbb 1
bfjj-gbb 1
cgb-gbb 1
becb-gbb 1
612
2
baab-gbc 2
bbh-gbc 1
614
1
bgfd-gbe 2
615
1
bdcf-gbf 2
617
2
ff-gbh 2
ejj-gbh 1
618
2
bbeh-gbi 2
ej-gbi 1
619
3
bbfi-gbj 2
jej-gbj 1
gch-gbj 1
620
2
haj-gca 2
hbg-gca 1
621
2
bfbd-gcb 2
cab-gcb 1
622
4
cdh-gcc 2
bafc-gcc 1
baad-gcc 1
baee-gcc 1
624
1
fai-gce 2
625
1
daf-gcf 2
627
1
bdc-gch 2
628
3
igb-gci 2
bga-gci 1
cea-gci 1
631
2
eah-gdb 2
bbg-gdb 1
632
4
babf-gdc 2
ifc-gdc 1
cah-gdc 1
gbe-gdc 1
633
1
bcag-gdd 2
634
2
baeb-gde 2
cdd-gde 1
635
2
bchf-gdf 2
gfe-gdf 1
636
3
bddj-gdg 2
hag-gdg 1
bajh-gdg 1
637
2
jci-gdh 2
bdfd-gdh 1
639
1
gjg-gdj 2
640
3
dea-gea 2
edi-gea 1
jh-gea 1
641
1
hhd-geb 2
645
2
dfi-gef 2
bdgj-gef 1
646
3
bfcj-geg 2
cie-geg 1
gaj-geg 1
647
1
jg-geh 2
648
2
daf-gei 2
iba-gei 1
649
1
hgi-gej 2
651
1
jhj-gfb 2
653
2
bdbg-gfd 2
gch-gfd 1
654
2
baci-gfe 2
hfa-gfe 1
655
5
idi-gff 2
ehe-gff 1
egf-gff 1
bga-gff 1
hh-gff 1
656
1
bahh-gfg 2
657
1
bi-gfh 2
658
2
becd-gfi 2
ech-gfi 1
660
1
hhe-gga 2
662
2
id-ggc 2
bgae-ggc 1
663
1
jhh-ggd 2
664
4
efd-gge 2
beg-gge 1
ifg-gge 1
bfid-gge 1
665
3
jfj-ggf 2
bcdj-ggf 1
hab-ggf 1
666
3
dij-ggg 2
die-ggg 1
caf-ggg 1
668
3
cgh-ggi 2
bfc-ggi 1
cbc-ggi 1
670
4
ifc-gha 2
gdh-gha 1
gii-gha 1
bfgj-gha 1
671
5
bgef-ghb 2
bbfg-ghb 1
idb-ghb 1
bgae-ghb 1
bbff-ghb 1
672
3
beid-ghc 2
cib-ghc 1
bch-ghc 1
673
1
egj-ghd 2
674
1
ggg-ghe 2
676
1
fhb-ghg 2
677
2
cbc-ghh 2
bacj-ghh 1
678
1
daf-ghi 2
679
3
bcbc-ghj 2
hec-ghj 1
fdb-ghj 1
680
1
hbf-gia 2
681
2
bbhf-gib 2
cic-gib 1
682
1
dhi-gic 2
683
1
cjj-gid 2
684
2
iih-gie 2
ici-gie 1
685
5
hge-gif 2
jea-gif 1
gdf-gif 1
bcig-gif 1
bcdi-gif 1
687
3
badc-gih 2
die-gih 1
bbfb-gih 1
688
1
baab-gii 2
689
2
ehf-gij 2
bei-gij 1
690
1
ecd-gja 2
691
1
ebc-gjb 2
692
3
gbe-gjc 2
hji-gjc 1
behb-gjc 1
694
1
bhc-gje 2
695
2
ieg-gjf 2
dig-gjf 1
696
3
behg-gjg 2
bfb-gjg 1
bbic-gjg 1
697
1
cbg-gjh 2
699
2
iii-gjj 2
hhe-gjj 1
700
1
bcea-haa 2
701
2
gc-hab 2
bcfg-hab 1
703
1
iec-had 2
704
4
bbic-hae 2
chi-hae 1
hea-hae 1
fac-hae 1
705
2
jda-haf 2
jji-haf 1
706
4
hje-hag 2
dfg-hag 1
bcgb-hag 1
beje-hag 1
707
2
fda-hah 2
efj-hah 1
709
1
bdjj-haj 2
710
2
bdbi-hba 2
bega-hba 1
712
1
ffc-hbc 2
713
2
bdff-hbd 2
bei-hbd 1
714
2
fc-hbe 2
fji-hbe 1
715
2
fcf-hbf 2
jf-hbf 1
716
4
bdjf-hbg 2
ife-hbg 1
gde-hbg 1
egh-hbg 1
717
3
babe-hbh 2
ci-hbh 1
ifg-hbh 1
719
2
bedf-hbj 2
jge-hbj 1
720
2
hcf-hca 2
ead-hca 1
721
2
bahd-hcb 2
bdfa-hcb 1
722
2
cie-hcc 2
iee-hcc 1
723
3
jee-hcd 2
bgi-hcd 1
bdhb-hcd 1
724
2
ejf-hce 2
beaf-hce 1
725
4
gad-hcf 2
b-hcf 1
bbae-hcf 1
hhc-hcf 1
726
2
ja-hcg 2
ibf-hcg 1
727
2
fci-hch 2
gdg-hch 1
728
2
ggi-hci 2
geh-hci 1
729
3
bbgd-hcj 2
eec-hcj 1
jd-hcj 1
730
2
ffb-hda 2
dec-hda 1
731
4
bfhg-hdb 2
bejg-hdb 1
fei-hdb 1
jh-hdb 1
732
4
befb-hdc 2
bdac-hdc 1
cej-hdc 1
jbf-hdc 1
733
1
bdg-hdd 2
734
2
bbjf-hde 2
jfh-hde 1
735
3
gbh-hdf 2
bbha-hdf 1
fad-hdf 1
736
1
fjc-hdg 2
738
1
beah-hdi 2
739
1
haa-hdj 2
740
3
djb-hea 2
befg-hea 1
fdf-hea 1
742
4
bdhc-hec 2
fai-hec 1
bfjg-hec 1
bdda-hec 1
743
1
bcbg-hed 2
744
1
bfhd-hee 2
745
2
bjd-hef 2
bfch-hef 1
746
2
bcdd-heg 2
ceb-heg 1
747
1
hii-heh 2
748
1
ie-hei 2
749
1
bgbd-hej 2
750
3
jga-hfa 2
befe-hfa 1
dgc-hfa 1
751
1
icd-hfb 2
752
2
gjh-hfc 2
gab-hfc 1
753
1
bcec-hfd 2
754
2
bahd-hfe 2
gac-hfe 1
755
1
bacc-hff 2
756
1
bbac-hfg 2
757
1
ede-hfh 2
758
1
beih-hfi 2
759
2
bfhi-hfj 2
gaa-hfj 1
760
2
bbg-hga 2
fdb-hga 1
761
1
hfc-hgb 2
762
4
hje-hgc 2
fia-hgc 1
fea-hgc 1
dej-hgc 1
763
2
bbfa-hgd 2
bedb-hgd 1
764
2
beff-hge 2
efg-hge 1
765
3
bafe-hgf 2
bci-hgf 1
icd-hgf 1
767
2
dej-hgh 2
deg-hgh 1
768
2
baja-hgi 2
cdb-hgi 1
770
3
ihj-hha 2
baad-hha 1
ii-hha 1
772
3
beff-hhc 2
fhc-hhc 1
eia-hhc 1
773
2
gaa-hhd 2
bdec-hhd 1
774
2
eff-hhe 2
gja-hhe 1
779
4
bfag-hhj 2
chi-hhj 1
beb-hhj 1
hie-hhj 1
780
1
jdd-hia 2
781
1
bbi-hib 2
782
4
bgcf-hic 2
chh-hic 1
dhd-hic 1
dcc-hic 1
783
1
bgdg-hid 2
784
1
bgbb-hie 2
785
1
ggc-hif 2
786
1
fig-hig 2
787
1
ddh-hih 2
788
1
cgi-hii 2
789
3
bji-hij 2
dif-hij 1
bbbd-hij 1
790
1
fae-hja 2
791
2
cfh-hjb 2
bde-hjb 1
792
4
bfhe-hjc 2
bbfi-hjc 1
gaj-hjc 1
hcc-hjc 1
793
2
fef-hjd 2
bbd-hjd 1
794
2
bdja-hje 2
fgj-hje 1
795
2
edj-hjf 2
beji-hjf 1
796
2
jdh-hjg 2
eda-hjg 1
798
1
hfj-hji 2
799
2
gah-hjj 2
beea-hjj 1
800
4
jcg-iaa 2
dhc-iaa 1
deb-iaa 1
eef-iaa 1
801
3
ech-iab 2
cdh-iab 1
bdbh-iab 1
802
1
eic-iac 2
804
3
cdf-iae 2
bcd-iae 1
cjg-iae 1
805
2
gjf-iaf 2
ejf-iaf 1
806
2
bage-iag 2
ejg-iag 1
807
1
fei-iah 2
808
3
dje-iai 2
jh-iai 1
gf-iai 1
809
1
bddg-iaj 2
810
5
bbba-iba 2
bafb-iba 1
bcb-iba 1
bbbj-iba 1
ejb-iba 1
811
2
bead-ibb 2
iha-ibb 1
813
1
bgcj-ibd 2
814
2
bbcc-ibe 2
fba-ibe 1
815
3
bffh-ibf 2
dje-ibf 1
dih-ibf 1
816
2
fhg-ibg 2
bafg-ibg 1
817
2
babb-ibh 2
eja-ibh 1
818
1
fdi-ibi 2
819
2
dfd-ibj 2
bbcd-ibj 1
820
2
dgi-ica 2
becf-ica 1
821
1
hfi-icb 2
823
3
hj-icd 2
jaj-icd 1
hcd-icd 1
824
1
ehd-ice 2
825
2
dbb-icf 2
fce-icf 1
826
3
bjj-icg 2
bcdi-icg 1
gcg-icg 1
828
2
jc-ici 2
cj-ici 1
829
1
jie-icj 2
830
1
bcfd-ida 2
831
2
ghi-idb 2
cdh-idb 1
832
2
gjg-idc 2
iij-idc 1
835
3
efa-idf 2
dh-idf 1
dii-idf 1
836
3
dhd-idg 2
bfi-idg 1
bagf-idg 1
838
4
bgfa-idi 2
ech-idi 1
bbdd-idi 1
hhc-idi 1
839
2
bcc-idj 2
fdj-idj 1
840
2
bebf-iea 2
bij-iea 1
841
2
fhb-ieb 2
bbie-ieb 1
842
1
hfg-iec 2
843
2
jac-ied 2
bbid-ied 1
845
4
bfc-ief 2
bbah-ief 1
ea-ief 1
hag-ief 1
846
2
ffh-ieg 2
hcd-ieg 1
847
3
bchj-ieh 2
caj-ieh 1
bge-ieh 1
848
3
efg-iei 2
hgi-iei 1
bcgb-iei 1
849
1
bbh-iej 2
850
3
ccc-ifa 2
hcf-ifa 1
bbbi-ifa 1
851
1
dfh-ifb 2
852
4
bchg-ifc 2
jid-ifc 1
ejj-ifc 1
cee-ifc 1
853
2
cf-ifd 2
bbhd-ifd 1
854
2
hjf-ife 2
dad-ife 1
855
1
efe-iff 2
856
2
bgeb-ifg 2
be-ifg 1
857
1
baga-ifh 2
858
1
bcci-ifi 2
860
1
ebb-iga 2
861
1
cif-igb 2
862
2
gh-igc 2
eaf-igc 1
863
1
ife-igd 2
864
2
hjc-ige 2
dbj-ige 1
867
1
hag-igh 2
868
1
bbg-igi 2
869
1
dde-igj 2
870
2
bcdj-iha 2
hgf-iha 1
873
3
bbdd-ihd 2
behh-ihd 1
fj-ihd 1
874
1
hdg-ihe 2
875
1
bbad-ihf 2
876
1
gij-ihg 2
878
1
bdgf-ihi 2
879
2
caf-ihj 2
cef-ihj 1
880
2
fgb-iia 2
fid-iia 1
881
2
baeb-iib 2
id-iib 1
882
2
fag-iic 2
jje-iic 1
883
1
iae-iid 2
884
1
jee-iie 2
886
2
hjb-iig 2
hcg-iig 1
887
1
hbj-iih 2
889
1
baaa-iij 2
890
1
iaa-ija 2
893
3
beda-ijd 2
hfi-ijd 1
gdh-ijd 1
894
1
beef-ije 2
895
1
hei-ijf 2
896
1
behi-ijg 2
898
1
gd-iji 2
900
1
bbjh-jaa 2
901
2
baej-jab 2
gbe-jab 1
902
2
ejj-jac 2
ibb-jac 1
904
1
bbih-jae 2
905
2
bdig-jaf 2
bgd-jaf 1
906
2
cbc-jag 2
cg-jag 1
907
4
baia-jah 2
bchh-jah 1
fie-jah 1
bcif-jah 1
908
5
gbj-jai 2
bbbg-jai 1
efa-jai 1
bffi-jai 1
hah-jai 1
909
1
ebd-jaj 2
910
2
gej-jba 2
bdef-jba 1
911
2
dhg-jbb 2
gjc-jbb 1
912
1
jca-jbc 2
913
2
dij-jbd 2
bfad-jbd 1
915
1
bedi-jbf 2
916
2
ehd-jbg 2
baie-jbg 1
917
3
babf-jbh 2
dbd-jbh 1
bji-jbh 1
918
1
bdcc-jbi 2
920
2
jfg-jca 2
idf-jca 1
921
2
gae-jcb 2
faj-jcb 1
922
2
gfb-jcc 2
fjg-jcc 1
923
2
jcc-jcd 2
hgh-jcd 1
924
1
bafi-jce 2
925
1
igj-jcf 2
926
1
ggg-jcg 2
928
3
bfbf-jci 2
gih-jci 1
fch-jci 1
930
2
bdig-jda 2
bgdf-jda 1
931
3
hge-jdb 2
cgf-jdb 1
jhc-jdb 1
932
2
gdh-jdc 2
hbh-jdc 1
933
1
dhc-jdd 2
934
1
bi-jde 2
936
3
dhj-jdg 2
gea-jdg 1
bhb-jdg 1
937
1
ea-jdh 2
939
2
jfj-jdj 2
ja-jdj 1
940
1
ije-jea 2
942
1
bdfg-jec 2
943
1
djc-jed 2
944
1
hjb-jee 2
945
2
badj-jef 2
bbje-jef 1
946
1
bbj-jeg 2
947
1
bgdb-jeh 2
948
1
eff-jei 2
949
2
ehb-jej 2
dch-jej 1
950
3
fdj-jfa 2
bhe-jfa 1
iec-jfa 1
951
1
ebb-jfb 2
952
2
jgb-jfc 2
cgh-jfc 1
953
2
babc-jfd 2
fbd-jfd 1
954
2
bfgb-jfe 2
c-jfe 1
955
1
bfeb-jff 2
956
2
bccb-jfg 2
ega-jfg 1
957
4
gfb-jfh 2
bffj-jfh 1
fdf-jfh 1
eij-jfh 1
958
3
befa-jfi 2
bbj-jfi 1
dii-jfi 1
959
2
bdhe-jfj 2
bcc-jfj 1
960
4
bfcd-jga 2
bagg-jga 1
bfab-jga 1
fdf-jga 1
961
1
ecd-jgb 2
962
5
ibd-jgc 2
babj-jgc 1
cfa-jgc 1
bba-jgc 1
ied-jgc 1
964
3
bcgj-jge 2
bagf-jge 1
bedj-jge 1
965
1
i-jgf 2
966
1
bajc-jgg 2
967
1
dfc-jgh 2
968
1
iae-jgi 2
970
3
jia-jha 2
ghd-jha 1
bea-jha 1
971
1
ejg-jhb 2
972
1
eej-jhc 2
973
2
gba-jhd 2
geb-jhd 1
974
1
bbai-jhe 2
975
3
bajj-jhf 2
behe-jhf 1
fch-jhf 1
976
2
hde-jhg 2
fbi-jhg 1
977
2
gab-jhh 2
bfia-jhh 1
979
1
eei-jhj 2
980
4
bded-jia 2
baac-jia 1
ecc-jia 1
ddg-jia 1
981
1
iac-jib 2
982
1
igj-jic 2
983
1
bgfj-jid 2
984
1
hdb-jie 2
985
2
bb-jif 2
dge-jif 1
986
2
gha-jig 2
bbe-jig 1
988
2
ddf-jii 2
cei-jii 1
989
2
ge-jij 2
bah-jij 1
991
2
cjc-jjb 2
hja-jjb 1
992
1
bcgb-jjc 2
993
1
daj-jjd 2
994
1
bbcg-jje 2
995
1
ccf-jjf 2
998
1
hef-jji 2
999
1
bcci-jjj 2
1000
1
fgi-baaa 2
1001
4
jeg-baab 2
ifd-baab 1
efi-baab 1
bc-baab 1
1002
2
jbh-baac 2
hig-baac 1
1003
3
ceb-baad 2
bbbh-baad 1
jcd-baad 1
1004
1
eje-baae 2
1005
1
baae-baaf 2
1006
4
jci-baag 2
ffj-baag 1
cdc-baag 1
beja-baag 1
1007
1
baef-baah 2
1009
1
ceb-baaj 2
1010
4
ehi-baba 2
dfi-baba 1
jdf-baba 1
bbfb-baba 1
1011
2
djh-babb 2
ggi-babb 1
1012
4
beag-babc 2
if-babc 1
baif-babc 1
jga-babc 1
1013
1
dfe-babd 2
1014
2
ebj-babe 2
cjc-babe 1
1015
1
begj-babf 2
1016
2
bdhd-babg 2
beba-babg 1
1018
2
baij-babi 2
cdb-babi 1
1019
2
fdc-babj 2
bbcg-babj 1
1020
1
igh-baca 2
1021
2
bgbj-bacb 2
jhb-bacb 1
1022
1
gdb-bacc 2
1023
1
jgf-bacd 2
1027
1
bih-bach 2
1028
1
ejc-baci 2
1029
2
iha-bacj 2
bada-bacj 1
1030
3
hej-bada 2
bbcf-bada 1
gdb-bada 1
1031
2
bdf-badb 2
bddf-badb 1
1032
1
ifg-badc 2
1033
1
bcac-badd 2
1037
1
fhe-badh 2
1038
1
bbdi-badi 2
1039
2
bjf-badj 2
bbhf-badj 1
1040
1
hdd-baea 2
1041
4
bdcj-baeb 2
bbaf-baeb 1
fd-baeb 1
iag-baeb 1
1042
3
hbg-baec 2
jha-baec 1
jaa-baec 1
1044
1
baeg-baee 2
1045
2
fi-baef 2
efd-baef 1
1046
2
bcef-baeg 2
jdc-baeg 1
1048
2
bcig-baei 2
bagg-baei 1
1049
2
bbhh-baej 2
bdfj-baej 1
1050
4
dgj-bafa 2
jdj-bafa 1
babe-bafa 1
cff-bafa 1
1051
3
gdg-bafb 2
bbbd-bafb 1
baah-bafb 1
1052
1
hii-bafc 2
1054
1
fdd-bafe 2
1055
1
bfif-baff 2
1056
1
fdd-bafg 2
1058
2
bag-bafi 2
bhj-bafi 1
1059
1
hef-bafj 2
1060
1
bbag-baga 2
1061
1
fhb-bagb 2
1063
1
ibg-bagd 2
1064
2
jhf-bage 2
jfb-bage 1
1065
1
bede-bagf 2
1066
3
fcb-bagg 2
hgb-bagg 1
baie-bagg 1
1067
3
gje-bagh 2
cgf-bagh 1
cde-bagh 1
1069
2
jhd-bagj 2
bad-bagj 1
1070
2
bgcc-baha 2
bcgf-baha 1
1071
1
bgah-bahb 2
1073
3
dbb-bahd 2
beij-bahd 1
behd-bahd 1
1074
1
bcdi-bahe 2
1076
1
gjc-bahg 2
1077
4
bedg-bahh 2
hea-bahh 1
bahg-bahh 1
jab-bahh 1
1080
1
bgg-baia 2
1082
2
iaa-baic 2
bcgg-baic 1
1084
3
efc-baie 2
chg-baie 1
iaf-baie 1
1085
1
jcb-baif 2
1086
3
hif-baig 2
edd-baig 1
jgh-baig 1
1087
1
gcf-baih 2
1089
2
ife-baij 2
bha-baij 1
1090
3
bcfj-baja 2
cdh-baja 1
bif-baja 1
1091
2
bafj-bajb 2
ji-bajb 1
1092
1
dhb-bajc 2
1093
1
hha-bajd 2
1094
3
gfi-baje 2
iej-baje 1
bdab-baje 1
1095
2
bbgi-bajf 2
jcd-bajf 1
1097
1
bia-bajh 2
1098
1
baje-baji 2
1099
2
bajf-bajj 2
eci-bajj 1
1100
1
bcfa-bbaa 2
1101
1
bbfc-bbab 2
1102
2
dce-bbac 2
bejd-bbac 1
1103
2
bbag-bbad 2
jbh-bbad 1
1104
3
gc-bbae 2
gid-bbae 1
bcfc-bbae 1
1105
1
eff-bbaf 2
1106
1
gff-bbag 2
1107
4
beci-bbah 2
cja-bbah 1
bfjh-bbah 1
fhe-bbah 1
1108
1
bhj-bbai 2
1110
4
hdb-bbba 2
jid-bbba 1
cgd-bbba 1
babb-bbba 1
1113
4
bgab-bbbd 2
baec-bbbd 1
icb-bbbd 1
bbh-bbbd 1
1114
3
bccj-bbbe 2
bcc-bbbe 1
dhj-bbbe 1
1116
2
ief-bbbg 2
icb-bbbg 1
1117
1
ehg-bbbh 2
1118
1
bac-bbbi 2
1119
1
bahe-bbbj 2
1120
1
jcc-bbca 2
1121
2
hih-bbcb 2
jfd-bbcb 1
1122
2
hbd-bbcc 2
bgf-bbcc 1
1123
1
gje-bbcd 2
1124
2
iff-bbce 2
gde-bbce 1
1125
2
fhc-bbcf 2
bbae-bbcf 1
1126
2
fcg-bbcg 2
ccj-bbcg 1
1127
1
icb-bbch 2
1130
1
jde-bbda 2
1131
3
ifa-bbdb 2
idc-bbdb 1
bfdj-bbdb 1
1133
4
bci-bbdd 2
beb-bbdd 1
eii-bbdd 1
gid-bbdd 1
1134
1
jif-bbde 2
1135
1
gbi-bbdf 2
1136
1
bgdc-bbdg 2
1137
1
ghb-bbdh 2
1138
3
hbh-bbdi 2
bcba-bbdi 1
baee-bbdi 1
1140
1
df-bbea 2
1141
4
ihd-bbeb 2
bbae-bbeb 1
bbde-bbeb 1
ji-bbeb 1
1142
1
bcie-bbec 2
1143
1
jc-bbed 2
1144
1
bdee-bbee 2
1145
4
fjb-bbef 2
badd-bbef 1
fjf-bbef 1
ce-bbef 1
1146
2
bcjg-bbeg 2
eca-bbeg 1
1147
2
eg-bbeh 2
ghj-bbeh 1
1148
1
eif-bbei 2
1149
3
bcbb-bbej 2
fja-bbej 1
fci-bbej 1
1150
1
bacc-bbfa 2
1151
3
baji-bbfb 2
bdah-bbfb 1
bbgg-bbfb 1
1152
1
ibh-bbfc 2
1153
3
eaa-bbfd 2
bdcj-bbfd 1
ebc-bbfd 1
1154
1
bbgi-bbfe 2
1155
6
fcc-bbff 2
bdjd-bbff 1
ihi-bbff 1
hg-bbff 1
dbh-bbff 1
jig-bbff 1
1156
3
bfee-bbfg 2
fea-bbfg 1
eee-bbfg 1
1157
1
bbjg-bbfh 2
1158
2
bbej-bbfi 2
bfhb-bbfi 1
1159
2
ifc-bbfj 2
cbc-bbfj 1
1160
2
jbc-bbga 2
eji-bbga 1
1161
2
hi-bbgb 2
hgd-bbgb 1
1162
1
bafa-bbgc 2
1163
1
bgag-bbgd 2
1164
2
eb-bbge 2
bbff-bbge 1
1166
2
bdai-bbgg 2
gfh-bbgg 1
1168
2
jgi-bbgi 2
bfi-bbgi 1
1169
2
eah-bbgj 2
bejh-bbgj 1
1170
1
begi-bbha 2
1171
1
iec-bbhb 2
1172
1
cbh-bbhc 2
1173
3
bdb-bbhd 2
j-bbhd 1
bced-bbhd 1
1174
4
bbgb-bbhe 2
id-bbhe 1
gfe-bbhe 1
fh-bbhe 1
1175
2
dia-bbhf 2
bfec-bbhf 1
1177
2
beee-bbhh 2
bcjf-bbhh 1
1178
2
hgi-bbhi 2
bfge-bbhi 1
1180
3
ei-bbia 2
edb-bbia 1
ij-bbia 1
1181
1
bdi-bbib 2
1182
2
iab-bbic 2
befc-bbic 1
1183
1
bbdd-bbid 2
1184
3
dee-bbie 2
bbhj-bbie 1
def-bbie 1
1185
1
dcj-bbif 2
1187
1
gc-bbih 2
1188
1
bfgf-bbii 2
1189
2
bbdf-bbij 2
beci-bbij 1
1190
2
fec-bbja 2
bacb-bbja 1
1192
2
ii-bbjc 2
bhc-bbjc 1
1194
1
cbd-bbje 2
1195
3
haj-bbjf 2
jbg-bbjf 1
fcj-bbjf 1
1196
3
bagj-bbjg 2
bbfe-bbjg 1
hjb-bbjg 1
1197
1
bcjb-bbjh 2
1198
1
bch-bbji 2
1199
1
cig-bbjj 2
1200
1
bgb-bcaa 2
1201
2
dfi-bcab 2
gce-bcab 1
1202
2
fa-bcac 2
had-bcac 1
1203
2
bgcb-bcad 2
bdf-bcad 1
1204
1
ibg-bcae 2
1205
2
bcda-bcaf 2
bbha-bcaf 1
1206
1
bgch-bcag 2
1207
1
eed-bcah 2
1208
1
bbcj-bcai 2
1209
1
bbji-bcaj 2
1210
1
ejb-bcba 2
1211
3
die-bcbb 2
bdbj-bcbb 1
hag-bcbb 1
1212
4
bafj-bcbc 2
dbe-bcbc 1
ef-bcbc 1
bcij-bcbc 1
1213
1
baca-bcbd 2
1214
1
bdd-bcbe 2
1216
3
iea-bcbg 2
dbh-bcbg 1
behc-bcbg 1
1217
1
bhg-bcbh 2
1220
2
jfe-bcca 2
behj-bcca 1
1221
2
cid-bccb 2
egb-bccb 1
1222
1
edj-bccc 2
1223
3
bfed-bccd 2
behg-bccd 1
ced-bccd 1
1224
1
iib-bcce 2
1225
2
bfhd-bccf 2
bajb-bccf 1
1226
1
begg-bccg 2
1228
2
hjd-bcci 2
bcae-bcci 1
1229
5
gbe-bccj 2
cfg-bccj 1
hci-bccj 1
bg-bccj 1
bdeb-bccj 1
1230
3
dh-bcda 2
ijd-bcda 1
beii-bcda 1
1231
1
bbeb-bcdb 2
1232
2
bccd-bcdc 2
bfga-bcdc 1
1233
3
bagh-bcdd 2
bdid-bcdd 1
bbfh-bcdd 1
1234
4
beje-bcde 2
bcha-bcde 1
cba-bcde 1
baji-bcde 1
1235
1
bbef-bcdf 2
1236
2
hjc-bcdg 2
chc-bcdg 1
1237
1
faf-bcdh 2
1238
2
cfg-bcdi 2
hee-bcdi 1
1239
1
fdb-bcdj 2
1240
1
becb-bcea 2
1241
1
idj-bceb 2
1243
1
bcjd-bced 2
1244
2
iai-bcee 2
bdja-bcee 1
1245
1
fbj-bcef 2
1246
1
cca-bceg 2
1247
1
bbdf-bceh 2
1248
1
bci-bcei 2
1249
1
jfh-bcej 2
1250
2
jfh-bcfa 2
djh-bcfa 1
1252
1
cig-bcfc 2
1253
2
idg-bcfd 2
beie-bcfd 1
1255
3
begg-bcff 2
hfh-bcff 1
iie-bcff 1
1257
1
egd-bcfh 2
1258
1
ihe-bcfi 2
1259
1
bchb-bcfj 2
1261
2
eai-bcgb 2
jae-bcgb 1
1262
1
beih-bcgc 2
1264
2
baih-bcge 2
bgh-bcge 1
1265
1
bbga-bcgf 2
1266
1
bfhf-bcgg 2
1267
1
bdjg-bcgh 2
1268
1
fca-bcgi 2
1269
2
beae-bcgj 2
bfci-bcgj 1
1271
1
bdfj-bchb 2
1272
1
cej-bchc 2
1273
2
bdaf-bchd 2
jbd-bchd 1
1275
1
bfag-bchf 2
1276
3
bebi-bchg 2
hga-bchg 1
hhj-bchg 1
1277
1
bcjj-bchh 2
1278
1
bcdj-bchi 2
1279
1
jcd-bchj 2
1280
1
bgec-bcia 2
1281
3
bje-bcib 2
bfgd-bcib 1
dde-bcib 1
1284
1
eic-bcie 2
1285
1
bdjb-bcif 2
1286
1
fae-bcig 2
1287
1
cae-bcih 2
1288
1
jeh-bcii 2
1289
1
ebd-bcij 2
1290
3
hhd-bcja 2
ica-bcja 1
bbfi-bcja 1
1291
1
dba-bcjb 2
1293
1
hdf-bcjd 2
1295
3
dde-bcjf 2
bedc-bcjf 1
bdjc-bcjf 1
1296
1
eii-bcjg 2
1297
1
dch-bcjh 2
1299
2
bfgi-bcjj 2
fig-bcjj 1
1300
1
edh-bdaa 2
1301
1
iji-bdab 2
1302
2
cgb-bdac 2
gba-bdac 1
1304
1
bbif-bdae 2
1305
1
ga-bdaf 2
1308
1
baij-bdai 2
1309
1
hed-bdaj 2
1310
1
bbch-bdba 2
1314
1
hh-bdbe 2
1316
3
bfii-bdbg 2
ddc-bdbg 1
hdj-bdbg 1
1317
1
jhg-bdbh 2
1318
1
dbc-bdbi 2
1319
3
gid-bdbj 2
jfa-bdbj 1
dhe-bdbj 1
1321
1
ibj-bdcb 2
1322
2
bdhf-bdcc 2
iig-bdcc 1
1323
1
bdgd-bdcd 2
1324
1
jfc-bdce 2
1325
1
faa-bdcf 2
1326
1
bce-bdcg 2
1327
2
cac-bdch 2
hgc-bdch 1
1329
2
feb-bdcj 2
jjc-bdcj 1
1333
1
bcbf-bddd 2
1336
1
badj-bddg 2
1337
1
bffa-bddh 2
1339
3
bcaf-bddj 2
bbbe-bddj 1
bj-bddj 1
1340
1
dc-bdea 2
1341
2
jaf-bdeb 2
bdif-bdeb 1
1342
3
bfaf-bdec 2
cca-bdec 1
ida-bdec 1
1343
1
befd-bded 2
1344
1
gii-bdee 2
1345
1
hbe-bdef 2
1346
1
bgfb-bdeg 2
1347
1
cfc-bdeh 2
1348
1
bccd-bdei 2
1349
2
jag-bdej 2
bfaa-bdej 1
1350
2
bje-bdfa 2
hdb-bdfa 1
1351
1
ijg-bdfb 2
1353
1
bec-bdfd 2
1354
2
bfeg-bdfe 2
gdf-bdfe 1
1355
1
jga-bdff 2
1356
1
bib-bdfg 2
1357
1
bacc-bdfh 2
1358
2
becc-bdfi 2
jcf-bdfi 1
1359
3
hae-bdfj 2
bbjf-bdfj 1
cdf-bdfj 1
1360
4
ihf-bdga 2
bafa-bdga 1
ehh-bdga 1
begc-bdga 1
1361
2
bead-bdgb 2
hig-bdgb 1
1362
2
eba-bdgc 2
bcbd-bdgc 1
1363
1
gbc-bdgd 2
1364
1
baej-bdge 2
1365
3
bfbe-bdgf 2
fcc-bdgf 1
gdb-bdgf 1
1366
1
fbh-bdgg 2
1367
1
ghj-bdgh 2
1368
2
bdj-bdgi 2
bdjb-bdgi 1
1369
1
bgdi-bdgj 2
1370
2
behi-bdha 2
daj-bdha 1
1371
2
hbh-bdhb 2
haf-bdhb 1
1372
2
bahg-bdhc 2
jei-bdhc 1
1373
2
bcbg-bdhd 2
bae-bdhd 1
1374
4
bagb-bdhe 2
jjj-bdhe 1
ecc-bdhe 1
baia-bdhe 1
1375
2
bfae-bdhf 2
bcdh-bdhf 1
1377
1
bdfd-bdhh 2
1378
3
ccf-bdhi 2
ihe-bdhi 1
hb-bdhi 1
1379
1
iah-bdhj 2
1380
2
jgg-bdia 2
bgff-bdia 1
1381
1
bcfi-bdib 2
1383
1
beh-bdid 2
1385
1
f-bdif 2
1386
1
bdge-bdig 2
1388
2
cch-bdii 2
fbg-bdii 1
1389
1
fbg-bdij 2
1390
2
bbhb-bdja 2
bdeb-bdja 1
1391
1
bchd-bdjb 2
1392
1
bfbb-bdjc 2
1393
1
eca-bdjd 2
1394
1
cge-bdje 2
1395
1
jig-bdjf 2
1396
1
bdef-bdjg 2
1397
1
bfdf-bdjh 2
1398
2
egb-bdji 2
bej-bdji 1
1399
1
bccf-bdjj 2
1403
2
bib-bead 2
bafg-bead 1
1404
1
bdch-beae 2
1406
1
cci-beag 2
1407
1
bgfc-beah 2
1408
1
ida-beai 2
1409
1
dea-beaj 2
1410
2
bbf-beba 2
bbcb-beba 1
1411
1
bgf-bebb 2
1414
1
bccd-bebe 2
1415
2
bbfj-bebf 2
ghb-bebf 1
1416
1
idj-bebg 2
1418
1
fad-bebi 2
1419
1
bbec-bebj 2
1420
1
jjf-beca 2
1421
2
bfbj-becb 2
bcg-becb 1
1422
2
haf-becc 2
bcc-becc 1
1423
2
bbii-becd 2
fba-becd 1
1424
1
fii-bece 2
1425
1
hce-becf 2
1426
1
bagi-becg 2
1428
1
bbgj-beci 2
1429
1
hec-becj 2
1430
3
cbd-beda 2
bfhh-beda 1
bc-beda 1
1432
2
bfaj-bedc 2
baic-bedc 1
1434
2
bbda-bede 2
hf-bede 1
1435
2
ebh-bedf 2
djf-bedf 1
1436
1
jbg-bedg 2
1437
2
bgai-bedh 2
baha-bedh 1
1438
1
iib-bedi 2
1439
1
igd-bedj 2
1441
2
hcf-beeb 2
bbee-beeb 1
1442
1
jba-beec 2
1443
2
becd-beed 2
bfih-beed 1
1444
2
eff-beee 2
hhc-beee 1
1445
2
icf-beef 2
hhf-beef 1
1446
2
he-beeg 2
bdeb-beeg 1
1447
1
bdgc-beeh 2
1450
2
cbc-befa 2
ebe-befa 1
1451
1
babd-befb 2
1453
2
iia-befd 2
dci-befd 1
1454
1
fif-befe 2
1455
1
fid-beff 2
1456
1
bah-befg 2
1459
1
bdgc-befj 2
1460
1
gca-bega 2
1462
1
bgad-begc 2
1463
1
bdgi-begd 2
1466
2
ifb-begg 2
bfai-begg 1
1468
1
cff-begi 2
1469
1
bbfb-begj 2
1470
2
hcj-beha 2
cji-beha 1
1471
1
bfdh-behb 2
1473
1
eda-behd 2
1474
3
bgaa-behe 2
ihd-behe 1
baja-behe 1
1476
1
iei-behg 2
1477
1
bcgg-behh 2
1478
2
bgde-behi 2
bjh-behi 1
1479
1
dcd-behj 2
1481
1
bdaj-beib 2
1482
2
dg-beic 2
bbb-beic 1
1483
2
iai-beid 2
bdje-beid 1
1485
3
gab-beif 2
cii-beif 1
hfb-beif 1
1487
2
ijd-beih 2
dcc-beih 1
1489
1
bah-beij 2
1491
1
bace-bejb 2
1493
1
badc-bejd 2
1494
1
baag-beje 2
1496
1
bcag-bejg 2
1497
1
bdaa-bejh 2
1498
1
dcf-beji 2
1499
1
cdg-bejj 2
1500
1
bhf-bfaa 2
1501
1
fbi-bfab 2
1504
2
ecc-bfae 2
bfah-bfae 1
1505
1
bedh-bfaf 2
1506
1
jai-bfag 2
1507
1
jbf-bfah 2
1509
1
bcjd-bfaj 2
1510
1
bdgg-bfba 2
1511
1
hda-bfbb 2
1512
1
ijd-bfbc 2
1513
2
dcg-bfbd 2
bbjd-bfbd 1
1514
1
behh-bfbe 2
1515
2
efe-bfbf 2
bdga-bfbf 1
1516
1
hih-bfbg 2
1519
1
beif-bfbj 2
1520
1
ghc-bfca 2
1521
2
gaj-bfcb 2
bbba-bfcb 1
1523
3
bdbj-bfcd 2
bcdc-bfcd 1
ggc-bfcd 1
1524
1
jh-bfce 2
1526
3
cjc-bfcg 2
bgdj-bfcg 1
bfgg-bfcg 1
1527
1
bafe-bfch 2
1528
1
fjb-bfci 2
1529
2
gh-bfcj 2
dif-bfcj 1
1531
1
iih-bfdb 2
1532
1
bfbc-bfdc 2
1533
1
bcgh-bfdd 2
1534
1
jgf-bfde 2
1535
1
ddf-bfdf 2
1536
1
bdfi-bfdg 2
1537
1
bdec-bfdh 2
1538
1
fgc-bfdi 2
1539
1
bddd-bfdj 2
1540
1
jdg-bfea 2
1541
1
ggf-bfeb 2
1542
2
bdge-bfec 2
edg-bfec 1
1543
2
iia-bfed 2
iea-bfed 1
1544
2
dae-bfee 2
fhi-bfee 1
1545
3
ied-bfef 2
bgda-bfef 1
faa-bfef 1
1546
1
dfb-bfeg 2
1547
1
fdc-bfeh 2
1550
1
iab-bffa 2
1553
1
egi-bffd 2
1555
1
becg-bfff 2
1556
1
gci-bffg 2
1557
1
ghi-bffh 2
1558
1
ed-bffi 2
1559
1
eda-bffj 2
1561
2
beif-bfgb 2
bcfj-bfgb 1
1562
1
bdac-bfgc 2
1563
1
ihj-bfgd 2
1564
1
chj-bfge 2
1565
1
bgga-bfgf 2
1566
1
ec-bfgg 2
1568
3
bgej-bfgi 2
fea-bfgi 1
bgee-bfgi 1
1570
1
cga-bfha 2
1571
1
bhg-bfhb 2
1572
1
dgd-bfhc 2
1573
1
bdgb-bfhd 2
1574
1
bfi-bfhe 2
1575
2
jjj-bfhf 2
ded-bfhf 1
1576
2
bfhi-bfhg 2
ibi-bfhg 1
1577
1
ibh-bfhh 2
1578
1
ice-bfhi 2
1579
1
gih-bfhj 2
1580
1
df-bfia 2
1582
2
igc-bfic 2
bgfg-bfic 1
1583
1
hfa-bfid 2
1584
1
ceh-bfie 2
1585
2
dfi-bfif 2
caa-bfif 1
1587
1
cif-bfih 2
1588
1
hjg-bfii 2
1589
1
gih-bfij 2
1590
1
bie-bfja 2
1591
1
icj-bfjb 2
1592
1
bej-bfjc 2
1594
1
bfba-bfje 2
1595
1
cdg-bfjf 2
1596
1
bdej-bfjg 2
1600
1
bcdd-bgaa 2
1601
1
fga-bgab 2
1602
1
babg-bgac 2
1603
1
bdba-bgad 2
1604
1
bajd-bgae 2
1606
1
bed-bgag 2
1607
1
bdhi-bgah 2
1608
1
baji-bgai 2
1609
1
egb-bgaj 2
1611
1
dib-bgbb 2
1613
1
bfje-bgbd 2
1614
1
bfhe-bgbe 2
1616
1
dff-bgbg 2
1617
1
bgfh-bgbh 2
1618
1
bfjc-bgbi 2
1619
1
cbj-bgbj 2
1621
1
icd-bgcb 2
1622
2
dga-bgcc 2
bdbe-bgcc 1
1625
1
cib-bgcf 2
1626
1
cba-bgcg 2
1627
1
cga-bgch 2
1628
2
hje-bgci 2
bda-bgci 1
1629
1
beeg-bgcj 2
1630
1
bcai-bgda 2
1631
1
jdd-bgdb 2
1632
1
gbb-bgdc 2
1633
2
ede-bgdd 2
bhf-bgdd 1
1634
1
beic-bgde 2
1635
1
bbia-bgdf 2
1636
1
baf-bgdg 2
1638
1
bach-bgdi 2
1639
1
jdb-bgdj 2
1640
1
bcia-bgea 2
1641
1
ega-bgeb 2
1642
2
bacg-bgec 2
djd-bgec 1
1643
1
behi-bged 2
1644
1
hjf-bgee 2
1645
1
fed-bgef 2
1647
1
bece-bgeh 2
1649
1
jej-bgej 2
1650
1
bddj-bgfa 2
1652
1
bfjg-bgfc 2
1653
1
gif-bgfd 2
1655
1
bcgh-bgff 2
1656
1
bce-bgfg 2
1657
1
bgbi-bgfh 2
1658
1
bie-bgfi 2
1659
1
eef-bgfj 2
1660
1
bdhi-bgga 2